#
# A fatal error has been detected by the Java Runtime Environment:
#
#  EXCEPTION_ACCESS_VIOLATION (0xc0000005) at pc=0x00007ffd00000113, pid=11052, tid=2248
#
# JRE version: OpenJDK Runtime Environment Temurin-21.0.7+6 (21.0.7+6) (build 21.0.7+6-LTS)
# Java VM: OpenJDK 64-Bit Server VM Temurin-21.0.7+6 (21.0.7+6-LTS, mixed mode, sharing, tiered, compressed oops, compressed class ptrs, parallel gc, windows-amd64)
# Problematic frame:
# C  0x0000017c6643aed0
#
# No core dump will be written. Minidumps are not enabled by default on client versions of Windows
#
# If you would like to submit a bug report, please visit:
#   https://github.com/adoptium/adoptium-support/issues
#

---------------  S U M M A R Y ------------

Command Line: --add-modules=ALL-SYSTEM --add-opens=java.base/java.util=ALL-UNNAMED --add-opens=java.base/java.lang=ALL-UNNAMED --add-opens=java.base/sun.nio.fs=ALL-UNNAMED -Declipse.application=org.eclipse.jdt.ls.core.id1 -Dosgi.bundles.defaultStartLevel=4 -Declipse.product=org.eclipse.jdt.ls.core.product -Djava.import.generatesMetadataFilesAtProjectRoot=false -DDetectVMInstallationsJob.disabled=true -Dfile.encoding=utf8 -XX:+UseParallelGC -XX:GCTimeRatio=4 -XX:AdaptiveSizePolicyWeight=90 -Dsun.zip.disableMemoryMapping=true -Xmx1G -Xms100m -Xlog:disable -javaagent:c:\Users\Rajesh\.vscode\extensions\redhat.java-1.42.0-win32-x64\lombok\lombok-1.18.36.jar -XX:+HeapDumpOnOutOfMemoryError -XX:HeapDumpPath=c:\Users\Rajesh\AppData\Roaming\Code\User\workspaceStorage\c29aa8bb4839d2f3d03f6326ebb57fc2\redhat.java -Daether.dependencyCollector.impl=bf c:\Users\Rajesh\.vscode\extensions\redhat.java-1.42.0-win32-x64\server\plugins\org.eclipse.equinox.launcher_1.7.0.v20250424-1814.jar -configuration c:\Users\Rajesh\AppData\Roaming\Code\User\globalStorage\redhat.java\1.42.0\config_win -data c:\Users\Rajesh\AppData\Roaming\Code\User\workspaceStorage\c29aa8bb4839d2f3d03f6326ebb57fc2\redhat.java\jdt_ws --pipe=\\.\pipe\lsp-e8d6d7ec1ebf08758f97d2e7a912c3bc-sock

Host: Intel(R) Core(TM) i9-14900K, 32 cores, 31G,  Windows 11 , 64 bit Build 22621 (10.0.22621.3958)
Time: Sun Jun  8 20:56:10 2025 India Standard Time elapsed time: 10.065048 seconds (0d 0h 0m 10s)

---------------  T H R E A D  ---------------

Current thread (0x0000017c7027e2f0):  JavaThread "C2 CompilerThread3" daemon [_thread_in_native, id=2248, stack(0x000000199be00000,0x000000199bf00000) (1024K)]


Current CompileTask:
C2:10065 13229 % !   4       org.eclipse.jdt.internal.core.JarPackageFragmentRoot::computeChildren @ 246 (605 bytes)

Stack: [0x000000199be00000,0x000000199bf00000],  sp=0x000000199befc028,  free space=1008k
Native frames: (J=compiled Java code, j=interpreted, Vv=VM code, C=native code)
C  0x00007ffd00000113


siginfo: EXCEPTION_ACCESS_VIOLATION (0xc0000005), data execution prevention violation at address 0x00007ffd00000113


Registers:
RAX=0x0000017c7f08b760, RBX=0x0000017c6643aed0, RCX=0x0000000000000000, RDX=0x0000017c6643aed0
RSP=0x000000199befc020, RBP=0x0000017c66474f18, RSI=0x00007ffded825436, RDI=0x0000017c00000051
R8 =0x0000017c7f08b7b8, R9 =0x0000017c7f08b7b8, R10=0x0000000000000002, R11=0x000000199befc4f0
R12=0x0000017c6643aed0, R13=0x0000000000000113, R14=0x0000000000000017, R15=0x0000017c66474fb8
RIP=0x00007ffd00000113, EFLAGS=0x0000000000010202

XMM[0]=0x0000000000000000 0x0000000000000000
XMM[1]=0x0000000000000000 0x0000017c70ee4f48
XMM[2]=0x0000017c7eb09928 0x0000017c66474148
XMM[3]=0x0000017c7ee41758 0x0000017c7ee41758
XMM[4]=0x0000017c7ee42e80 0x0000017c7ee42e80
XMM[5]=0x0000017c700cd688 0x0000017c73c35448
XMM[6]=0x0000000000000000 0x0000000000000000
XMM[7]=0x0000000000000000 0x0000000000000000
XMM[8]=0x0000000000000000 0x0000000000000000
XMM[9]=0x0000000000000000 0x0000000000000000
XMM[10]=0x0000000000000000 0x0000000000000000
XMM[11]=0x0000000000000000 0x0000000000000000
XMM[12]=0x0000000000000000 0x0000000000000000
XMM[13]=0x0000000000000000 0x0000000000000000
XMM[14]=0x0000000000000000 0x0000000000000000
XMM[15]=0x0000000000000000 0x0000000000000000
  MXCSR=0x00001fa0


Register to memory mapping:

RAX=0x0000017c7f08b760 points into unknown readable memory: 0x00007ffdedb15e40 | 40 5e b1 ed fd 7f 00 00
RBX=0x0000017c6643aed0 points into unknown readable memory: 0x00007ffdedbdde70 | 70 de bd ed fd 7f 00 00
RCX=0x0 is null
RDX=0x0000017c6643aed0 points into unknown readable memory: 0x00007ffdedbdde70 | 70 de bd ed fd 7f 00 00
RSP=0x000000199befc020 is pointing into the stack for thread: 0x0000017c7027e2f0
RBP=0x0000017c66474f18 points into unknown readable memory: 0x00007ffdedb117f0 | f0 17 b1 ed fd 7f 00 00
RSI=0x00007ffded825436 jvm.dll
RDI=0x0000017c00000051 points into unknown readable memory: 00 00 00 03 00 00 00
R8 =0x0000017c7f08b7b8 points into unknown readable memory: 0x0000017c7f08b608 | 08 b6 08 7f 7c 01 00 00
R9 =0x0000017c7f08b7b8 points into unknown readable memory: 0x0000017c7f08b608 | 08 b6 08 7f 7c 01 00 00
R10=0x0000000000000002 is an unknown value
R11=0x000000199befc4f0 is pointing into the stack for thread: 0x0000017c7027e2f0
R12=0x0000017c6643aed0 points into unknown readable memory: 0x00007ffdedbdde70 | 70 de bd ed fd 7f 00 00
R13=0x0000000000000113 is an unknown value
R14=0x0000000000000017 is an unknown value
R15=0x0000017c66474fb8 points into unknown readable memory: 0x00007ffdedb10cd0 | d0 0c b1 ed fd 7f 00 00

Top of Stack: (sp=0x000000199befc020)
0x000000199befc020:   0000017c6643aed0 00007ffded825436
0x000000199befc030:   0000017c66474f68 0000000000000000
0x000000199befc040:   0000017c70ee67e0 0000000000000170
0x000000199befc050:   0000017c7e9464c0 0000000000000000
0x000000199befc060:   0000000000000000 000000199befc4f0
0x000000199befc070:   0000000000000920 00007ffded8275e0
0x000000199befc080:   0000017c00000051 0000017c66474f18
0x000000199befc090:   000000000000091f 0000017c6643aed0
0x000000199befc0a0:   000000199befc4f0 00007ffded825ad3
0x000000199befc0b0:   000000199befe4e0 0000017c66474f18
0x000000199befc0c0:   0000017c70e4ba38 000000000034c748
0x000000199befc0d0:   0000000000000000 000000199befe4e0
0x000000199befc0e0:   0000017c7cc886b0 00007ffded380cee
0x000000199befc0f0:   000000199befc4f0 0000017c7cc8f390
0x000000199befc100:   0000017c7367baa0 000000199befc1f0
0x000000199befc110:   00007ffdedb3e2e0 00007ffd0000000e
0x000000199befc120:   000000199befe4e0 000000199befe610
0x000000199befc130:   0000017c00004000 0000017c7111e590
0x000000199befc140:   0000000000000000 000000199befc4f0
0x000000199befc150:   0000017c7cc8f3e8 0000017c73d923d0
0x000000199befc160:   00000019000031d8 0000000000000000
0x000000199befc170:   0000017c00085700 0000017c7367baa0
0x000000199befc180:   0000017c00000004 0000017c7cc8f390
0x000000199befc190:   0000000000000000 0000017c7367baa0
0x000000199befc1a0:   0000000000000004 0000017c7cc8f3b0
0x000000199befc1b0:   0000001900000004 00004000000031d2
0x000000199befc1c0:   0000017c012d4040 0000000000000000
0x000000199befc1d0:   0000400000000000 0000017c010996b0
0x000000199befc1e0:   0000017c737fce80 0000017c70e47528
0x000000199befc1f0:   0000000000000000 00000000ffffffff
0x000000199befc200:   0000000000000000 000000199befc4f0
0x000000199befc210:   0000000000000020 0000000000000070 

Instructions: (pc=0x0000017c6643aed0)
0x0000017c6643add0:   03 00 00 00 00 00 00 00 ff ff ff 7f 00 00 00 00
0x0000017c6643ade0:   70 de bd ed fd 7f 00 00 88 ae 43 66 7c 01 00 00
0x0000017c6643adf0:   03 00 00 00 00 00 00 00 00 00 00 00 00 00 00 00
0x0000017c6643ae00:   01 00 00 00 ff ff ff 7f 40 a8 43 66 7c 01 00 00
0x0000017c6643ae10:   40 a8 43 66 7c 01 00 00 30 a9 43 66 7c 01 00 00
0x0000017c6643ae20:   30 a9 43 66 7c 01 00 00 f0 a9 43 66 7c 01 00 00
0x0000017c6643ae30:   f0 a9 43 66 7c 01 00 00 58 aa 43 66 7c 01 00 00
0x0000017c6643ae40:   58 aa 43 66 7c 01 00 00 e0 ad 43 66 7c 01 00 00
0x0000017c6643ae50:   e0 ad 43 66 7c 01 00 00 20 b0 43 66 7c 01 00 00
0x0000017c6643ae60:   20 b0 43 66 7c 01 00 00 e0 b1 43 66 7c 01 00 00
0x0000017c6643ae70:   e0 b1 43 66 7c 01 00 00 f0 b2 43 66 7c 01 00 00
0x0000017c6643ae80:   f0 b2 43 66 7c 01 00 00 70 de bd ed fd 7f 00 00
0x0000017c6643ae90:   e0 ad 43 66 7c 01 00 00 03 00 00 00 00 00 00 00
0x0000017c6643aea0:   03 00 00 00 00 00 00 00 ff ff ff 7f 01 00 00 00
0x0000017c6643aeb0:   88 ae 43 66 7c 01 00 00 88 ae 43 66 7c 01 00 00
0x0000017c6643aec0:   48 b0 43 66 7c 01 00 00 48 b0 43 66 7c 01 00 00
0x0000017c6643aed0:   70 de bd ed fd 7f 00 00 f8 ae 43 66 7c 01 00 00
0x0000017c6643aee0:   03 00 00 00 03 00 00 00 03 00 ff ff ff ff ff ff
0x0000017c6643aef0:   00 00 00 80 ff ff ff 7f 70 de bd ed fd 7f 00 00
0x0000017c6643af00:   d0 ae 43 66 7c 01 00 00 03 00 00 00 00 00 00 00
0x0000017c6643af10:   00 00 43 66 7c 01 00 00 ff ff ff 7f 00 00 00 80
0x0000017c6643af20:   28 a3 43 66 7c 01 00 00 28 a3 43 66 7c 01 00 00
0x0000017c6643af30:   80 aa 43 66 7c 01 00 00 80 aa 43 66 7c 01 00 00
0x0000017c6643af40:   a8 aa 43 66 7c 01 00 00 a8 aa 43 66 7c 01 00 00
0x0000017c6643af50:   10 ab 43 66 7c 01 00 00 10 ab 43 66 7c 01 00 00
0x0000017c6643af60:   a0 ab 43 66 7c 01 00 00 a0 ab 43 66 7c 01 00 00
0x0000017c6643af70:   70 ac 43 66 7c 01 00 00 70 ac 43 66 7c 01 00 00
0x0000017c6643af80:   40 ad 43 66 7c 01 00 00 40 ad 43 66 7c 01 00 00
0x0000017c6643af90:   90 ad 43 66 7c 01 00 00 90 ad 43 66 7c 01 00 00
0x0000017c6643afa0:   f8 ae 43 66 7c 01 00 00 f8 ae 43 66 7c 01 00 00
0x0000017c6643afb0:   70 b0 43 66 7c 01 00 00 70 b0 43 66 7c 01 00 00
0x0000017c6643afc0:   10 b1 43 66 7c 01 00 00 10 b1 43 66 7c 01 00 00 


Stack slot to memory mapping:

stack at sp + 0 slots: 0x00007ffded825436 jvm.dll
stack at sp + 1 slots: 0x0000017c66474f68 points into unknown readable memory: 0x00007ffdedb164c8 | c8 64 b1 ed fd 7f 00 00
stack at sp + 2 slots: 0x0 is null
stack at sp + 3 slots: 0x0000017c70ee67e0 points into unknown readable memory: 0x00007ffdedba2728 | 28 27 ba ed fd 7f 00 00
stack at sp + 4 slots: 0x0000000000000170 is an unknown value
stack at sp + 5 slots: 0x0000017c7e9464c0 points into unknown readable memory: 0x0000017c7027e2f0 | f0 e2 27 70 7c 01 00 00
stack at sp + 6 slots: 0x0 is null
stack at sp + 7 slots: 0x0 is null


---------------  P R O C E S S  ---------------

Threads class SMR info:
_java_thread_list=0x0000017c6f8be9a0, length=125, elements={
0x0000017c0f79ba80, 0x0000017c663d2370, 0x0000017c23b8d480, 0x0000017c663d73d0,
0x0000017c663da1a0, 0x0000017c663db810, 0x0000017c663dc580, 0x0000017c663ee510,
0x0000017c663ef3b0, 0x0000017c66492790, 0x0000017c66515e80, 0x0000017c6e04c0f0,
0x0000017c6e055620, 0x0000017c6e1616c0, 0x0000017c6ece3eb0, 0x0000017c6f324fe0,
0x0000017c6f27e9c0, 0x0000017c6f02ae00, 0x0000017c6f2f8fd0, 0x0000017c6f2fa380,
0x0000017c6f2f8940, 0x0000017c6f2f9cf0, 0x0000017c6f2f82b0, 0x0000017c6f2f9660,
0x0000017c6f2f7590, 0x0000017c702ba060, 0x0000017c702bdb70, 0x0000017c702be890,
0x0000017c702bef20, 0x0000017c702c02d0, 0x0000017c702bce50, 0x0000017c702b9340,
0x0000017c702b99d0, 0x0000017c702bc7c0, 0x0000017c702bf5b0, 0x0000017c702c0960,
0x0000017c702ba6f0, 0x0000017c702bad80, 0x0000017c702bfc40, 0x0000017c702bb410,
0x0000017c702be200, 0x0000017c702bc130, 0x0000017c702bd4e0, 0x0000017c702bbaa0,
0x0000017c7070e0e0, 0x0000017c70710840, 0x0000017c707101b0, 0x0000017c70712280,
0x0000017c7070da50, 0x0000017c7070cd30, 0x0000017c7070d3c0, 0x0000017c70711560,
0x0000017c7070e770, 0x0000017c70711bf0, 0x0000017c70712910, 0x0000017c70710ed0,
0x0000017c7070ee00, 0x0000017c7070f490, 0x0000017c70712fa0, 0x0000017c70713630,
0x0000017c70713cc0, 0x0000017c70714350, 0x0000017c7070fb20, 0x0000017c705c5a90,
0x0000017c705ca950, 0x0000017c705ca2c0, 0x0000017c705cc390, 0x0000017c705cafe0,
0x0000017c705c8880, 0x0000017c705cca20, 0x0000017c705c95a0, 0x0000017c705c9c30,
0x0000017c705c81f0, 0x0000017c705cd0b0, 0x0000017c705cb670, 0x0000017c705c6120,
0x0000017c705c74d0, 0x0000017c705c6e40, 0x0000017c705c67b0, 0x0000017c705c8f10,
0x0000017c016a47c0, 0x0000017c016a75b0, 0x0000017c016a4e50, 0x0000017c016a6200,
0x0000017c016a8ff0, 0x0000017c016aaa30, 0x0000017c016a7c40, 0x0000017c724143a0,
0x0000017c016a82d0, 0x0000017c016a54e0, 0x0000017c016aa3a0, 0x0000017c72410d20,
0x0000017c7027e2f0, 0x0000017c016a3aa0, 0x0000017c016a8960, 0x0000017c016ab0c0,
0x0000017c016a4130, 0x0000017c016a5b70, 0x0000017c016a6890, 0x0000017c70280bd0,
0x0000017c7027e9c0, 0x0000017c7027d550, 0x0000017c6f2f7c20, 0x0000017c7e7e3320,
0x0000017c7e7e39b0, 0x0000017c7e7e6110, 0x0000017c7e7e67a0, 0x0000017c7e7df810,
0x0000017c7e7e46d0, 0x0000017c7e7e2600, 0x0000017c7e7e0bc0, 0x0000017c7e7e18e0,
0x0000017c7e7e0530, 0x0000017c7e7e2c90, 0x0000017c7e7e1250, 0x0000017c7e7e1f70,
0x0000017c7e7e4040, 0x0000017c7e7e4d60, 0x0000017c7e7e53f0, 0x0000017c7e7e5a80,
0x0000017c7e7e6e30, 0x0000017c7e7dfea0, 0x0000017c712be260, 0x0000017c712bf610,
0x0000017c712b9a30
}

Java Threads: ( => current thread )
  0x0000017c0f79ba80 JavaThread "main"                              [_thread_blocked, id=2520, stack(0x0000001999700000,0x0000001999800000) (1024K)]
  0x0000017c663d2370 JavaThread "Reference Handler"          daemon [_thread_blocked, id=2352, stack(0x0000001999b00000,0x0000001999c00000) (1024K)]
  0x0000017c23b8d480 JavaThread "Finalizer"                  daemon [_thread_blocked, id=16676, stack(0x0000001999c00000,0x0000001999d00000) (1024K)]
  0x0000017c663d73d0 JavaThread "Signal Dispatcher"          daemon [_thread_blocked, id=7952, stack(0x0000001999d00000,0x0000001999e00000) (1024K)]
  0x0000017c663da1a0 JavaThread "Attach Listener"            daemon [_thread_blocked, id=16416, stack(0x0000001999e00000,0x0000001999f00000) (1024K)]
  0x0000017c663db810 JavaThread "Service Thread"             daemon [_thread_blocked, id=16996, stack(0x0000001999f00000,0x000000199a000000) (1024K)]
  0x0000017c663dc580 JavaThread "Monitor Deflation Thread"   daemon [_thread_blocked, id=10588, stack(0x000000199a000000,0x000000199a100000) (1024K)]
  0x0000017c663ee510 JavaThread "C2 CompilerThread0"         daemon [_thread_blocked, id=2572, stack(0x000000199a100000,0x000000199a200000) (1024K)]
  0x0000017c663ef3b0 JavaThread "C1 CompilerThread0"         daemon [_thread_blocked, id=6012, stack(0x000000199a200000,0x000000199a300000) (1024K)]
  0x0000017c66492790 JavaThread "C1 CompilerThread1"         daemon [_thread_blocked, id=6056, stack(0x000000199a300000,0x000000199a400000) (1024K)]
  0x0000017c66515e80 JavaThread "Common-Cleaner"             daemon [_thread_blocked, id=12396, stack(0x000000199a400000,0x000000199a500000) (1024K)]
  0x0000017c6e04c0f0 JavaThread "C1 CompilerThread2"         daemon [_thread_blocked, id=4960, stack(0x000000199a600000,0x000000199a700000) (1024K)]
  0x0000017c6e055620 JavaThread "C1 CompilerThread3"         daemon [_thread_blocked, id=4968, stack(0x000000199a700000,0x000000199a800000) (1024K)]
  0x0000017c6e1616c0 JavaThread "Notification Thread"        daemon [_thread_blocked, id=12384, stack(0x000000199a900000,0x000000199aa00000) (1024K)]
  0x0000017c6ece3eb0 JavaThread "Active Thread: Equinox Container: 061f59d3-909a-4923-a1f3-c918c715d66f"        [_thread_blocked, id=13976, stack(0x000000199b400000,0x000000199b500000) (1024K)]
  0x0000017c6f324fe0 JavaThread "Refresh Thread: Equinox Container: 061f59d3-909a-4923-a1f3-c918c715d66f" daemon [_thread_blocked, id=16220, stack(0x000000199b600000,0x000000199b700000) (1024K)]
  0x0000017c6f27e9c0 JavaThread "Framework Event Dispatcher: Equinox Container: 061f59d3-909a-4923-a1f3-c918c715d66f" daemon [_thread_blocked, id=14176, stack(0x000000199b700000,0x000000199b800000) (1024K)]
  0x0000017c6f02ae00 JavaThread "Start Level: Equinox Container: 061f59d3-909a-4923-a1f3-c918c715d66f" daemon [_thread_blocked, id=4832, stack(0x000000199b800000,0x000000199b900000) (1024K)]
  0x0000017c6f2f8fd0 JavaThread "Bundle File Closer"         daemon [_thread_blocked, id=4296, stack(0x000000199bc00000,0x000000199bd00000) (1024K)]
  0x0000017c6f2fa380 JavaThread "SCR Component Actor"        daemon [_thread_blocked, id=6228, stack(0x000000199bd00000,0x000000199be00000) (1024K)]
  0x0000017c6f2f8940 JavaThread "Worker-JM"                         [_thread_blocked, id=5884, stack(0x000000199c000000,0x000000199c100000) (1024K)]
  0x0000017c6f2f9cf0 JavaThread "JNA Cleaner"                daemon [_thread_blocked, id=12376, stack(0x000000199c300000,0x000000199c400000) (1024K)]
  0x0000017c6f2f82b0 JavaThread "Worker-0"                          [_thread_blocked, id=10724, stack(0x000000199c400000,0x000000199c500000) (1024K)]
  0x0000017c6f2f9660 JavaThread "Worker-1"                          [_thread_blocked, id=4568, stack(0x000000199c500000,0x000000199c600000) (1024K)]
  0x0000017c6f2f7590 JavaThread "Java indexing"              daemon [_thread_blocked, id=14032, stack(0x000000199cb00000,0x000000199cc00000) (1024K)]
  0x0000017c702ba060 JavaThread "Worker-2"                          [_thread_blocked, id=16796, stack(0x000000199cf00000,0x000000199d000000) (1024K)]
  0x0000017c702bdb70 JavaThread "Worker-3"                          [_thread_blocked, id=13856, stack(0x000000199d300000,0x000000199d400000) (1024K)]
  0x0000017c702be890 JavaThread "Thread-2"                   daemon [_thread_in_native, id=4444, stack(0x000000199d400000,0x000000199d500000) (1024K)]
  0x0000017c702bef20 JavaThread "Thread-3"                   daemon [_thread_in_native, id=12260, stack(0x000000199d500000,0x000000199d600000) (1024K)]
  0x0000017c702c02d0 JavaThread "Thread-4"                   daemon [_thread_in_native, id=14424, stack(0x000000199d600000,0x000000199d700000) (1024K)]
  0x0000017c702bce50 JavaThread "Thread-5"                   daemon [_thread_in_native, id=12428, stack(0x000000199d700000,0x000000199d800000) (1024K)]
  0x0000017c702b9340 JavaThread "Thread-6"                   daemon [_thread_in_native, id=5820, stack(0x000000199d800000,0x000000199d900000) (1024K)]
  0x0000017c702b99d0 JavaThread "Thread-7"                   daemon [_thread_in_native, id=13008, stack(0x000000199d900000,0x000000199da00000) (1024K)]
  0x0000017c702bc7c0 JavaThread "Thread-8"                   daemon [_thread_in_native, id=5880, stack(0x000000199da00000,0x000000199db00000) (1024K)]
  0x0000017c702bf5b0 JavaThread "Thread-9"                   daemon [_thread_in_native, id=6072, stack(0x000000199db00000,0x000000199dc00000) (1024K)]
  0x0000017c702c0960 JavaThread "Thread-10"                  daemon [_thread_in_native, id=15848, stack(0x000000199dc00000,0x000000199dd00000) (1024K)]
  0x0000017c702ba6f0 JavaThread "Thread-11"                  daemon [_thread_in_native, id=15500, stack(0x000000199dd00000,0x000000199de00000) (1024K)]
  0x0000017c702bad80 JavaThread "Thread-12"                  daemon [_thread_in_native, id=8896, stack(0x000000199de00000,0x000000199df00000) (1024K)]
  0x0000017c702bfc40 JavaThread "Thread-13"                  daemon [_thread_in_native, id=15788, stack(0x000000199df00000,0x000000199e000000) (1024K)]
  0x0000017c702bb410 JavaThread "Thread-14"                  daemon [_thread_in_native, id=10164, stack(0x000000199e000000,0x000000199e100000) (1024K)]
  0x0000017c702be200 JavaThread "Thread-15"                  daemon [_thread_in_native, id=13216, stack(0x000000199e100000,0x000000199e200000) (1024K)]
  0x0000017c702bc130 JavaThread "Thread-16"                  daemon [_thread_in_native, id=3836, stack(0x000000199e200000,0x000000199e300000) (1024K)]
  0x0000017c702bd4e0 JavaThread "Thread-17"                  daemon [_thread_in_native, id=16820, stack(0x000000199e300000,0x000000199e400000) (1024K)]
  0x0000017c702bbaa0 JavaThread "Thread-18"                  daemon [_thread_in_native, id=3628, stack(0x000000199e400000,0x000000199e500000) (1024K)]
  0x0000017c7070e0e0 JavaThread "Thread-19"                  daemon [_thread_in_native, id=15544, stack(0x000000199e500000,0x000000199e600000) (1024K)]
  0x0000017c70710840 JavaThread "Thread-20"                  daemon [_thread_in_native, id=17016, stack(0x000000199e600000,0x000000199e700000) (1024K)]
  0x0000017c707101b0 JavaThread "Thread-21"                  daemon [_thread_in_native, id=12332, stack(0x000000199e700000,0x000000199e800000) (1024K)]
  0x0000017c70712280 JavaThread "Thread-22"                  daemon [_thread_in_native, id=16816, stack(0x000000199e800000,0x000000199e900000) (1024K)]
  0x0000017c7070da50 JavaThread "Thread-23"                  daemon [_thread_in_native, id=16872, stack(0x000000199e900000,0x000000199ea00000) (1024K)]
  0x0000017c7070cd30 JavaThread "Thread-24"                  daemon [_thread_in_native, id=15820, stack(0x000000199ea00000,0x000000199eb00000) (1024K)]
  0x0000017c7070d3c0 JavaThread "Thread-25"                  daemon [_thread_in_native, id=10664, stack(0x000000199eb00000,0x000000199ec00000) (1024K)]
  0x0000017c70711560 JavaThread "Thread-26"                  daemon [_thread_in_native, id=16868, stack(0x000000199ec00000,0x000000199ed00000) (1024K)]
  0x0000017c7070e770 JavaThread "Thread-27"                  daemon [_thread_in_native, id=16284, stack(0x000000199ed00000,0x000000199ee00000) (1024K)]
  0x0000017c70711bf0 JavaThread "Thread-28"                  daemon [_thread_in_native, id=16928, stack(0x000000199ee00000,0x000000199ef00000) (1024K)]
  0x0000017c70712910 JavaThread "Thread-29"                  daemon [_thread_in_native, id=15936, stack(0x000000199ef00000,0x000000199f000000) (1024K)]
  0x0000017c70710ed0 JavaThread "Thread-30"                  daemon [_thread_in_native, id=16772, stack(0x000000199f000000,0x000000199f100000) (1024K)]
  0x0000017c7070ee00 JavaThread "Thread-31"                  daemon [_thread_in_native, id=16952, stack(0x000000199f100000,0x000000199f200000) (1024K)]
  0x0000017c7070f490 JavaThread "Thread-32"                  daemon [_thread_in_native, id=16692, stack(0x000000199f200000,0x000000199f300000) (1024K)]
  0x0000017c70712fa0 JavaThread "Thread-33"                  daemon [_thread_in_native, id=3832, stack(0x000000199f300000,0x000000199f400000) (1024K)]
  0x0000017c70713630 JavaThread "Thread-34"                  daemon [_thread_in_native, id=10420, stack(0x000000199f400000,0x000000199f500000) (1024K)]
  0x0000017c70713cc0 JavaThread "pool-2-thread-1"                   [_thread_blocked, id=14360, stack(0x000000199f500000,0x000000199f600000) (1024K)]
  0x0000017c70714350 JavaThread "WorkspaceEventsHandler"            [_thread_blocked, id=6300, stack(0x000000199f600000,0x000000199f700000) (1024K)]
  0x0000017c7070fb20 JavaThread "pool-1-thread-1"                   [_thread_blocked, id=3924, stack(0x000000199f700000,0x000000199f800000) (1024K)]
  0x0000017c705c5a90 JavaThread "Worker-4"                          [_thread_blocked, id=1404, stack(0x000000199fc00000,0x000000199fd00000) (1024K)]
  0x0000017c705ca950 JavaThread "LocalFile Deleter"          daemon [_thread_blocked, id=16448, stack(0x000000199fd00000,0x000000199fe00000) (1024K)]
  0x0000017c705ca2c0 JavaThread "LocalFile Deleter"          daemon [_thread_blocked, id=16652, stack(0x000000199fe00000,0x000000199ff00000) (1024K)]
  0x0000017c705cc390 JavaThread "LocalFile Deleter"          daemon [_thread_blocked, id=16648, stack(0x000000199ff00000,0x00000019a0000000) (1024K)]
  0x0000017c705cafe0 JavaThread "LocalFile Deleter"          daemon [_thread_blocked, id=16832, stack(0x00000019a0000000,0x00000019a0100000) (1024K)]
  0x0000017c705c8880 JavaThread "LocalFile Deleter"          daemon [_thread_blocked, id=16696, stack(0x00000019a0100000,0x00000019a0200000) (1024K)]
  0x0000017c705cca20 JavaThread "LocalFile Deleter"          daemon [_thread_blocked, id=14828, stack(0x00000019a0200000,0x00000019a0300000) (1024K)]
  0x0000017c705c95a0 JavaThread "LocalFile Deleter"          daemon [_thread_blocked, id=7840, stack(0x00000019a0300000,0x00000019a0400000) (1024K)]
  0x0000017c705c9c30 JavaThread "LocalFile Deleter"          daemon [_thread_blocked, id=14836, stack(0x00000019a0400000,0x00000019a0500000) (1024K)]
  0x0000017c705c81f0 JavaThread "LocalFile Deleter"          daemon [_thread_blocked, id=14832, stack(0x00000019a0500000,0x00000019a0600000) (1024K)]
  0x0000017c705cd0b0 JavaThread "LocalFile Deleter"          daemon [_thread_blocked, id=4424, stack(0x00000019a0600000,0x00000019a0700000) (1024K)]
  0x0000017c705cb670 JavaThread "LocalFile Deleter"          daemon [_thread_blocked, id=15204, stack(0x00000019a0700000,0x00000019a0800000) (1024K)]
  0x0000017c705c6120 JavaThread "LocalFile Deleter"          daemon [_thread_blocked, id=13832, stack(0x00000019a0800000,0x00000019a0900000) (1024K)]
  0x0000017c705c74d0 JavaThread "LocalFile Deleter"          daemon [_thread_blocked, id=15212, stack(0x00000019a0900000,0x00000019a0a00000) (1024K)]
  0x0000017c705c6e40 JavaThread "LocalFile Deleter"          daemon [_thread_blocked, id=14064, stack(0x00000019a0a00000,0x00000019a0b00000) (1024K)]
  0x0000017c705c67b0 JavaThread "Compiler Source File Reader" daemon [_thread_blocked, id=10384, stack(0x00000019a0b00000,0x00000019a0c00000) (1024K)]
  0x0000017c705c8f10 JavaThread "Compiler Source File Reader" daemon [_thread_blocked, id=15200, stack(0x00000019a0c00000,0x00000019a0d00000) (1024K)]
  0x0000017c016a47c0 JavaThread "Worker-5"                          [_thread_blocked, id=15612, stack(0x00000019a0d00000,0x00000019a0e00000) (1024K)]
  0x0000017c016a75b0 JavaThread "Compiler Processing Task"   daemon [_thread_blocked, id=14528, stack(0x00000019a0e00000,0x00000019a0f00000) (1024K)]
  0x0000017c016a4e50 JavaThread "Compiler Class File Writer" daemon [_thread_blocked, id=5500, stack(0x00000019a0f00000,0x00000019a1000000) (1024K)]
  0x0000017c016a6200 JavaThread "Compiler Class File Writer" daemon [_thread_blocked, id=13872, stack(0x00000019a1000000,0x00000019a1100000) (1024K)]
  0x0000017c016a8ff0 JavaThread "Compiler Class File Writer" daemon [_thread_blocked, id=16768, stack(0x00000019a1100000,0x00000019a1200000) (1024K)]
  0x0000017c016aaa30 JavaThread "Compiler Source File Reader" daemon [_thread_blocked, id=16624, stack(0x00000019a1200000,0x00000019a1300000) (1024K)]
  0x0000017c016a7c40 JavaThread "Compiler Source File Reader" daemon [_thread_blocked, id=11916, stack(0x000000199a500000,0x000000199a600000) (1024K)]
  0x0000017c724143a0 JavaThread "C2 CompilerThread1"         daemon [_thread_blocked, id=13228, stack(0x000000199a800000,0x000000199a900000) (1024K)]
  0x0000017c016a82d0 JavaThread "ForkJoinPool.commonPool-worker-1" daemon [_thread_blocked, id=15648, stack(0x000000199aa00000,0x000000199ab00000) (1024K)]
  0x0000017c016a54e0 JavaThread "ForkJoinPool.commonPool-worker-2" daemon [_thread_blocked, id=16320, stack(0x000000199ab00000,0x000000199ac00000) (1024K)]
  0x0000017c016aa3a0 JavaThread "ForkJoinPool.commonPool-worker-3" daemon [_thread_blocked, id=1164, stack(0x000000199b200000,0x000000199b300000) (1024K)]
  0x0000017c72410d20 JavaThread "C2 CompilerThread2"         daemon [_thread_blocked, id=3256, stack(0x000000199b300000,0x000000199b400000) (1024K)]
=>0x0000017c7027e2f0 JavaThread "C2 CompilerThread3"         daemon [_thread_in_native, id=2248, stack(0x000000199be00000,0x000000199bf00000) (1024K)]
  0x0000017c016a3aa0 JavaThread "ForkJoinPool.commonPool-worker-4" daemon [_thread_blocked, id=16728, stack(0x000000199f800000,0x000000199f900000) (1024K)]
  0x0000017c016a8960 JavaThread "ForkJoinPool.commonPool-worker-5" daemon [_thread_blocked, id=16644, stack(0x000000199f900000,0x000000199fa00000) (1024K)]
  0x0000017c016ab0c0 JavaThread "ForkJoinPool.commonPool-worker-6" daemon [_thread_blocked, id=16424, stack(0x000000199fa00000,0x000000199fb00000) (1024K)]
  0x0000017c016a4130 JavaThread "ForkJoinPool.commonPool-worker-7" daemon [_thread_blocked, id=8820, stack(0x000000199fb00000,0x000000199fc00000) (1024K)]
  0x0000017c016a5b70 JavaThread "ForkJoinPool.commonPool-worker-8" daemon [_thread_blocked, id=15884, stack(0x00000019a1300000,0x00000019a1400000) (1024K)]
  0x0000017c016a6890 JavaThread "SCR Component Registry"     daemon [_thread_blocked, id=16684, stack(0x00000019a1400000,0x00000019a1500000) (1024K)]
  0x0000017c70280bd0 JavaThread "C2 CompilerThread4"         daemon [_thread_blocked, id=16944, stack(0x00000019a1500000,0x00000019a1600000) (1024K)]
  0x0000017c7027e9c0 JavaThread "C2 CompilerThread5"         daemon [_thread_blocked, id=3160, stack(0x00000019a1600000,0x00000019a1700000) (1024K)]
  0x0000017c7027d550 JavaThread "C2 CompilerThread6"         daemon [_thread_blocked, id=10672, stack(0x00000019a1700000,0x00000019a1800000) (1024K)]
  0x0000017c6f2f7c20 JavaThread "ForkJoinPool.commonPool-worker-9" daemon [_thread_blocked, id=2008, stack(0x00000019a1800000,0x00000019a1900000) (1024K)]
  0x0000017c7e7e3320 JavaThread "ForkJoinPool.commonPool-worker-10" daemon [_thread_blocked, id=4752, stack(0x00000019a1900000,0x00000019a1a00000) (1024K)]
  0x0000017c7e7e39b0 JavaThread "ForkJoinPool.commonPool-worker-11" daemon [_thread_blocked, id=16668, stack(0x00000019a1a00000,0x00000019a1b00000) (1024K)]
  0x0000017c7e7e6110 JavaThread "ForkJoinPool.commonPool-worker-12" daemon [_thread_blocked, id=17080, stack(0x00000019a1b00000,0x00000019a1c00000) (1024K)]
  0x0000017c7e7e67a0 JavaThread "ForkJoinPool.commonPool-worker-13" daemon [_thread_blocked, id=16456, stack(0x00000019a1c00000,0x00000019a1d00000) (1024K)]
  0x0000017c7e7df810 JavaThread "ForkJoinPool.commonPool-worker-14" daemon [_thread_blocked, id=4660, stack(0x00000019a1d00000,0x00000019a1e00000) (1024K)]
  0x0000017c7e7e46d0 JavaThread "ForkJoinPool.commonPool-worker-15" daemon [_thread_blocked, id=5960, stack(0x00000019a1e00000,0x00000019a1f00000) (1024K)]
  0x0000017c7e7e2600 JavaThread "ForkJoinPool.commonPool-worker-16" daemon [_thread_blocked, id=16924, stack(0x00000019a1f00000,0x00000019a2000000) (1024K)]
  0x0000017c7e7e0bc0 JavaThread "ForkJoinPool.commonPool-worker-17" daemon [_thread_blocked, id=11568, stack(0x00000019a2000000,0x00000019a2100000) (1024K)]
  0x0000017c7e7e18e0 JavaThread "ForkJoinPool.commonPool-worker-18" daemon [_thread_blocked, id=11752, stack(0x00000019a2100000,0x00000019a2200000) (1024K)]
  0x0000017c7e7e0530 JavaThread "ForkJoinPool.commonPool-worker-19" daemon [_thread_blocked, id=9956, stack(0x00000019a2200000,0x00000019a2300000) (1024K)]
  0x0000017c7e7e2c90 JavaThread "ForkJoinPool.commonPool-worker-21" daemon [_thread_blocked, id=11920, stack(0x00000019a2300000,0x00000019a2400000) (1024K)]
  0x0000017c7e7e1250 JavaThread "ForkJoinPool.commonPool-worker-20" daemon [_thread_blocked, id=9612, stack(0x00000019a2400000,0x00000019a2500000) (1024K)]
  0x0000017c7e7e1f70 JavaThread "ForkJoinPool.commonPool-worker-22" daemon [_thread_blocked, id=2508, stack(0x00000019a2500000,0x00000019a2600000) (1024K)]
  0x0000017c7e7e4040 JavaThread "ForkJoinPool.commonPool-worker-23" daemon [_thread_blocked, id=2024, stack(0x00000019a2600000,0x00000019a2700000) (1024K)]
  0x0000017c7e7e4d60 JavaThread "ForkJoinPool.commonPool-worker-24" daemon [_thread_blocked, id=15960, stack(0x00000019a2700000,0x00000019a2800000) (1024K)]
  0x0000017c7e7e53f0 JavaThread "ForkJoinPool.commonPool-worker-25" daemon [_thread_blocked, id=2816, stack(0x00000019a2800000,0x00000019a2900000) (1024K)]
  0x0000017c7e7e5a80 JavaThread "ForkJoinPool.commonPool-worker-26" daemon [_thread_blocked, id=9820, stack(0x00000019a2900000,0x00000019a2a00000) (1024K)]
  0x0000017c7e7e6e30 JavaThread "ForkJoinPool.commonPool-worker-27" daemon [_thread_blocked, id=15784, stack(0x00000019a2a00000,0x00000019a2b00000) (1024K)]
  0x0000017c7e7dfea0 JavaThread "ForkJoinPool.commonPool-worker-28" daemon [_thread_blocked, id=2220, stack(0x00000019a2b00000,0x00000019a2c00000) (1024K)]
  0x0000017c712be260 JavaThread "ForkJoinPool.commonPool-worker-29" daemon [_thread_blocked, id=17044, stack(0x00000019a2c00000,0x00000019a2d00000) (1024K)]
  0x0000017c712bf610 JavaThread "ForkJoinPool.commonPool-worker-30" daemon [_thread_blocked, id=11740, stack(0x00000019a2d00000,0x00000019a2e00000) (1024K)]
  0x0000017c712b9a30 JavaThread "ForkJoinPool.commonPool-worker-31" daemon [_thread_blocked, id=7476, stack(0x00000019a2e00000,0x00000019a2f00000) (1024K)]
Total: 125

Other Threads:
  0x0000017c0f85dab0 VMThread "VM Thread"                           [id=9584, stack(0x0000001999a00000,0x0000001999b00000) (1024K)]
  0x0000017c0f8077d0 WatcherThread "VM Periodic Task Thread"        [id=5240, stack(0x0000001999900000,0x0000001999a00000) (1024K)]
  0x0000017c0f7b9910 WorkerThread "GC Thread#0"                     [id=5952, stack(0x0000001999800000,0x0000001999900000) (1024K)]
  0x0000017c6e9f7260 WorkerThread "GC Thread#1"                     [id=15808, stack(0x000000199ac00000,0x000000199ad00000) (1024K)]
  0x0000017c6e6e60e0 WorkerThread "GC Thread#2"                     [id=4944, stack(0x000000199ad00000,0x000000199ae00000) (1024K)]
  0x0000017c6e9f7600 WorkerThread "GC Thread#3"                     [id=16552, stack(0x000000199ae00000,0x000000199af00000) (1024K)]
  0x0000017c6e9f79a0 WorkerThread "GC Thread#4"                     [id=5280, stack(0x000000199af00000,0x000000199b000000) (1024K)]
  0x0000017c6e8fea40 WorkerThread "GC Thread#5"                     [id=6684, stack(0x000000199b000000,0x000000199b100000) (1024K)]
  0x0000017c6e8fede0 WorkerThread "GC Thread#6"                     [id=6024, stack(0x000000199b100000,0x000000199b200000) (1024K)]
  0x0000017c6f157b60 WorkerThread "GC Thread#7"                     [id=15948, stack(0x000000199b500000,0x000000199b600000) (1024K)]
  0x0000017c6e74c730 WorkerThread "GC Thread#8"                     [id=4816, stack(0x000000199b900000,0x000000199ba00000) (1024K)]
  0x0000017c6e74b8b0 WorkerThread "GC Thread#9"                     [id=6256, stack(0x000000199ba00000,0x000000199bb00000) (1024K)]
  0x0000017c6e74bff0 WorkerThread "GC Thread#10"                    [id=7416, stack(0x000000199bb00000,0x000000199bc00000) (1024K)]
  0x0000017c6e74cad0 WorkerThread "GC Thread#11"                    [id=14220, stack(0x000000199bf00000,0x000000199c000000) (1024K)]
  0x0000017c6e74b510 WorkerThread "GC Thread#12"                    [id=6140, stack(0x000000199c100000,0x000000199c200000) (1024K)]
  0x0000017c6fb112a0 WorkerThread "GC Thread#13"                    [id=17228, stack(0x000000199c200000,0x000000199c300000) (1024K)]
  0x0000017c6fb13e20 WorkerThread "GC Thread#14"                    [id=12408, stack(0x000000199c600000,0x000000199c700000) (1024K)]
  0x0000017c6fb11d80 WorkerThread "GC Thread#15"                    [id=14216, stack(0x000000199c700000,0x000000199c800000) (1024K)]
  0x0000017c6fb13340 WorkerThread "GC Thread#16"                    [id=15564, stack(0x000000199c800000,0x000000199c900000) (1024K)]
  0x0000017c6fb12120 WorkerThread "GC Thread#17"                    [id=15572, stack(0x000000199c900000,0x000000199ca00000) (1024K)]
  0x0000017c6fb13a80 WorkerThread "GC Thread#18"                    [id=15580, stack(0x000000199ca00000,0x000000199cb00000) (1024K)]
  0x0000017c6fb12fa0 WorkerThread "GC Thread#19"                    [id=16436, stack(0x000000199cc00000,0x000000199cd00000) (1024K)]
  0x0000017c6fb12860 WorkerThread "GC Thread#20"                    [id=7192, stack(0x000000199d000000,0x000000199d100000) (1024K)]
  0x0000017c70767810 WorkerThread "GC Thread#21"                    [id=11580, stack(0x000000199d100000,0x000000199d200000) (1024K)]
  0x0000017c70766d30 WorkerThread "GC Thread#22"                    [id=12328, stack(0x000000199d200000,0x000000199d300000) (1024K)]
Total: 25

Threads with active compile tasks:
C2 CompilerThread3  10081 13229 % !   4       org.eclipse.jdt.internal.core.JarPackageFragmentRoot::computeChildren @ 246 (605 bytes)
Total: 1

VM state: not at safepoint (normal execution)

VM Mutex/Monitor currently owned by a thread: None

Heap address: 0x00000000c0000000, size: 1024 MB, Compressed Oops mode: 32-bit

CDS archive(s) mapped at: [0x0000017c24000000-0x0000017c24ba0000-0x0000017c24ba0000), size 12189696, SharedBaseAddress: 0x0000017c24000000, ArchiveRelocationMode: 1.
Compressed class space mapped at: 0x0000017c25000000-0x0000017c65000000, reserved size: 1073741824
Narrow klass base: 0x0000017c24000000, Narrow klass shift: 0, Narrow klass range: 0x100000000

GC Precious Log:
 CardTable entry size: 512
 CPUs: 32 total, 32 available
 Memory: 32508M
 Large Page Support: Disabled
 NUMA Support: Disabled
 Compressed Oops: Enabled (32-bit)
 Alignments: Space 512K, Generation 512K, Heap 2M
 Heap Min Capacity: 100M
 Heap Initial Capacity: 100M
 Heap Max Capacity: 1G
 Pre-touch: Disabled
 Parallel Workers: 23

Heap:
 PSYoungGen      total 3072K, used 2314K [0x00000000eab00000, 0x00000000eb100000, 0x0000000100000000)
  eden space 2048K, 67% used [0x00000000eab00000,0x00000000eac5a840,0x00000000ead00000)
  from space 1024K, 90% used [0x00000000eb000000,0x00000000eb0e8010,0x00000000eb100000)
  to   space 1536K, 0% used [0x00000000eae00000,0x00000000eae00000,0x00000000eaf80000)
 ParOldGen       total 392704K, used 392677K [0x00000000c0000000, 0x00000000d7f80000, 0x00000000eab00000)
  object space 392704K, 99% used [0x00000000c0000000,0x00000000d7f79440,0x00000000d7f80000)
 Metaspace       used 67124K, committed 68800K, reserved 1114112K
  class space    used 6888K, committed 7552K, reserved 1048576K

Card table byte_map: [0x0000017c0f170000,0x0000017c0f380000] _byte_map_base: 0x0000017c0eb70000

Marking Bits: (ParMarkBitMap*) 0x00007ffdedde31f0
 Begin Bits: [0x0000017c21990000, 0x0000017c22990000)
 End Bits:   [0x0000017c22990000, 0x0000017c23990000)

Polling page: 0x0000017c0ef60000

Metaspace:

Usage:
  Non-class:     58.82 MB used.
      Class:      6.73 MB used.
       Both:     65.55 MB used.

Virtual space:
  Non-class space:       64.00 MB reserved,      59.81 MB ( 93%) committed,  1 nodes.
      Class space:        1.00 GB reserved,       7.38 MB ( <1%) committed,  1 nodes.
             Both:        1.06 GB reserved,      67.19 MB (  6%) committed. 

Chunk freelists:
   Non-Class:  4.05 MB
       Class:  8.63 MB
        Both:  12.67 MB

MaxMetaspaceSize: unlimited
CompressedClassSpaceSize: 1.00 GB
Initial GC threshold: 21.00 MB
Current GC threshold: 106.56 MB
CDS: on
 - commit_granule_bytes: 65536.
 - commit_granule_words: 8192.
 - virtual_space_node_default_size: 8388608.
 - enlarge_chunks_in_place: 1.
 - use_allocation_guard: 0.


Internal statistics:

num_allocs_failed_limit: 9.
num_arena_births: 1338.
num_arena_deaths: 22.
num_vsnodes_births: 2.
num_vsnodes_deaths: 0.
num_space_committed: 1075.
num_space_uncommitted: 0.
num_chunks_returned_to_freelist: 35.
num_chunks_taken_from_freelist: 4511.
num_chunk_merges: 17.
num_chunk_splits: 2791.
num_chunks_enlarged: 1593.
num_inconsistent_stats: 0.

CodeHeap 'non-profiled nmethods': size=118848Kb used=10342Kb max_used=10342Kb free=108505Kb
 bounds [0x0000017c1a580000, 0x0000017c1afa0000, 0x0000017c21990000]
CodeHeap 'profiled nmethods': size=118848Kb used=24302Kb max_used=26063Kb free=94545Kb
 bounds [0x0000017c12990000, 0x0000017c14310000, 0x0000017c19da0000]
CodeHeap 'non-nmethods': size=8064Kb used=3148Kb max_used=3801Kb free=4915Kb
 bounds [0x0000017c19da0000, 0x0000017c1a170000, 0x0000017c1a580000]
 total_blobs=12025 nmethods=11246 adapters=682
 compilation: enabled
              stopped_count=0, restarted_count=0
 full_count=0

Compilation events (20 events):
Event: 9.926 Thread 0x0000017c6e055620 nmethod 13410 0x0000017c1af82d10 code [0x0000017c1af82ea0, 0x0000017c1af82f68]
Event: 9.926 Thread 0x0000017c663ef3b0 nmethod 13411 0x0000017c12ff2690 code [0x0000017c12ff28a0, 0x0000017c12ff2e78]
Event: 9.926 Thread 0x0000017c6e055620 13412  s    3       jdk.internal.ref.Cleaner::remove (89 bytes)
Event: 9.926 Thread 0x0000017c663ef3b0 13413       3       java.nio.DirectByteBuffer$Deallocator::run (23 bytes)
Event: 9.926 Thread 0x0000017c6e04c0f0 13414       3       java.nio.Bits::unreserveMemory (64 bytes)
Event: 9.926 Thread 0x0000017c66492790 13415       3       java.util.concurrent.atomic.AtomicLong::decrementAndGet (16 bytes)
Event: 9.927 Thread 0x0000017c66492790 nmethod 13415 0x0000017c12d3eb90 code [0x0000017c12d3ed20, 0x0000017c12d3ee48]
Event: 9.927 Thread 0x0000017c6e04c0f0 nmethod 13414 0x0000017c12e29d10 code [0x0000017c12e29ee0, 0x0000017c12e2a0b0]
Event: 9.927 Thread 0x0000017c6e055620 nmethod 13412 0x0000017c13521610 code [0x0000017c135217e0, 0x0000017c13521be0]
Event: 9.927 Thread 0x0000017c663ef3b0 nmethod 13413 0x0000017c13520f10 code [0x0000017c13521100, 0x0000017c13521470]
Event: 9.927 Thread 0x0000017c70280bd0 nmethod 13405% 0x0000017c1af83010 code [0x0000017c1af83200, 0x0000017c1af83918]
Event: 9.928 Thread 0x0000017c72410d20 nmethod 13389 0x0000017c1af83e10 code [0x0000017c1af840c0, 0x0000017c1af85608]
Event: 9.931 Thread 0x0000017c663ee510 nmethod 13390 0x0000017c1af86110 code [0x0000017c1af863c0, 0x0000017c1af878f8]
Event: 9.931 Thread 0x0000017c70280bd0 13416       4       sun.invoke.util.VerifyAccess::isClassAccessible (230 bytes)
Event: 9.933 Thread 0x0000017c72410d20 13417   !   4       jdk.internal.loader.BuiltinClassLoader$2::run (114 bytes)
Event: 9.933 Thread 0x0000017c7027e9c0 nmethod 13268 0x0000017c1af88490 code [0x0000017c1af88800, 0x0000017c1af8b548]
Event: 9.935 Thread 0x0000017c724143a0 nmethod 13409 0x0000017c1af8ce10 code [0x0000017c1af8d000, 0x0000017c1af8d638]
Event: 9.936 Thread 0x0000017c70280bd0 nmethod 13416 0x0000017c1af8da90 code [0x0000017c1af8dc80, 0x0000017c1af8e060]
Event: 9.956 Thread 0x0000017c72410d20 nmethod 13417 0x0000017c1af8e490 code [0x0000017c1af8e7a0, 0x0000017c1af8fee0]
Event: 9.978 Thread 0x0000017c7027d550 nmethod 13382 0x0000017c1af91610 code [0x0000017c1af91d00, 0x0000017c1af968a8]

GC Heap History (20 events):
Event: 9.852 GC heap before
{Heap before GC invocations=1542 (full 4):
 PSYoungGen      total 7168K, used 7144K [0x00000000eab00000, 0x00000000eb600000, 0x0000000100000000)
  eden space 6144K, 100% used [0x00000000eab00000,0x00000000eb100000,0x00000000eb100000)
  from space 1024K, 97% used [0x00000000eb300000,0x00000000eb3fa000,0x00000000eb400000)
  to   space 2048K, 0% used [0x00000000eb100000,0x00000000eb100000,0x00000000eb300000)
 ParOldGen       total 377856K, used 377523K [0x00000000c0000000, 0x00000000d7100000, 0x00000000eab00000)
  object space 377856K, 99% used [0x00000000c0000000,0x00000000d70acf00,0x00000000d7100000)
 Metaspace       used 66491K, committed 68224K, reserved 1114112K
  class space    used 6822K, committed 7552K, reserved 1048576K
}
Event: 9.853 GC heap after
{Heap after GC invocations=1542 (full 4):
 PSYoungGen      total 8192K, used 2032K [0x00000000eab00000, 0x00000000eb700000, 0x0000000100000000)
  eden space 6144K, 0% used [0x00000000eab00000,0x00000000eab00000,0x00000000eb100000)
  from space 2048K, 99% used [0x00000000eb100000,0x00000000eb2fc010,0x00000000eb300000)
  to   space 3072K, 0% used [0x00000000eb400000,0x00000000eb400000,0x00000000eb700000)
 ParOldGen       total 378368K, used 378277K [0x00000000c0000000, 0x00000000d7180000, 0x00000000eab00000)
  object space 378368K, 99% used [0x00000000c0000000,0x00000000d7169730,0x00000000d7180000)
 Metaspace       used 66491K, committed 68224K, reserved 1114112K
  class space    used 6822K, committed 7552K, reserved 1048576K
}
Event: 9.861 GC heap before
{Heap before GC invocations=1543 (full 4):
 PSYoungGen      total 8192K, used 8176K [0x00000000eab00000, 0x00000000eb700000, 0x0000000100000000)
  eden space 6144K, 100% used [0x00000000eab00000,0x00000000eb100000,0x00000000eb100000)
  from space 2048K, 99% used [0x00000000eb100000,0x00000000eb2fc010,0x00000000eb300000)
  to   space 3072K, 0% used [0x00000000eb400000,0x00000000eb400000,0x00000000eb700000)
 ParOldGen       total 378368K, used 378277K [0x00000000c0000000, 0x00000000d7180000, 0x00000000eab00000)
  object space 378368K, 99% used [0x00000000c0000000,0x00000000d7169730,0x00000000d7180000)
 Metaspace       used 66522K, committed 68224K, reserved 1114112K
  class space    used 6824K, committed 7552K, reserved 1048576K
}
Event: 9.862 GC heap after
{Heap after GC invocations=1543 (full 4):
 PSYoungGen      total 8192K, used 1563K [0x00000000eab00000, 0x00000000eb600000, 0x0000000100000000)
  eden space 6144K, 0% used [0x00000000eab00000,0x00000000eab00000,0x00000000eb100000)
  from space 2048K, 76% used [0x00000000eb400000,0x00000000eb586fa0,0x00000000eb600000)
  to   space 2048K, 0% used [0x00000000eb100000,0x00000000eb100000,0x00000000eb300000)
 ParOldGen       total 379904K, used 379453K [0x00000000c0000000, 0x00000000d7300000, 0x00000000eab00000)
  object space 379904K, 99% used [0x00000000c0000000,0x00000000d728f6b0,0x00000000d7300000)
 Metaspace       used 66522K, committed 68224K, reserved 1114112K
  class space    used 6824K, committed 7552K, reserved 1048576K
}
Event: 9.868 GC heap before
{Heap before GC invocations=1544 (full 4):
 PSYoungGen      total 8192K, used 7707K [0x00000000eab00000, 0x00000000eb600000, 0x0000000100000000)
  eden space 6144K, 100% used [0x00000000eab00000,0x00000000eb100000,0x00000000eb100000)
  from space 2048K, 76% used [0x00000000eb400000,0x00000000eb586fa0,0x00000000eb600000)
  to   space 2048K, 0% used [0x00000000eb100000,0x00000000eb100000,0x00000000eb300000)
 ParOldGen       total 379904K, used 379453K [0x00000000c0000000, 0x00000000d7300000, 0x00000000eab00000)
  object space 379904K, 99% used [0x00000000c0000000,0x00000000d728f6b0,0x00000000d7300000)
 Metaspace       used 66533K, committed 68224K, reserved 1114112K
  class space    used 6826K, committed 7552K, reserved 1048576K
}
Event: 9.869 GC heap after
{Heap after GC invocations=1544 (full 4):
 PSYoungGen      total 8192K, used 1138K [0x00000000eab00000, 0x00000000eb480000, 0x0000000100000000)
  eden space 6144K, 0% used [0x00000000eab00000,0x00000000eab00000,0x00000000eb100000)
  from space 2048K, 55% used [0x00000000eb100000,0x00000000eb21c978,0x00000000eb300000)
  to   space 1536K, 0% used [0x00000000eb300000,0x00000000eb300000,0x00000000eb480000)
 ParOldGen       total 380928K, used 380716K [0x00000000c0000000, 0x00000000d7400000, 0x00000000eab00000)
  object space 380928K, 99% used [0x00000000c0000000,0x00000000d73cb228,0x00000000d7400000)
 Metaspace       used 66533K, committed 68224K, reserved 1114112K
  class space    used 6826K, committed 7552K, reserved 1048576K
}
Event: 9.878 GC heap before
{Heap before GC invocations=1545 (full 4):
 PSYoungGen      total 8192K, used 7282K [0x00000000eab00000, 0x00000000eb480000, 0x0000000100000000)
  eden space 6144K, 100% used [0x00000000eab00000,0x00000000eb100000,0x00000000eb100000)
  from space 2048K, 55% used [0x00000000eb100000,0x00000000eb21c978,0x00000000eb300000)
  to   space 1536K, 0% used [0x00000000eb300000,0x00000000eb300000,0x00000000eb480000)
 ParOldGen       total 380928K, used 380716K [0x00000000c0000000, 0x00000000d7400000, 0x00000000eab00000)
  object space 380928K, 99% used [0x00000000c0000000,0x00000000d73cb228,0x00000000d7400000)
 Metaspace       used 66546K, committed 68224K, reserved 1114112K
  class space    used 6829K, committed 7552K, reserved 1048576K
}
Event: 9.880 GC heap after
{Heap after GC invocations=1545 (full 4):
 PSYoungGen      total 7680K, used 1440K [0x00000000eab00000, 0x00000000eb480000, 0x0000000100000000)
  eden space 6144K, 0% used [0x00000000eab00000,0x00000000eab00000,0x00000000eb100000)
  from space 1536K, 93% used [0x00000000eb300000,0x00000000eb468000,0x00000000eb480000)
  to   space 1536K, 0% used [0x00000000eb180000,0x00000000eb180000,0x00000000eb300000)
 ParOldGen       total 381952K, used 381522K [0x00000000c0000000, 0x00000000d7500000, 0x00000000eab00000)
  object space 381952K, 99% used [0x00000000c0000000,0x00000000d7494960,0x00000000d7500000)
 Metaspace       used 66546K, committed 68224K, reserved 1114112K
  class space    used 6829K, committed 7552K, reserved 1048576K
}
Event: 9.887 GC heap before
{Heap before GC invocations=1546 (full 4):
 PSYoungGen      total 7680K, used 7584K [0x00000000eab00000, 0x00000000eb480000, 0x0000000100000000)
  eden space 6144K, 100% used [0x00000000eab00000,0x00000000eb100000,0x00000000eb100000)
  from space 1536K, 93% used [0x00000000eb300000,0x00000000eb468000,0x00000000eb480000)
  to   space 1536K, 0% used [0x00000000eb180000,0x00000000eb180000,0x00000000eb300000)
 ParOldGen       total 381952K, used 381522K [0x00000000c0000000, 0x00000000d7500000, 0x00000000eab00000)
  object space 381952K, 99% used [0x00000000c0000000,0x00000000d7494960,0x00000000d7500000)
 Metaspace       used 66553K, committed 68224K, reserved 1114112K
  class space    used 6829K, committed 7552K, reserved 1048576K
}
Event: 9.888 GC heap after
{Heap after GC invocations=1546 (full 4):
 PSYoungGen      total 7680K, used 1469K [0x00000000eab00000, 0x00000000eb400000, 0x0000000100000000)
  eden space 6144K, 0% used [0x00000000eab00000,0x00000000eab00000,0x00000000eb100000)
  from space 1536K, 95% used [0x00000000eb180000,0x00000000eb2ef540,0x00000000eb300000)
  to   space 1024K, 0% used [0x00000000eb300000,0x00000000eb300000,0x00000000eb400000)
 ParOldGen       total 382976K, used 382649K [0x00000000c0000000, 0x00000000d7600000, 0x00000000eab00000)
  object space 382976K, 99% used [0x00000000c0000000,0x00000000d75ae420,0x00000000d7600000)
 Metaspace       used 66553K, committed 68224K, reserved 1114112K
  class space    used 6829K, committed 7552K, reserved 1048576K
}
Event: 9.906 GC heap before
{Heap before GC invocations=1547 (full 4):
 PSYoungGen      total 7680K, used 7613K [0x00000000eab00000, 0x00000000eb400000, 0x0000000100000000)
  eden space 6144K, 100% used [0x00000000eab00000,0x00000000eb100000,0x00000000eb100000)
  from space 1536K, 95% used [0x00000000eb180000,0x00000000eb2ef540,0x00000000eb300000)
  to   space 1024K, 0% used [0x00000000eb300000,0x00000000eb300000,0x00000000eb400000)
 ParOldGen       total 382976K, used 382649K [0x00000000c0000000, 0x00000000d7600000, 0x00000000eab00000)
  object space 382976K, 99% used [0x00000000c0000000,0x00000000d75ae420,0x00000000d7600000)
 Metaspace       used 66597K, committed 68224K, reserved 1114112K
  class space    used 6838K, committed 7552K, reserved 1048576K
}
Event: 9.907 GC heap after
{Heap after GC invocations=1547 (full 4):
 PSYoungGen      total 5632K, used 992K [0x00000000eab00000, 0x00000000eb800000, 0x0000000100000000)
  eden space 4608K, 0% used [0x00000000eab00000,0x00000000eab00000,0x00000000eaf80000)
  from space 1024K, 96% used [0x00000000eb300000,0x00000000eb3f8010,0x00000000eb400000)
  to   space 3584K, 0% used [0x00000000eaf80000,0x00000000eaf80000,0x00000000eb300000)
 ParOldGen       total 385024K, used 384813K [0x00000000c0000000, 0x00000000d7800000, 0x00000000eab00000)
  object space 385024K, 99% used [0x00000000c0000000,0x00000000d77cb7c0,0x00000000d7800000)
 Metaspace       used 66597K, committed 68224K, reserved 1114112K
  class space    used 6838K, committed 7552K, reserved 1048576K
}
Event: 9.917 GC heap before
{Heap before GC invocations=1548 (full 4):
 PSYoungGen      total 5632K, used 5600K [0x00000000eab00000, 0x00000000eb800000, 0x0000000100000000)
  eden space 4608K, 100% used [0x00000000eab00000,0x00000000eaf80000,0x00000000eaf80000)
  from space 1024K, 96% used [0x00000000eb300000,0x00000000eb3f8010,0x00000000eb400000)
  to   space 3584K, 0% used [0x00000000eaf80000,0x00000000eaf80000,0x00000000eb300000)
 ParOldGen       total 385024K, used 384813K [0x00000000c0000000, 0x00000000d7800000, 0x00000000eab00000)
  object space 385024K, 99% used [0x00000000c0000000,0x00000000d77cb7c0,0x00000000d7800000)
 Metaspace       used 66695K, committed 68416K, reserved 1114112K
  class space    used 6843K, committed 7552K, reserved 1048576K
}
Event: 9.918 GC heap after
{Heap after GC invocations=1548 (full 4):
 PSYoungGen      total 7168K, used 2371K [0x00000000eab00000, 0x00000000eb580000, 0x0000000100000000)
  eden space 4608K, 0% used [0x00000000eab00000,0x00000000eab00000,0x00000000eaf80000)
  from space 2560K, 92% used [0x00000000eaf80000,0x00000000eb1d0fa0,0x00000000eb200000)
  to   space 3072K, 0% used [0x00000000eb280000,0x00000000eb280000,0x00000000eb580000)
 ParOldGen       total 386048K, used 385885K [0x00000000c0000000, 0x00000000d7900000, 0x00000000eab00000)
  object space 386048K, 99% used [0x00000000c0000000,0x00000000d78d7440,0x00000000d7900000)
 Metaspace       used 66695K, committed 68416K, reserved 1114112K
  class space    used 6843K, committed 7552K, reserved 1048576K
}
Event: 9.919 GC heap before
{Heap before GC invocations=1549 (full 4):
 PSYoungGen      total 7168K, used 6979K [0x00000000eab00000, 0x00000000eb580000, 0x0000000100000000)
  eden space 4608K, 100% used [0x00000000eab00000,0x00000000eaf80000,0x00000000eaf80000)
  from space 2560K, 92% used [0x00000000eaf80000,0x00000000eb1d0fa0,0x00000000eb200000)
  to   space 3072K, 0% used [0x00000000eb280000,0x00000000eb280000,0x00000000eb580000)
 ParOldGen       total 386048K, used 385885K [0x00000000c0000000, 0x00000000d7900000, 0x00000000eab00000)
  object space 386048K, 99% used [0x00000000c0000000,0x00000000d78d7440,0x00000000d7900000)
 Metaspace       used 66733K, committed 68416K, reserved 1114112K
  class space    used 6846K, committed 7552K, reserved 1048576K
}
Event: 9.921 GC heap after
{Heap after GC invocations=1549 (full 4):
 PSYoungGen      total 4608K, used 3072K [0x00000000eab00000, 0x00000000ebc80000, 0x0000000100000000)
  eden space 1536K, 0% used [0x00000000eab00000,0x00000000eab00000,0x00000000eac80000)
  from space 3072K, 100% used [0x00000000eb280000,0x00000000eb580000,0x00000000eb580000)
  to   space 6144K, 0% used [0x00000000eac80000,0x00000000eac80000,0x00000000eb280000)
 ParOldGen       total 388608K, used 388229K [0x00000000c0000000, 0x00000000d7b80000, 0x00000000eab00000)
  object space 388608K, 99% used [0x00000000c0000000,0x00000000d7b21440,0x00000000d7b80000)
 Metaspace       used 66733K, committed 68416K, reserved 1114112K
  class space    used 6846K, committed 7552K, reserved 1048576K
}
Event: 9.922 GC heap before
{Heap before GC invocations=1550 (full 4):
 PSYoungGen      total 4608K, used 4607K [0x00000000eab00000, 0x00000000ebc80000, 0x0000000100000000)
  eden space 1536K, 99% used [0x00000000eab00000,0x00000000eac7ffe8,0x00000000eac80000)
  from space 3072K, 100% used [0x00000000eb280000,0x00000000eb580000,0x00000000eb580000)
  to   space 6144K, 0% used [0x00000000eac80000,0x00000000eac80000,0x00000000eb280000)
 ParOldGen       total 388608K, used 388229K [0x00000000c0000000, 0x00000000d7b80000, 0x00000000eab00000)
  object space 388608K, 99% used [0x00000000c0000000,0x00000000d7b21440,0x00000000d7b80000)
 Metaspace       used 66741K, committed 68416K, reserved 1114112K
  class space    used 6848K, committed 7552K, reserved 1048576K
}
Event: 9.923 GC heap after
{Heap after GC invocations=1550 (full 4):
 PSYoungGen      total 3584K, used 1568K [0x00000000eab00000, 0x00000000eb300000, 0x0000000100000000)
  eden space 1536K, 0% used [0x00000000eab00000,0x00000000eab00000,0x00000000eac80000)
  from space 2048K, 76% used [0x00000000eac80000,0x00000000eae08000,0x00000000eae80000)
  to   space 3072K, 0% used [0x00000000eb000000,0x00000000eb000000,0x00000000eb300000)
 ParOldGen       total 391680K, used 391349K [0x00000000c0000000, 0x00000000d7e80000, 0x00000000eab00000)
  object space 391680K, 99% used [0x00000000c0000000,0x00000000d7e2d440,0x00000000d7e80000)
 Metaspace       used 66741K, committed 68416K, reserved 1114112K
  class space    used 6848K, committed 7552K, reserved 1048576K
}
Event: 9.930 GC heap before
{Heap before GC invocations=1551 (full 4):
 PSYoungGen      total 3584K, used 3104K [0x00000000eab00000, 0x00000000eb300000, 0x0000000100000000)
  eden space 1536K, 100% used [0x00000000eab00000,0x00000000eac80000,0x00000000eac80000)
  from space 2048K, 76% used [0x00000000eac80000,0x00000000eae08000,0x00000000eae80000)
  to   space 3072K, 0% used [0x00000000eb000000,0x00000000eb000000,0x00000000eb300000)
 ParOldGen       total 391680K, used 391349K [0x00000000c0000000, 0x00000000d7e80000, 0x00000000eab00000)
  object space 391680K, 99% used [0x00000000c0000000,0x00000000d7e2d440,0x00000000d7e80000)
 Metaspace       used 66826K, committed 68480K, reserved 1114112K
  class space    used 6856K, committed 7552K, reserved 1048576K
}
Event: 9.931 GC heap after
{Heap after GC invocations=1551 (full 4):
 PSYoungGen      total 3072K, used 928K [0x00000000eab00000, 0x00000000eb100000, 0x0000000100000000)
  eden space 2048K, 0% used [0x00000000eab00000,0x00000000eab00000,0x00000000ead00000)
  from space 1024K, 90% used [0x00000000eb000000,0x00000000eb0e8010,0x00000000eb100000)
  to   space 1536K, 0% used [0x00000000eae00000,0x00000000eae00000,0x00000000eaf80000)
 ParOldGen       total 392704K, used 392677K [0x00000000c0000000, 0x00000000d7f80000, 0x00000000eab00000)
  object space 392704K, 99% used [0x00000000c0000000,0x00000000d7f79440,0x00000000d7f80000)
 Metaspace       used 66826K, committed 68480K, reserved 1114112K
  class space    used 6856K, committed 7552K, reserved 1048576K
}

Dll operation events (10 events):
Event: 0.003 Loaded shared library c:\Users\Rajesh\.vscode\extensions\redhat.java-1.42.0-win32-x64\jre\21.0.7-win32-x86_64\bin\java.dll
Event: 0.025 Loaded shared library c:\Users\Rajesh\.vscode\extensions\redhat.java-1.42.0-win32-x64\jre\21.0.7-win32-x86_64\bin\zip.dll
Event: 0.031 Loaded shared library C:\Users\Rajesh\.vscode\extensions\redhat.java-1.42.0-win32-x64\jre\21.0.7-win32-x86_64\bin\instrument.dll
Event: 0.033 Loaded shared library C:\Users\Rajesh\.vscode\extensions\redhat.java-1.42.0-win32-x64\jre\21.0.7-win32-x86_64\bin\net.dll
Event: 0.034 Loaded shared library C:\Users\Rajesh\.vscode\extensions\redhat.java-1.42.0-win32-x64\jre\21.0.7-win32-x86_64\bin\nio.dll
Event: 0.035 Loaded shared library C:\Users\Rajesh\.vscode\extensions\redhat.java-1.42.0-win32-x64\jre\21.0.7-win32-x86_64\bin\zip.dll
Event: 0.040 Loaded shared library C:\Users\Rajesh\.vscode\extensions\redhat.java-1.42.0-win32-x64\jre\21.0.7-win32-x86_64\bin\jimage.dll
Event: 0.061 Loaded shared library c:\Users\Rajesh\.vscode\extensions\redhat.java-1.42.0-win32-x64\jre\21.0.7-win32-x86_64\bin\verify.dll
Event: 0.413 Loaded shared library C:\Users\Rajesh\AppData\Roaming\Code\User\globalStorage\redhat.java\1.42.0\config_win\org.eclipse.equinox.launcher\org.eclipse.equinox.launcher.win32.win32.x86_64_1.2.1300.v20250331-1702\eclipse_11911.dll
Event: 0.799 Loaded shared library C:\Users\Rajesh\AppData\Local\Temp\jna--1854536801\jna13685798331040035298.dll

Deoptimization events (20 events):
Event: 9.924 Thread 0x0000017c016a3aa0 DEOPT PACKING pc=0x0000017c1af82b28 sp=0x000000199f8feaa0
Event: 9.924 Thread 0x0000017c016a3aa0 DEOPT UNPACKING pc=0x0000017c19df3aa2 sp=0x000000199f8fea20 mode 2
Event: 9.924 Thread 0x0000017c016a3aa0 Uncommon trap: trap_request=0xffffff45 fr.pc=0x0000017c1a8ca258 relative=0x00000000000005b8
Event: 9.924 Thread 0x0000017c016a3aa0 Uncommon trap: reason=unstable_if action=reinterpret pc=0x0000017c1a8ca258 method=org.eclipse.jdt.internal.core.index.DiskIndex.addQueryResult(Lorg/eclipse/jdt/internal/compiler/util/HashtableOfObject;[CLjava/lang/Object;Lorg/eclipse/jdt/internal/core/ind
Event: 9.924 Thread 0x0000017c016a3aa0 DEOPT PACKING pc=0x0000017c1a8ca258 sp=0x000000199f8fea80
Event: 9.924 Thread 0x0000017c016a3aa0 DEOPT UNPACKING pc=0x0000017c19df3aa2 sp=0x000000199f8fe9d0 mode 2
Event: 9.925 Thread 0x0000017c016a3aa0 Uncommon trap: trap_request=0xffffff45 fr.pc=0x0000017c1af80d3c relative=0x000000000000093c
Event: 9.925 Thread 0x0000017c016a3aa0 Uncommon trap: reason=unstable_if action=reinterpret pc=0x0000017c1af80d3c method=org.eclipse.jdt.internal.core.index.DiskIndex.readStreamChars(Ljava/io/InputStream;)[C @ 1 c2
Event: 9.925 Thread 0x0000017c016a3aa0 DEOPT PACKING pc=0x0000017c1af80d3c sp=0x000000199f8fe9d0
Event: 9.925 Thread 0x0000017c016a3aa0 DEOPT UNPACKING pc=0x0000017c19df3aa2 sp=0x000000199f8fe938 mode 2
Event: 9.926 Thread 0x0000017c702ba060 Uncommon trap: trap_request=0xffffff45 fr.pc=0x0000017c1a5d3e10 relative=0x0000000000000410
Event: 9.926 Thread 0x0000017c702ba060 Uncommon trap: reason=unstable_if action=reinterpret pc=0x0000017c1a5d3e10 method=org.eclipse.core.runtime.SubMonitor.newChild(II)Lorg/eclipse/core/runtime/SubMonitor; @ 1 c2
Event: 9.926 Thread 0x0000017c702ba060 DEOPT PACKING pc=0x0000017c1a5d3e10 sp=0x000000199cfff2c0
Event: 9.926 Thread 0x0000017c702ba060 DEOPT UNPACKING pc=0x0000017c19df3aa2 sp=0x000000199cfff1d8 mode 2
Event: 9.938 Thread 0x0000017c016a54e0 Uncommon trap: trap_request=0xffffff45 fr.pc=0x0000017c1a9e89a0 relative=0x0000000000000ce0
Event: 9.938 Thread 0x0000017c016a54e0 Uncommon trap: reason=unstable_if action=reinterpret pc=0x0000017c1a9e89a0 method=java.util.regex.Pattern.atom()Ljava/util/regex/Pattern$Node; @ 14 c2
Event: 9.938 Thread 0x0000017c016a54e0 DEOPT PACKING pc=0x0000017c1a9e89a0 sp=0x000000199abfdd90
Event: 9.938 Thread 0x0000017c016a54e0 DEOPT UNPACKING pc=0x0000017c19df3aa2 sp=0x000000199abfdd18 mode 2
Event: 9.939 Thread 0x0000017c016a54e0 DEOPT PACKING pc=0x0000017c12d3c7fc sp=0x000000199abfedc0
Event: 9.939 Thread 0x0000017c016a54e0 DEOPT UNPACKING pc=0x0000017c19df4242 sp=0x000000199abfe2e0 mode 0

Classes loaded (20 events):
Event: 6.295 Loading class org/xml/sax/SAXNotSupportedException
Event: 6.295 Loading class org/xml/sax/SAXNotSupportedException done
Event: 6.295 Loading class com/sun/org/apache/xerces/internal/util/URI
Event: 6.296 Loading class com/sun/org/apache/xerces/internal/util/URI done
Event: 6.297 Loading class com/sun/org/apache/xerces/internal/xni/XNIException
Event: 6.297 Loading class com/sun/org/apache/xerces/internal/xni/XNIException done
Event: 6.297 Loading class com/sun/org/apache/xerces/internal/xni/parser/XMLParseException
Event: 6.297 Loading class com/sun/org/apache/xerces/internal/xni/parser/XMLParseException done
Event: 9.158 Loading class java/util/concurrent/CompletableFuture$UniApply
Event: 9.158 Loading class java/util/concurrent/CompletableFuture$UniApply done
Event: 9.158 Loading class java/util/concurrent/CompletableFuture$UniExceptionally
Event: 9.158 Loading class java/util/concurrent/CompletableFuture$UniExceptionally done
Event: 9.226 Loading class java/util/Hashtable$KeySet
Event: 9.226 Loading class java/util/Hashtable$KeySet done
Event: 9.277 Loading class java/lang/invoke/MethodHandleImpl$CountingWrapper$1
Event: 9.277 Loading class java/lang/invoke/MethodHandleImpl$CountingWrapper$1 done
Event: 9.625 Loading class java/lang/UnsupportedClassVersionError
Event: 9.625 Loading class java/lang/UnsupportedClassVersionError done
Event: 9.813 Loading class java/util/HashMap$EntrySpliterator
Event: 9.813 Loading class java/util/HashMap$EntrySpliterator done

Classes unloaded (11 events):
Event: 0.961 Thread 0x0000017c0f85dab0 Unloading class 0x0000017c2519cc00 'java/lang/invoke/LambdaForm$MH+0x0000017c2519cc00'
Event: 0.961 Thread 0x0000017c0f85dab0 Unloading class 0x0000017c2519c800 'java/lang/invoke/LambdaForm$MH+0x0000017c2519c800'
Event: 0.961 Thread 0x0000017c0f85dab0 Unloading class 0x0000017c2519c400 'java/lang/invoke/LambdaForm$MH+0x0000017c2519c400'
Event: 0.961 Thread 0x0000017c0f85dab0 Unloading class 0x0000017c2519c000 'java/lang/invoke/LambdaForm$MH+0x0000017c2519c000'
Event: 0.961 Thread 0x0000017c0f85dab0 Unloading class 0x0000017c2519bc00 'java/lang/invoke/LambdaForm$BMH+0x0000017c2519bc00'
Event: 0.961 Thread 0x0000017c0f85dab0 Unloading class 0x0000017c2519b800 'java/lang/invoke/LambdaForm$DMH+0x0000017c2519b800'
Event: 0.961 Thread 0x0000017c0f85dab0 Unloading class 0x0000017c2519a400 'java/lang/invoke/LambdaForm$DMH+0x0000017c2519a400'
Event: 8.513 Thread 0x0000017c0f85dab0 Unloading class 0x0000017c25698400 'java/lang/invoke/LambdaForm$DMH+0x0000017c25698400'
Event: 8.513 Thread 0x0000017c0f85dab0 Unloading class 0x0000017c25691800 'java/lang/invoke/LambdaForm$DMH+0x0000017c25691800'
Event: 8.513 Thread 0x0000017c0f85dab0 Unloading class 0x0000017c25691c00 'java/lang/invoke/LambdaForm$DMH+0x0000017c25691c00'
Event: 8.513 Thread 0x0000017c0f85dab0 Unloading class 0x0000017c25698000 'java/lang/invoke/LambdaForm$DMH+0x0000017c25698000'

Classes redefined (0 events):
No events

Internal exceptions (20 events):
Event: 9.646 Thread 0x0000017c016a54e0 Exception <a 'java/lang/NoSuchMethodError'{0x00000000eabe7008}: 'int java.lang.invoke.Invokers$Holder.invokeExact_MT(java.lang.Object, java.lang.Object)'> (0x00000000eabe7008) 
thrown [s\src\hotspot\share\interpreter\linkResolver.cpp, line 773]
Event: 9.664 Thread 0x0000017c016a54e0 Exception <a 'java/lang/IncompatibleClassChangeError'{0x00000000eae90080}: Found class java.lang.Object, but interface was expected> (0x00000000eae90080) 
thrown [s\src\hotspot\share\interpreter\linkResolver.cpp, line 840]
Event: 9.703 Thread 0x0000017c6f2f82b0 Exception <a 'sun/nio/fs/WindowsException'{0x00000000eada4140}> (0x00000000eada4140) 
thrown [s\src\hotspot\share\prims\jni.cpp, line 520]
Event: 9.703 Thread 0x0000017c6f2f82b0 Exception <a 'sun/nio/fs/WindowsException'{0x00000000eada4770}> (0x00000000eada4770) 
thrown [s\src\hotspot\share\prims\jni.cpp, line 520]
Event: 9.703 Thread 0x0000017c6f2f82b0 Exception <a 'sun/nio/fs/WindowsException'{0x00000000eada5650}> (0x00000000eada5650) 
thrown [s\src\hotspot\share\prims\jni.cpp, line 520]
Event: 9.703 Thread 0x0000017c6f2f82b0 Exception <a 'sun/nio/fs/WindowsException'{0x00000000eada5c80}> (0x00000000eada5c80) 
thrown [s\src\hotspot\share\prims\jni.cpp, line 520]
Event: 9.703 Thread 0x0000017c6f2f82b0 Exception <a 'sun/nio/fs/WindowsException'{0x00000000eada75f0}> (0x00000000eada75f0) 
thrown [s\src\hotspot\share\prims\jni.cpp, line 520]
Event: 9.703 Thread 0x0000017c6f2f82b0 Exception <a 'sun/nio/fs/WindowsException'{0x00000000eada7c20}> (0x00000000eada7c20) 
thrown [s\src\hotspot\share\prims\jni.cpp, line 520]
Event: 9.705 Thread 0x0000017c6f2f82b0 Exception <a 'sun/nio/fs/WindowsException'{0x00000000eab00018}> (0x00000000eab00018) 
thrown [s\src\hotspot\share\prims\jni.cpp, line 520]
Event: 9.705 Thread 0x0000017c6f2f82b0 Exception <a 'sun/nio/fs/WindowsException'{0x00000000eab008f8}> (0x00000000eab008f8) 
thrown [s\src\hotspot\share\prims\jni.cpp, line 520]
Event: 9.759 Thread 0x0000017c6f2f82b0 Exception <a 'sun/nio/fs/WindowsException'{0x00000000eaf7d848}> (0x00000000eaf7d848) 
thrown [s\src\hotspot\share\prims\jni.cpp, line 520]
Event: 9.759 Thread 0x0000017c6f2f82b0 Exception <a 'sun/nio/fs/WindowsException'{0x00000000eaf7de78}> (0x00000000eaf7de78) 
thrown [s\src\hotspot\share\prims\jni.cpp, line 520]
Event: 9.759 Thread 0x0000017c6f2f82b0 Exception <a 'sun/nio/fs/WindowsException'{0x00000000eaf7ed58}> (0x00000000eaf7ed58) 
thrown [s\src\hotspot\share\prims\jni.cpp, line 520]
Event: 9.759 Thread 0x0000017c6f2f82b0 Exception <a 'sun/nio/fs/WindowsException'{0x00000000eaf7f388}> (0x00000000eaf7f388) 
thrown [s\src\hotspot\share\prims\jni.cpp, line 520]
Event: 9.759 Thread 0x0000017c6f2f82b0 Exception <a 'sun/nio/fs/WindowsException'{0x00000000eb091448}> (0x00000000eb091448) 
thrown [s\src\hotspot\share\prims\jni.cpp, line 520]
Event: 9.759 Thread 0x0000017c6f2f82b0 Exception <a 'sun/nio/fs/WindowsException'{0x00000000eb091a78}> (0x00000000eb091a78) 
thrown [s\src\hotspot\share\prims\jni.cpp, line 520]
Event: 9.760 Thread 0x0000017c6f2f82b0 Exception <a 'sun/nio/fs/WindowsException'{0x00000000eb22a618}> (0x00000000eb22a618) 
thrown [s\src\hotspot\share\prims\jni.cpp, line 520]
Event: 9.760 Thread 0x0000017c6f2f82b0 Exception <a 'sun/nio/fs/WindowsException'{0x00000000eb22aef8}> (0x00000000eb22aef8) 
thrown [s\src\hotspot\share\prims\jni.cpp, line 520]
Event: 9.924 Thread 0x0000017c7e7e0bc0 Exception <a 'java/lang/LinkageError'{0x00000000eaba92a0}: loader lombok.launch.ShadowClassLoader @39738fae attempted duplicate class definition for lombok.eclipse.EcjAugments. (lombok.eclipse.EcjAugments is in unnamed module of loader lombok.launch.ShadowClassLoader @39738fae, parent loader org.eclipse.osgi.internal.loader.EquinoxClassLoader @303715b4)> (0x00000000eaba92a0) 
thrown [s\src\hotspot\share\classfile\systemDictionary.cpp, line 1682]
Event: 9.926 Thread 0x0000017c7e7e0bc0 Exception <a 'java/lang/LinkageError'{0x00000000eac249f0}: loader lombok.launch.ShadowClassLoader @39738fae attempted duplicate class definition for lombok.eclipse.agent.PatchDiagnostics. (lombok.eclipse.agent.PatchDiagnostics is in unnamed module of loader lombok.launch.ShadowClassLoader @39738fae, parent loader org.eclipse.osgi.internal.loader.EquinoxClassLoader @303715b4)> (0x00000000eac249f0) 
thrown [s\src\hotspot\share\classfile\systemDictionary.cpp, line 1682]

ZGC Phase Switch (0 events):
No events

VM Operations (20 events):
Event: 9.852 Executing VM operation: ParallelGCFailedAllocation (Allocation Failure)
Event: 9.853 Executing VM operation: ParallelGCFailedAllocation (Allocation Failure) done
Event: 9.858 Executing VM operation: ParallelGCFailedAllocation (Allocation Failure)
Event: 9.862 Executing VM operation: ParallelGCFailedAllocation (Allocation Failure) done
Event: 9.867 Executing VM operation: ParallelGCFailedAllocation (Allocation Failure)
Event: 9.869 Executing VM operation: ParallelGCFailedAllocation (Allocation Failure) done
Event: 9.878 Executing VM operation: ParallelGCFailedAllocation (Allocation Failure)
Event: 9.880 Executing VM operation: ParallelGCFailedAllocation (Allocation Failure) done
Event: 9.887 Executing VM operation: ParallelGCFailedAllocation (Allocation Failure)
Event: 9.889 Executing VM operation: ParallelGCFailedAllocation (Allocation Failure) done
Event: 9.906 Executing VM operation: ParallelGCFailedAllocation (Allocation Failure)
Event: 9.907 Executing VM operation: ParallelGCFailedAllocation (Allocation Failure) done
Event: 9.916 Executing VM operation: ParallelGCFailedAllocation (Allocation Failure)
Event: 9.918 Executing VM operation: ParallelGCFailedAllocation (Allocation Failure) done
Event: 9.919 Executing VM operation: ParallelGCFailedAllocation (Allocation Failure)
Event: 9.921 Executing VM operation: ParallelGCFailedAllocation (Allocation Failure) done
Event: 9.922 Executing VM operation: ParallelGCFailedAllocation (Allocation Failure)
Event: 9.923 Executing VM operation: ParallelGCFailedAllocation (Allocation Failure) done
Event: 9.928 Executing VM operation: ParallelGCFailedAllocation (Allocation Failure)
Event: 9.931 Executing VM operation: ParallelGCFailedAllocation (Allocation Failure) done

Memory protections (0 events):
No events

Nmethod flushes (20 events):
Event: 8.524 Thread 0x0000017c0f85dab0 flushing  nmethod 0x0000017c13b9f310
Event: 8.524 Thread 0x0000017c0f85dab0 flushing  nmethod 0x0000017c13ba5310
Event: 8.524 Thread 0x0000017c0f85dab0 flushing  nmethod 0x0000017c13ba6510
Event: 8.524 Thread 0x0000017c0f85dab0 flushing  nmethod 0x0000017c13bab610
Event: 8.524 Thread 0x0000017c0f85dab0 flushing  nmethod 0x0000017c13bad690
Event: 8.524 Thread 0x0000017c0f85dab0 flushing  nmethod 0x0000017c13bb2510
Event: 8.524 Thread 0x0000017c0f85dab0 flushing  nmethod 0x0000017c13bb3610
Event: 8.524 Thread 0x0000017c0f85dab0 flushing osr nmethod 0x0000017c13bb7090
Event: 8.524 Thread 0x0000017c0f85dab0 flushing  nmethod 0x0000017c13bb7a10
Event: 8.524 Thread 0x0000017c0f85dab0 flushing  nmethod 0x0000017c13bb9690
Event: 8.524 Thread 0x0000017c0f85dab0 flushing  nmethod 0x0000017c13bbbf90
Event: 8.524 Thread 0x0000017c0f85dab0 flushing  nmethod 0x0000017c13bd2790
Event: 8.524 Thread 0x0000017c0f85dab0 flushing osr nmethod 0x0000017c13bd3f90
Event: 8.524 Thread 0x0000017c0f85dab0 flushing  nmethod 0x0000017c13be3590
Event: 8.524 Thread 0x0000017c0f85dab0 flushing  nmethod 0x0000017c13beeb10
Event: 8.524 Thread 0x0000017c0f85dab0 flushing  nmethod 0x0000017c13bf9210
Event: 8.524 Thread 0x0000017c0f85dab0 flushing  nmethod 0x0000017c13c1c490
Event: 8.524 Thread 0x0000017c0f85dab0 flushing  nmethod 0x0000017c13c4f190
Event: 8.524 Thread 0x0000017c0f85dab0 flushing  nmethod 0x0000017c13ce2610
Event: 8.524 Thread 0x0000017c0f85dab0 flushing  nmethod 0x0000017c13d40010

Events (20 events):
Event: 9.840 Thread 0x0000017c016a82d0 Thread added: 0x0000017c7e7e6110
Event: 9.840 Thread 0x0000017c7e7e3320 Thread added: 0x0000017c7e7e67a0
Event: 9.842 Thread 0x0000017c7e7e39b0 Thread added: 0x0000017c7e7df810
Event: 9.842 Thread 0x0000017c7e7e67a0 Thread added: 0x0000017c7e7e46d0
Event: 9.842 Thread 0x0000017c7e7e6110 Thread added: 0x0000017c7e7e2600
Event: 9.842 Thread 0x0000017c7e7df810 Thread added: 0x0000017c7e7e0bc0
Event: 9.842 Thread 0x0000017c7e7e46d0 Thread added: 0x0000017c7e7e18e0
Event: 9.842 Thread 0x0000017c7e7e2600 Thread added: 0x0000017c7e7e0530
Event: 9.842 Thread 0x0000017c7e7e18e0 Thread added: 0x0000017c7e7e2c90
Event: 9.843 Thread 0x0000017c7e7e0bc0 Thread added: 0x0000017c7e7e1250
Event: 9.843 Thread 0x0000017c7e7e0530 Thread added: 0x0000017c7e7e1f70
Event: 9.843 Thread 0x0000017c7e7e2c90 Thread added: 0x0000017c7e7e4040
Event: 9.843 Thread 0x0000017c7e7e1250 Thread added: 0x0000017c7e7e4d60
Event: 9.843 Thread 0x0000017c7e7e1f70 Thread added: 0x0000017c7e7e53f0
Event: 9.844 Thread 0x0000017c7e7e4040 Thread added: 0x0000017c7e7e5a80
Event: 9.844 Thread 0x0000017c7e7e4d60 Thread added: 0x0000017c7e7e6e30
Event: 9.844 Thread 0x0000017c7e7e53f0 Thread added: 0x0000017c7e7dfea0
Event: 9.844 Thread 0x0000017c7e7e5a80 Thread added: 0x0000017c712be260
Event: 9.844 Thread 0x0000017c7e7e6e30 Thread added: 0x0000017c712bf610
Event: 9.845 Thread 0x0000017c7e7dfea0 Thread added: 0x0000017c712b9a30


Dynamic libraries:
0x00007ff74c6a0000 - 0x00007ff74c6ae000 	c:\Users\Rajesh\.vscode\extensions\redhat.java-1.42.0-win32-x64\jre\21.0.7-win32-x86_64\bin\java.exe
0x00007ffe71890000 - 0x00007ffe71aa7000 	C:\Windows\SYSTEM32\ntdll.dll
0x00007ffe70720000 - 0x00007ffe707e4000 	C:\Windows\System32\KERNEL32.DLL
0x00007ffe6ecd0000 - 0x00007ffe6f087000 	C:\Windows\System32\KERNELBASE.dll
0x00007ffe6f110000 - 0x00007ffe6f221000 	C:\Windows\System32\ucrtbase.dll
0x00007ffe429d0000 - 0x00007ffe429e8000 	c:\Users\Rajesh\.vscode\extensions\redhat.java-1.42.0-win32-x64\jre\21.0.7-win32-x86_64\bin\jli.dll
0x00007ffe701e0000 - 0x00007ffe7038f000 	C:\Windows\System32\USER32.dll
0x00007ffe31e70000 - 0x00007ffe31e8e000 	c:\Users\Rajesh\.vscode\extensions\redhat.java-1.42.0-win32-x64\jre\21.0.7-win32-x86_64\bin\VCRUNTIME140.dll
0x00007ffe6f560000 - 0x00007ffe6f586000 	C:\Windows\System32\win32u.dll
0x00007ffe70e10000 - 0x00007ffe70e39000 	C:\Windows\System32\GDI32.dll
0x00007ffe6f2d0000 - 0x00007ffe6f3e8000 	C:\Windows\System32\gdi32full.dll
0x00007ffe6f230000 - 0x00007ffe6f2ca000 	C:\Windows\System32\msvcp_win.dll
0x00007ffe6de10000 - 0x00007ffe6e0a3000 	C:\Windows\WinSxS\amd64_microsoft.windows.common-controls_6595b64144ccf1df_6.0.22621.3672_none_2713b9d173822955\COMCTL32.dll
0x00007ffe70ca0000 - 0x00007ffe70d47000 	C:\Windows\System32\msvcrt.dll
0x00007ffe70530000 - 0x00007ffe70561000 	C:\Windows\System32\IMM32.DLL
0x00007ffe68f60000 - 0x00007ffe68f6c000 	c:\Users\Rajesh\.vscode\extensions\redhat.java-1.42.0-win32-x64\jre\21.0.7-win32-x86_64\bin\vcruntime140_1.dll
0x00007ffdf9000000 - 0x00007ffdf908d000 	c:\Users\Rajesh\.vscode\extensions\redhat.java-1.42.0-win32-x64\jre\21.0.7-win32-x86_64\bin\msvcp140.dll
0x00007ffded130000 - 0x00007ffdedec0000 	c:\Users\Rajesh\.vscode\extensions\redhat.java-1.42.0-win32-x64\jre\21.0.7-win32-x86_64\bin\server\jvm.dll
0x00007ffe70d50000 - 0x00007ffe70e02000 	C:\Windows\System32\ADVAPI32.dll
0x00007ffe70570000 - 0x00007ffe70618000 	C:\Windows\System32\sechost.dll
0x00007ffe6f590000 - 0x00007ffe6f5b8000 	C:\Windows\System32\bcrypt.dll
0x00007ffe70410000 - 0x00007ffe70524000 	C:\Windows\System32\RPCRT4.dll
0x00007ffe70390000 - 0x00007ffe70401000 	C:\Windows\System32\WS2_32.dll
0x00007ffe6e6f0000 - 0x00007ffe6e73d000 	C:\Windows\SYSTEM32\POWRPROF.dll
0x00007ffe6b1d0000 - 0x00007ffe6b1da000 	C:\Windows\SYSTEM32\VERSION.dll
0x00007ffe621f0000 - 0x00007ffe62224000 	C:\Windows\SYSTEM32\WINMM.dll
0x00007ffe6e1a0000 - 0x00007ffe6e1b3000 	C:\Windows\SYSTEM32\UMPDC.dll
0x00007ffe6cd10000 - 0x00007ffe6cd28000 	C:\Windows\SYSTEM32\kernel.appcore.dll
0x00007ffe57ea0000 - 0x00007ffe57eaa000 	c:\Users\Rajesh\.vscode\extensions\redhat.java-1.42.0-win32-x64\jre\21.0.7-win32-x86_64\bin\jimage.dll
0x00007ffe6e4b0000 - 0x00007ffe6e6e2000 	C:\Windows\SYSTEM32\DBGHELP.DLL
0x00007ffe70910000 - 0x00007ffe70c9e000 	C:\Windows\System32\combase.dll
0x00007ffe715e0000 - 0x00007ffe716b7000 	C:\Windows\System32\OLEAUT32.dll
0x00007ffe6e3a0000 - 0x00007ffe6e3d2000 	C:\Windows\SYSTEM32\dbgcore.DLL
0x00007ffe6f090000 - 0x00007ffe6f10b000 	C:\Windows\System32\bcryptPrimitives.dll
0x00007ffe42000000 - 0x00007ffe4200f000 	c:\Users\Rajesh\.vscode\extensions\redhat.java-1.42.0-win32-x64\jre\21.0.7-win32-x86_64\bin\instrument.dll
0x00007ffe31e50000 - 0x00007ffe31e6f000 	c:\Users\Rajesh\.vscode\extensions\redhat.java-1.42.0-win32-x64\jre\21.0.7-win32-x86_64\bin\java.dll
0x00007ffe6f690000 - 0x00007ffe6fef9000 	C:\Windows\System32\SHELL32.dll
0x00007ffe6bbb0000 - 0x00007ffe6c4af000 	C:\Windows\SYSTEM32\windows.storage.dll
0x00007ffe6ba70000 - 0x00007ffe6bbaf000 	C:\Windows\SYSTEM32\wintypes.dll
0x00007ffe716c0000 - 0x00007ffe717b9000 	C:\Windows\System32\SHCORE.dll
0x00007ffe70130000 - 0x00007ffe7018e000 	C:\Windows\System32\shlwapi.dll
0x00007ffe6ead0000 - 0x00007ffe6eaf7000 	C:\Windows\SYSTEM32\profapi.dll
0x00007ffe1c840000 - 0x00007ffe1c858000 	c:\Users\Rajesh\.vscode\extensions\redhat.java-1.42.0-win32-x64\jre\21.0.7-win32-x86_64\bin\zip.dll
0x00007ffe351c0000 - 0x00007ffe351d0000 	C:\Users\Rajesh\.vscode\extensions\redhat.java-1.42.0-win32-x64\jre\21.0.7-win32-x86_64\bin\net.dll
0x00007ffe697f0000 - 0x00007ffe69926000 	C:\Windows\SYSTEM32\WINHTTP.dll
0x00007ffe6d130000 - 0x00007ffe6d199000 	C:\Windows\system32\mswsock.dll
0x00007ffe1c820000 - 0x00007ffe1c836000 	C:\Users\Rajesh\.vscode\extensions\redhat.java-1.42.0-win32-x64\jre\21.0.7-win32-x86_64\bin\nio.dll
0x00007ffe43030000 - 0x00007ffe43040000 	c:\Users\Rajesh\.vscode\extensions\redhat.java-1.42.0-win32-x64\jre\21.0.7-win32-x86_64\bin\verify.dll
0x00007ffdf9720000 - 0x00007ffdf9765000 	C:\Users\Rajesh\AppData\Roaming\Code\User\globalStorage\redhat.java\1.42.0\config_win\org.eclipse.equinox.launcher\org.eclipse.equinox.launcher.win32.win32.x86_64_1.2.1300.v20250331-1702\eclipse_11911.dll
0x00007ffe6ff10000 - 0x00007ffe700b5000 	C:\Windows\System32\ole32.dll
0x00007ffe6e840000 - 0x00007ffe6e85b000 	C:\Windows\SYSTEM32\CRYPTSP.dll
0x00007ffe6cc70000 - 0x00007ffe6cca5000 	C:\Windows\system32\rsaenh.dll
0x00007ffe6d1d0000 - 0x00007ffe6d1f8000 	C:\Windows\SYSTEM32\USERENV.dll
0x00007ffe6dcb0000 - 0x00007ffe6dcbc000 	C:\Windows\SYSTEM32\CRYPTBASE.dll
0x00007ffe6c7c0000 - 0x00007ffe6c7ed000 	C:\Windows\SYSTEM32\IPHLPAPI.DLL
0x00007ffe6ff00000 - 0x00007ffe6ff09000 	C:\Windows\System32\NSI.dll
0x00007ffdf9530000 - 0x00007ffdf9579000 	C:\Users\Rajesh\AppData\Local\Temp\jna--1854536801\jna13685798331040035298.dll
0x00007ffe700c0000 - 0x00007ffe700c8000 	C:\Windows\System32\PSAPI.DLL
0x00007ffe69790000 - 0x00007ffe697a9000 	C:\Windows\SYSTEM32\dhcpcsvc6.DLL
0x00007ffe69750000 - 0x00007ffe6976f000 	C:\Windows\SYSTEM32\dhcpcsvc.DLL

dbghelp: loaded successfully - version: 4.0.5 - missing functions: none
symbol engine: initialized successfully - sym options: 0x614 - pdb path: .;c:\Users\Rajesh\.vscode\extensions\redhat.java-1.42.0-win32-x64\jre\21.0.7-win32-x86_64\bin;C:\Windows\SYSTEM32;C:\Windows\WinSxS\amd64_microsoft.windows.common-controls_6595b64144ccf1df_6.0.22621.3672_none_2713b9d173822955;c:\Users\Rajesh\.vscode\extensions\redhat.java-1.42.0-win32-x64\jre\21.0.7-win32-x86_64\bin\server;C:\Users\Rajesh\AppData\Roaming\Code\User\globalStorage\redhat.java\1.42.0\config_win\org.eclipse.equinox.launcher\org.eclipse.equinox.launcher.win32.win32.x86_64_1.2.1300.v20250331-1702;C:\Users\Rajesh\AppData\Local\Temp\jna--1854536801

VM Arguments:
jvm_args: --add-modules=ALL-SYSTEM --add-opens=java.base/java.util=ALL-UNNAMED --add-opens=java.base/java.lang=ALL-UNNAMED --add-opens=java.base/sun.nio.fs=ALL-UNNAMED -Declipse.application=org.eclipse.jdt.ls.core.id1 -Dosgi.bundles.defaultStartLevel=4 -Declipse.product=org.eclipse.jdt.ls.core.product -Djava.import.generatesMetadataFilesAtProjectRoot=false -DDetectVMInstallationsJob.disabled=true -Dfile.encoding=utf8 -XX:+UseParallelGC -XX:GCTimeRatio=4 -XX:AdaptiveSizePolicyWeight=90 -Dsun.zip.disableMemoryMapping=true -Xmx1G -Xms100m -Xlog:disable -javaagent:c:\Users\Rajesh\.vscode\extensions\redhat.java-1.42.0-win32-x64\lombok\lombok-1.18.36.jar -XX:+HeapDumpOnOutOfMemoryError -XX:HeapDumpPath=c:\Users\Rajesh\AppData\Roaming\Code\User\workspaceStorage\c29aa8bb4839d2f3d03f6326ebb57fc2\redhat.java -Daether.dependencyCollector.impl=bf 
java_command: c:\Users\Rajesh\.vscode\extensions\redhat.java-1.42.0-win32-x64\server\plugins\org.eclipse.equinox.launcher_1.7.0.v20250424-1814.jar -configuration c:\Users\Rajesh\AppData\Roaming\Code\User\globalStorage\redhat.java\1.42.0\config_win -data c:\Users\Rajesh\AppData\Roaming\Code\User\workspaceStorage\c29aa8bb4839d2f3d03f6326ebb57fc2\redhat.java\jdt_ws --pipe=\\.\pipe\lsp-e8d6d7ec1ebf08758f97d2e7a912c3bc-sock
java_class_path (initial): c:\Users\Rajesh\.vscode\extensions\redhat.java-1.42.0-win32-x64\server\plugins\org.eclipse.equinox.launcher_1.7.0.v20250424-1814.jar
Launcher Type: SUN_STANDARD

[Global flags]
    uintx AdaptiveSizePolicyWeight                 = 90                                        {product} {command line}
     intx CICompilerCount                          = 15                                        {product} {ergonomic}
    uintx GCTimeRatio                              = 4                                         {product} {command line}
     bool HeapDumpOnOutOfMemoryError               = true                                   {manageable} {command line}
    ccstr HeapDumpPath                             = c:\Users\Rajesh\AppData\Roaming\Code\User\workspaceStorage\c29aa8bb4839d2f3d03f6326ebb57fc2\redhat.java         {manageable} {command line}
   size_t InitialHeapSize                          = 104857600                                 {product} {command line}
   size_t MaxHeapSize                              = 1073741824                                {product} {command line}
   size_t MaxNewSize                               = 357564416                                 {product} {ergonomic}
   size_t MinHeapDeltaBytes                        = 524288                                    {product} {ergonomic}
   size_t MinHeapSize                              = 104857600                                 {product} {command line}
   size_t NewSize                                  = 34603008                                  {product} {ergonomic}
    uintx NonNMethodCodeHeapSize                   = 8192380                                {pd product} {ergonomic}
    uintx NonProfiledCodeHeapSize                  = 121732930                              {pd product} {ergonomic}
   size_t OldSize                                  = 70254592                                  {product} {ergonomic}
    uintx ProfiledCodeHeapSize                     = 121732930                              {pd product} {ergonomic}
    uintx ReservedCodeCacheSize                    = 251658240                              {pd product} {ergonomic}
     bool SegmentedCodeCache                       = true                                      {product} {ergonomic}
   size_t SoftMaxHeapSize                          = 1073741824                             {manageable} {ergonomic}
     bool UseCompressedOops                        = true                           {product lp64_product} {ergonomic}
     bool UseLargePagesIndividualAllocation        = false                                  {pd product} {ergonomic}
     bool UseParallelGC                            = true                                      {product} {command line}

Logging:
Log output configuration:
 #0: stdout all=off uptime,level,tags foldmultilines=false
 #1: stderr all=off uptime,level,tags foldmultilines=false

Environment Variables:
JAVA_HOME=C:\Program Files\Java\jdk-24
PATH=C:\app\Rajesh\product\23ai\dbhomeFree\bin;C:\Program Files\Common Files\Oracle\Java\javapath;C:\Windows\system32;C:\Windows;C:\Windows\System32\Wbem;C:\Windows\System32\WindowsPowerShell\v1.0\;C:\Windows\System32\OpenSSH\;C:\Program Files\Java\jdk-24\bin;C:\Program Files\nodejs\;C:\Users\Rajesh\AppData\Roaming\npm;C:\Program Files\apache-maven-3.9.9\bin;C:\Users\Rajesh\AppData\Local\Microsoft\WindowsApps;C:\Users\Rajesh\AppData\Roaming\npm;C:\Users\Rajesh\AppData\Local\Programs\Microsoft VS Code\bin;C:\Program Files\nodejs\;C:\Program Files\Java\jdk-24\bin;C:\Program Files\apache-maven-3.9.9\bin;
USERNAME=Rajesh
OS=Windows_NT
PROCESSOR_IDENTIFIER=Intel64 Family 6 Model 183 Stepping 1, GenuineIntel
TMP=C:\Users\Rajesh\AppData\Local\Temp
TEMP=C:\Users\Rajesh\AppData\Local\Temp




Periodic native trim disabled

---------------  S Y S T E M  ---------------

OS:
 Windows 11 , 64 bit Build 22621 (10.0.22621.3958)
OS uptime: 0 days 0:03 hours
Hyper-V role detected

CPU: total 32 (initial active 32) (16 cores per cpu, 2 threads per core) family 6 model 183 stepping 1 microcode 0x115, cx8, cmov, fxsr, ht, mmx, 3dnowpref, sse, sse2, sse3, ssse3, sse4.1, sse4.2, popcnt, lzcnt, tsc, tscinvbit, avx, avx2, aes, erms, clmul, bmi1, bmi2, adx, sha, fma, vzeroupper, clflush, clflushopt, clwb, hv, serialize, rdtscp, rdpid, fsrm, f16c, cet_ibt, cet_ss
Processor Information for the first 32 processors :
  Max Mhz: 3200, Current Mhz: 3200, Mhz Limit: 3200

Memory: 4k page, system-wide physical 32508M (22480M free)
TotalPageFile size 37372M (AvailPageFile size 26135M)
current process WorkingSet (physical memory assigned to process): 809M, peak: 1063M
current process commit charge ("private bytes"): 738M, peak: 1005M

vm_info: OpenJDK 64-Bit Server VM (21.0.7+6-LTS) for windows-amd64 JRE (21.0.7+6-LTS), built on 2025-04-15T00:00:00Z by "admin" with MS VC++ 17.7 (VS2022)

END.
