#
# A fatal error has been detected by the Java Runtime Environment:
#
#  EXCEPTION_ACCESS_VIOLATION (0xc0000005) at pc=0x00007ffded78c9a3, pid=15704, tid=17228
#
# JRE version: OpenJDK Runtime Environment Temurin-21.0.7+6 (21.0.7+6) (build 21.0.7+6-LTS)
# Java VM: OpenJDK 64-Bit Server VM Temurin-21.0.7+6 (21.0.7+6-LTS, mixed mode, sharing, tiered, compressed oops, compressed class ptrs, parallel gc, windows-amd64)
# Problematic frame:
# V  [jvm.dll+0x65c9a3]
#
# No core dump will be written. Minidumps are not enabled by default on client versions of Windows
#
# If you would like to submit a bug report, please visit:
#   https://github.com/adoptium/adoptium-support/issues
#

---------------  S U M M A R Y ------------

Command Line: --add-modules=ALL-SYSTEM --add-opens=java.base/java.util=ALL-UNNAMED --add-opens=java.base/java.lang=ALL-UNNAMED --add-opens=java.base/sun.nio.fs=ALL-UNNAMED -Declipse.application=org.eclipse.jdt.ls.core.id1 -Dosgi.bundles.defaultStartLevel=4 -Declipse.product=org.eclipse.jdt.ls.core.product -Djava.import.generatesMetadataFilesAtProjectRoot=false -DDetectVMInstallationsJob.disabled=true -Dfile.encoding=utf8 -XX:+UseParallelGC -XX:GCTimeRatio=4 -XX:AdaptiveSizePolicyWeight=90 -Dsun.zip.disableMemoryMapping=true -Xmx1G -Xms100m -Xlog:disable -javaagent:c:\Users\Rajesh\.vscode\extensions\redhat.java-1.42.0-win32-x64\lombok\lombok-1.18.36.jar c:\Users\Rajesh\.vscode\extensions\redhat.java-1.42.0-win32-x64\server\plugins\org.eclipse.equinox.launcher_1.7.0.v20250424-1814.jar -configuration c:\Users\Rajesh\AppData\Roaming\Code\User\globalStorage\redhat.java\1.42.0\config_ss_win -data c:\Users\Rajesh\AppData\Roaming\Code\User\workspaceStorage\c29aa8bb4839d2f3d03f6326ebb57fc2\redhat.java\ss_ws --pipe=\\.\pipe\lsp-f9958773b08487fc3c13b98f4d54bdfb-sock

Host: Intel(R) Core(TM) i9-14900K, 32 cores, 31G,  Windows 11 , 64 bit Build 22621 (10.0.22621.3958)
Time: Sun Jun  8 20:55:48 2025 India Standard Time elapsed time: 4.819176 seconds (0d 0h 0m 4s)

---------------  T H R E A D  ---------------

Current thread (0x00000277566d7ae0):  JavaThread "C2 CompilerThread1" daemon [_thread_in_native, id=17228, stack(0x000000ea7c400000,0x000000ea7c500000) (1024K)]


Current CompileTask:
C2:4819 5020   !   4       org.eclipse.osgi.internal.loader.BundleLoader::findClass0 (491 bytes)

Stack: [0x000000ea7c400000,0x000000ea7c500000],  sp=0x000000ea7c4fcff0,  free space=1011k
Native frames: (J=compiled Java code, j=interpreted, Vv=VM code, C=native code)
V  [jvm.dll+0x65c9a3]
V  [jvm.dll+0x65d9c6]
V  [jvm.dll+0x65bd5e]
V  [jvm.dll+0x247975]
V  [jvm.dll+0x2470cf]
V  [jvm.dll+0x1c760e]
V  [jvm.dll+0x25695a]
V  [jvm.dll+0x254efa]
V  [jvm.dll+0x3f03f6]
V  [jvm.dll+0x851f6b]
V  [jvm.dll+0x6cc7dd]
C  [ucrtbase.dll+0x29333]
C  [KERNEL32.DLL+0x1257d]
C  [ntdll.dll+0x5af08]


siginfo: EXCEPTION_ACCESS_VIOLATION (0xc0000005), reading address 0x0000000000000060


Registers:
RAX=0x000000007c4fd0a8, RBX=0x0000000000000001, RCX=0x0000027758d9a860, RDX=0x0000000000000020
RSP=0x000000ea7c4fcff0, RBP=0x000000ea7c4fd508, RSI=0x0000027758d9a150, RDI=0x0000000000000000
R8 =0x0000000000000058, R9 =0x0000000000000060, R10=0x00007ffe31e70000, R11=0x00007ffe31e81a66
R12=0x0000000000000000, R13=0x0000027758d98140, R14=0x00000277573d4f08, R15=0x000000ea7c4fd4f0
RIP=0x00007ffded78c9a3, EFLAGS=0x0000000000010206

XMM[0]=0x0000000000000000 0x0000000000000000
XMM[1]=0x000002775733f808 0x000002775733f0c8
XMM[2]=0x00000277582c7e90 0x00000277582c7e90
XMM[3]=0x000002775733a9f0 0x000002775733a9f0
XMM[4]=0x000002775733a9f0 0x000002775733a9f0
XMM[5]=0x000002775733f808 0x000002775733f808
XMM[6]=0x0000000000000000 0x0000000000000000
XMM[7]=0x0000000000000000 0x0000000000000000
XMM[8]=0x0000000000000000 0x0000000000000000
XMM[9]=0x0000000000000000 0x0000000000000000
XMM[10]=0x0000000000000000 0x0000000000000000
XMM[11]=0x0000000000000000 0x0000000000000000
XMM[12]=0x0000000000000000 0x0000000000000000
XMM[13]=0x0000000000000000 0x0000000000000000
XMM[14]=0x0000000000000000 0x0000000000000000
XMM[15]=0x0000000000000000 0x0000000000000000
  MXCSR=0x00001fa0


Register to memory mapping:

RAX=0x000000007c4fd0a8 is an unknown value
RBX=0x0000000000000001 is an unknown value
RCX=0x0000027758d9a860 points into unknown readable memory: 0x0000000000000000 | 00 00 00 00 00 00 00 00
RDX=0x0000000000000020 is an unknown value
RSP=0x000000ea7c4fcff0 is pointing into the stack for thread: 0x00000277566d7ae0
RBP=0x000000ea7c4fd508 is pointing into the stack for thread: 0x00000277566d7ae0
RSI=0x0000027758d9a150 points into unknown readable memory: 0x000000000000007d | 7d 00 00 00 00 00 00 00
RDI=0x0 is null
R8 =0x0000000000000058 is an unknown value
R9 =0x0000000000000060 is an unknown value
R10=0x00007ffe31e70000 VCRUNTIME140.dll
R11=0x00007ffe31e81a66 VCRUNTIME140.dll
R12=0x0 is null
R13=0x0000027758d98140 points into unknown readable memory: 0x0000000000000000 | 00 00 00 00 00 00 00 00
R14=0x00000277573d4f08 points into unknown readable memory: 0x00007ffdedb17f78 | 78 7f b1 ed fd 7f 00 00
R15=0x000000ea7c4fd4f0 is pointing into the stack for thread: 0x00000277566d7ae0

Top of Stack: (sp=0x000000ea7c4fcff0)
0x000000ea7c4fcff0:   0000000000000001 00000277573d2b20
0x000000ea7c4fd000:   000000ea7c4fd4f0 0000000000000001
0x000000ea7c4fd010:   000000007c4fd0a8 00007ffded7da7f7
0x000000ea7c4fd020:   000000000000a7b0 0000027758d9a150
0x000000ea7c4fd030:   0000027758da0128 0000027758ad94a8
0x000000ea7c4fd040:   0000000000000000 00000277573d4f08
0x000000ea7c4fd050:   0000000000000000 000000ea7c4fd4f0
0x000000ea7c4fd060:   0000000000000000 0000000000000000
0x000000ea7c4fd070:   fffffffffffffff8 000000ea7c4fd0d8
0x000000ea7c4fd080:   00000277573d4f08 00007ffded78d9c6
0x000000ea7c4fd090:   0000027758ad7b70 000000ea7c4fd0d8
0x000000ea7c4fd0a0:   0000000000000001 0000000000000000
0x000000ea7c4fd0b0:   0000027762567030 00000277625f6de0
0x000000ea7c4fd0c0:   000002776255fea0 000002777dd838a0
0x000000ea7c4fd0d0:   000000ea7c4feb10 0000000000000000
0x000000ea7c4fd0e0:   0000000000000000 000000ea7c4fd4f0
0x000000ea7c4fd0f0:   000000ea7c4fd189 00007ffded78bd5e
0x000000ea7c4fd100:   000000000000000e 00000000000049c2
0x000000ea7c4fd110:   000000000000000e 00000277561d7130
0x000000ea7c4fd120:   00000277621d5f20 000000ea7c4feb10
0x000000ea7c4fd130:   0000000000100000 0000000000000000
0x000000ea7c4fd140:   0000000000000000 0000000000000000
0x000000ea7c4fd150:   0000000000000000 0000000000000000
0x000000ea7c4fd160:   0000000000000000 0000000000000000
0x000000ea7c4fd170:   0000000000000000 0000000000000000
0x000000ea7c4fd180:   0000000000000000 0000000000000000
0x000000ea7c4fd190:   000000ea7c4fd598 0000000000000007
0x000000ea7c4fd1a0:   0000000000000000 0000027757457488
0x000000ea7c4fd1b0:   00000040250e0e83 00007ffded785cbe
0x000000ea7c4fd1c0:   0000000000000000 0000000080000000
0x000000ea7c4fd1d0:   0000027777113f50 0000000000000070
0x000000ea7c4fd1e0:   000000ea7c4fd2f0 00007ffded377975 

Instructions: (pc=0x00007ffded78c9a3)
0x00007ffded78c8a3:   ce ff 90 90 00 00 00 48 8b c8 e8 4e 1a b7 ff 49
0x00007ffded78c8b3:   8b 16 8b d8 41 03 5e 70 49 8b ce ff 92 d0 00 00
0x00007ffded78c8c3:   00 3b c3 77 19 49 8b 16 49 8b ce ff 92 90 00 00
0x00007ffded78c8d3:   00 48 8b c8 ba 01 00 00 00 e8 ef 12 b7 ff 49 8b
0x00007ffded78c8e3:   c6 eb 02 33 c0 48 83 c4 68 41 5f 41 5e 41 5d 41
0x00007ffded78c8f3:   5c 5f 5e 5d 5b c3 cc cc cc cc cc cc cc 40 53 55
0x00007ffded78c903:   56 57 41 54 41 55 41 56 41 57 48 83 ec 58 48 8b
0x00007ffded78c913:   41 30 48 8d 69 18 4c 8b 6d 10 33 ff 48 89 44 24
0x00007ffded78c923:   38 4c 8b f2 48 8b 45 20 4c 8b f9 48 89 44 24 40
0x00007ffded78c933:   48 8b 45 28 8d 5f 01 48 89 44 24 30 89 b9 40 01
0x00007ffded78c943:   00 00 8b 42 2c 83 e0 7f 3c 50 75 0a 48 8b 42 08
0x00007ffded78c953:   48 8b 48 08 eb 03 48 8b cb 48 89 8c 24 b0 00 00
0x00007ffded78c963:   00 48 8b d5 b9 88 07 00 00 e8 5f 30 a6 ff 48 8b
0x00007ffded78c973:   f0 48 85 c0 74 16 48 8d 88 f0 04 00 00 33 d2 41
0x00007ffded78c983:   b8 78 02 00 00 e8 75 b8 2e 00 eb 03 48 8b f7 48
0x00007ffded78c993:   89 be 78 07 00 00 4c 8b c6 48 89 be 80 07 00 00
0x00007ffded78c9a3:   49 8b d6 4c 89 b6 70 07 00 00 49 8b cf 48 8b 84
0x00007ffded78c9b3:   24 b0 00 00 00 4d 8b 4e 08 48 89 84 24 b8 00 00
0x00007ffded78c9c3:   00 48 8d 84 24 b8 00 00 00 48 89 44 24 20 4d 8b
0x00007ffded78c9d3:   09 e8 d7 a2 ff ff 49 8b 4f 10 48 8b 81 68 01 00
0x00007ffded78c9e3:   00 48 39 78 58 0f 85 0f 01 00 00 48 39 b9 80 01
0x00007ffded78c9f3:   00 00 0f 85 02 01 00 00 41 bb ff ff ff ff c7 84
0x00007ffded78ca03:   24 a0 00 00 00 fe ff 00 00 45 8b d3 c7 84 24 a8
0x00007ffded78ca13:   00 00 00 16 01 00 00 8b cf 4c 8d 86 f0 04 00 00
0x00007ffded78ca23:   4c 8b ce 41 84 18 74 24 41 8b 11 41 3b d2 73 1c
0x00007ffded78ca33:   41 0f b7 00 66 23 84 24 a0 00 00 00 66 3b 84 24
0x00007ffded78ca43:   a8 00 00 00 72 06 44 8b d9 44 8b d2 ff c1 49 83
0x00007ffded78ca53:   c0 02 49 83 c1 04 81 f9 8b 00 00 00 72 c5 41 83
0x00007ffded78ca63:   fb ff 0f 84 92 00 00 00 41 8b c3 4c 8d 8c 24 b0
0x00007ffded78ca73:   00 00 00 48 8b d6 49 8b cf 44 0f b7 84 46 f0 04
0x00007ffded78ca83:   00 00 41 d1 e8 e8 b3 a5 ff ff 48 39 9c 24 b0 00
0x00007ffded78ca93:   00 00 48 8b f8 41 8b 46 2c b9 02 00 00 00 45 8b 


Stack slot to memory mapping:

stack at sp + 0 slots: 0x0000000000000001 is an unknown value
stack at sp + 1 slots: 0x00000277573d2b20 points into unknown readable memory: 0x00007ffdeda9d218 | 18 d2 a9 ed fd 7f 00 00
stack at sp + 2 slots: 0x000000ea7c4fd4f0 is pointing into the stack for thread: 0x00000277566d7ae0
stack at sp + 3 slots: 0x0000000000000001 is an unknown value
stack at sp + 4 slots: 0x000000007c4fd0a8 is an unknown value
stack at sp + 5 slots: 0x00007ffded7da7f7 jvm.dll
stack at sp + 6 slots: 0x000000000000a7b0 is an unknown value
stack at sp + 7 slots: 0x0000027758d9a150 points into unknown readable memory: 0x000000000000007d | 7d 00 00 00 00 00 00 00


---------------  P R O C E S S  ---------------

Threads class SMR info:
_java_thread_list=0x0000027756e006e0, length=73, elements={
0x000002777709ae80, 0x000002777dcb23a0, 0x000002777c48d710, 0x000002777dcb39b0,
0x000002777dcb58d0, 0x000002777dcb7270, 0x000002777dcbed90, 0x000002777dcc0500,
0x000002777dcc19b0, 0x000002777de44180, 0x00000277513b3270, 0x00000277561056b0,
0x0000027756104990, 0x0000027756106a60, 0x00000277561070f0, 0x0000027756104300,
0x00000277566d7ae0, 0x0000027756307460, 0x0000027756307b00, 0x00000277563081a0,
0x0000027756103c70, 0x0000027756105020, 0x0000027756ab1040, 0x0000027756105d40,
0x00000277561063d0, 0x00000277570d4e70, 0x0000027756dcacc0, 0x000002775701c150,
0x0000027758022860, 0x0000027758024930, 0x0000027758020e20, 0x00000277580242a0,
0x0000027758025ce0, 0x0000027758027090, 0x0000027758020790, 0x0000027758020100,
0x0000027758027720, 0x0000027758024fc0, 0x00000277580214b0, 0x0000027758021b40,
0x0000027758026370, 0x00000277580221d0, 0x0000027758022ef0, 0x0000027758023580,
0x0000027758023c10, 0x0000027758026a00, 0x0000027758025650, 0x00000277582fd900,
0x00000277582ff340, 0x00000277582fc550, 0x00000277582ff9d0, 0x0000027758302130,
0x00000277582fcbe0, 0x00000277582fb830, 0x00000277582fd270, 0x0000027758300d80,
0x00000277582fbec0, 0x00000277582fdf90, 0x0000027758301aa0, 0x00000277582fb1a0,
0x00000277582fecb0, 0x0000027758300060, 0x00000277583006f0, 0x00000277583027c0,
0x00000277582fe620, 0x0000027758301410, 0x00000277581defa0, 0x00000277586a3b50,
0x00000277585e22c0, 0x00000277586858b0, 0x000002775855c3f0, 0x00000277581e2420,
0x00000277581e09e0
}

Java Threads: ( => current thread )
  0x000002777709ae80 JavaThread "main"                              [_thread_blocked, id=6228, stack(0x000000ea7b200000,0x000000ea7b300000) (1024K)]
  0x000002777dcb23a0 JavaThread "Reference Handler"          daemon [_thread_blocked, id=16524, stack(0x000000ea7b600000,0x000000ea7b700000) (1024K)]
  0x000002777c48d710 JavaThread "Finalizer"                  daemon [_thread_blocked, id=11168, stack(0x000000ea7b700000,0x000000ea7b800000) (1024K)]
  0x000002777dcb39b0 JavaThread "Signal Dispatcher"          daemon [_thread_blocked, id=16536, stack(0x000000ea7b800000,0x000000ea7b900000) (1024K)]
  0x000002777dcb58d0 JavaThread "Attach Listener"            daemon [_thread_blocked, id=16420, stack(0x000000ea7b900000,0x000000ea7ba00000) (1024K)]
  0x000002777dcb7270 JavaThread "Service Thread"             daemon [_thread_blocked, id=16612, stack(0x000000ea7ba00000,0x000000ea7bb00000) (1024K)]
  0x000002777dcbed90 JavaThread "Monitor Deflation Thread"   daemon [_thread_blocked, id=16416, stack(0x000000ea7bb00000,0x000000ea7bc00000) (1024K)]
  0x000002777dcc0500 JavaThread "C2 CompilerThread0"         daemon [_thread_blocked, id=7952, stack(0x000000ea7bc00000,0x000000ea7bd00000) (1024K)]
  0x000002777dcc19b0 JavaThread "C1 CompilerThread0"         daemon [_thread_blocked, id=5916, stack(0x000000ea7bd00000,0x000000ea7be00000) (1024K)]
  0x000002777de44180 JavaThread "Common-Cleaner"             daemon [_thread_blocked, id=16760, stack(0x000000ea7c200000,0x000000ea7c300000) (1024K)]
  0x00000277513b3270 JavaThread "Notification Thread"        daemon [_thread_blocked, id=16996, stack(0x000000ea7c500000,0x000000ea7c600000) (1024K)]
  0x00000277561056b0 JavaThread "Active Thread: Equinox Container: 9a8a83d6-3a90-46ef-90f3-53a553a0f9cc"        [_thread_blocked, id=4136, stack(0x000000ea7cf00000,0x000000ea7d000000) (1024K)]
  0x0000027756104990 JavaThread "Framework Event Dispatcher: Equinox Container: 9a8a83d6-3a90-46ef-90f3-53a553a0f9cc" daemon [_thread_blocked, id=2264, stack(0x000000ea7be00000,0x000000ea7bf00000) (1024K)]
  0x0000027756106a60 JavaThread "Start Level: Equinox Container: 9a8a83d6-3a90-46ef-90f3-53a553a0f9cc" daemon [_thread_blocked, id=2520, stack(0x000000ea7bf00000,0x000000ea7c000000) (1024K)]
  0x00000277561070f0 JavaThread "SCR Component Actor"        daemon [_thread_blocked, id=16676, stack(0x000000ea7c000000,0x000000ea7c100000) (1024K)]
  0x0000027756104300 JavaThread "SCR Component Registry"     daemon [_thread_blocked, id=7020, stack(0x000000ea7c100000,0x000000ea7c200000) (1024K)]
=>0x00000277566d7ae0 JavaThread "C2 CompilerThread1"         daemon [_thread_in_native, id=17228, stack(0x000000ea7c400000,0x000000ea7c500000) (1024K)]
  0x0000027756307460 JavaThread "C2 CompilerThread2"         daemon [_thread_blocked, id=7728, stack(0x000000ea7c600000,0x000000ea7c700000) (1024K)]
  0x0000027756307b00 JavaThread "C2 CompilerThread3"         daemon [_thread_blocked, id=9584, stack(0x000000ea7cd00000,0x000000ea7ce00000) (1024K)]
  0x00000277563081a0 JavaThread "C2 CompilerThread4"         daemon [_thread_blocked, id=8996, stack(0x000000ea7ce00000,0x000000ea7cf00000) (1024K)]
  0x0000027756103c70 JavaThread "Worker-JM"                         [_thread_blocked, id=11532, stack(0x000000ea7d100000,0x000000ea7d200000) (1024K)]
  0x0000027756105020 JavaThread "JNA Cleaner"                daemon [_thread_blocked, id=17012, stack(0x000000ea7c300000,0x000000ea7c400000) (1024K)]
  0x0000027756ab1040 JavaThread "C1 CompilerThread1"         daemon [_thread_blocked, id=10812, stack(0x000000ea7d400000,0x000000ea7d500000) (1024K)]
  0x0000027756105d40 JavaThread "Worker-0"                          [_thread_blocked, id=15884, stack(0x000000ea7d500000,0x000000ea7d600000) (1024K)]
  0x00000277561063d0 JavaThread "Worker-1"                          [_thread_blocked, id=16492, stack(0x000000ea7d600000,0x000000ea7d700000) (1024K)]
  0x00000277570d4e70 JavaThread "C1 CompilerThread2"         daemon [_thread_blocked, id=4948, stack(0x000000ea7db00000,0x000000ea7dc00000) (1024K)]
  0x0000027756dcacc0 JavaThread "C1 CompilerThread3"         daemon [_thread_blocked, id=5876, stack(0x000000ea7df00000,0x000000ea7e000000) (1024K)]
  0x000002775701c150 JavaThread "C1 CompilerThread4"         daemon [_thread_blocked, id=11032, stack(0x000000ea7e000000,0x000000ea7e100000) (1024K)]
  0x0000027758022860 JavaThread "Thread-2"                   daemon [_thread_in_native, id=5128, stack(0x000000ea7e200000,0x000000ea7e300000) (1024K)]
  0x0000027758024930 JavaThread "Thread-3"                   daemon [_thread_in_native, id=4296, stack(0x000000ea7e300000,0x000000ea7e400000) (1024K)]
  0x0000027758020e20 JavaThread "Thread-4"                   daemon [_thread_in_native, id=6056, stack(0x000000ea7e400000,0x000000ea7e500000) (1024K)]
  0x00000277580242a0 JavaThread "Thread-5"                   daemon [_thread_in_native, id=6012, stack(0x000000ea7e500000,0x000000ea7e600000) (1024K)]
  0x0000027758025ce0 JavaThread "Thread-6"                   daemon [_thread_in_native, id=2572, stack(0x000000ea7e600000,0x000000ea7e700000) (1024K)]
  0x0000027758027090 JavaThread "Thread-7"                   daemon [_thread_in_native, id=7416, stack(0x000000ea7e700000,0x000000ea7e800000) (1024K)]
  0x0000027758020790 JavaThread "Thread-8"                   daemon [_thread_in_native, id=4816, stack(0x000000ea7e800000,0x000000ea7e900000) (1024K)]
  0x0000027758020100 JavaThread "Thread-9"                   daemon [_thread_in_native, id=6256, stack(0x000000ea7e900000,0x000000ea7ea00000) (1024K)]
  0x0000027758027720 JavaThread "Thread-10"                  daemon [_thread_in_native, id=4968, stack(0x000000ea7ea00000,0x000000ea7eb00000) (1024K)]
  0x0000027758024fc0 JavaThread "Thread-11"                  daemon [_thread_in_native, id=4960, stack(0x000000ea7eb00000,0x000000ea7ec00000) (1024K)]
  0x00000277580214b0 JavaThread "Thread-12"                  daemon [_thread_in_native, id=14200, stack(0x000000ea7ec00000,0x000000ea7ed00000) (1024K)]
  0x0000027758021b40 JavaThread "Thread-13"                  daemon [_thread_in_native, id=12396, stack(0x000000ea7ed00000,0x000000ea7ee00000) (1024K)]
  0x0000027758026370 JavaThread "Thread-14"                  daemon [_thread_in_native, id=3920, stack(0x000000ea7ee00000,0x000000ea7ef00000) (1024K)]
  0x00000277580221d0 JavaThread "Thread-15"                  daemon [_thread_in_native, id=12384, stack(0x000000ea7ef00000,0x000000ea7f000000) (1024K)]
  0x0000027758022ef0 JavaThread "Thread-16"                  daemon [_thread_in_native, id=6048, stack(0x000000ea7f000000,0x000000ea7f100000) (1024K)]
  0x0000027758023580 JavaThread "Thread-17"                  daemon [_thread_in_native, id=9684, stack(0x000000ea7f100000,0x000000ea7f200000) (1024K)]
  0x0000027758023c10 JavaThread "Thread-18"                  daemon [_thread_in_native, id=15808, stack(0x000000ea7f200000,0x000000ea7f300000) (1024K)]
  0x0000027758026a00 JavaThread "Thread-19"                  daemon [_thread_in_native, id=4944, stack(0x000000ea7f300000,0x000000ea7f400000) (1024K)]
  0x0000027758025650 JavaThread "Thread-20"                  daemon [_thread_in_native, id=4832, stack(0x000000ea7f400000,0x000000ea7f500000) (1024K)]
  0x00000277582fd900 JavaThread "Thread-21"                  daemon [_thread_in_native, id=16552, stack(0x000000ea7f500000,0x000000ea7f600000) (1024K)]
  0x00000277582ff340 JavaThread "Thread-22"                  daemon [_thread_in_native, id=5280, stack(0x000000ea7f600000,0x000000ea7f700000) (1024K)]
  0x00000277582fc550 JavaThread "Thread-23"                  daemon [_thread_in_native, id=6684, stack(0x000000ea7f700000,0x000000ea7f800000) (1024K)]
  0x00000277582ff9d0 JavaThread "Thread-24"                  daemon [_thread_in_native, id=6024, stack(0x000000ea7f800000,0x000000ea7f900000) (1024K)]
  0x0000027758302130 JavaThread "Thread-25"                  daemon [_thread_in_native, id=6040, stack(0x000000ea7f900000,0x000000ea7fa00000) (1024K)]
  0x00000277582fcbe0 JavaThread "Thread-26"                  daemon [_thread_in_native, id=5892, stack(0x000000ea7fa00000,0x000000ea7fb00000) (1024K)]
  0x00000277582fb830 JavaThread "Thread-27"                  daemon [_thread_in_native, id=13976, stack(0x000000ea7fb00000,0x000000ea7fc00000) (1024K)]
  0x00000277582fd270 JavaThread "Thread-28"                  daemon [_thread_in_native, id=12368, stack(0x000000ea7fc00000,0x000000ea7fd00000) (1024K)]
  0x0000027758300d80 JavaThread "Thread-29"                  daemon [_thread_in_native, id=15948, stack(0x000000ea7fd00000,0x000000ea7fe00000) (1024K)]
  0x00000277582fbec0 JavaThread "Thread-30"                  daemon [_thread_in_native, id=16220, stack(0x000000ea7fe00000,0x000000ea7ff00000) (1024K)]
  0x00000277582fdf90 JavaThread "Thread-31"                  daemon [_thread_in_native, id=14176, stack(0x000000ea7ff00000,0x000000ea80000000) (1024K)]
  0x0000027758301aa0 JavaThread "Thread-32"                  daemon [_thread_in_native, id=15848, stack(0x000000ea00000000,0x000000ea00100000) (1024K)]
  0x00000277582fb1a0 JavaThread "Thread-33"                  daemon [_thread_in_native, id=6072, stack(0x000000ea00100000,0x000000ea00200000) (1024K)]
  0x00000277582fecb0 JavaThread "Thread-34"                  daemon [_thread_in_native, id=5880, stack(0x000000ea00200000,0x000000ea00300000) (1024K)]
  0x0000027758300060 JavaThread "pool-2-thread-1"                   [_thread_blocked, id=6140, stack(0x000000ea00300000,0x000000ea00400000) (1024K)]
  0x00000277583006f0 JavaThread "Worker-2"                          [_thread_blocked, id=4568, stack(0x000000ea00a00000,0x000000ea00b00000) (1024K)]
  0x00000277583027c0 JavaThread "WorkspaceEventsHandler"            [_thread_blocked, id=10724, stack(0x000000ea00b00000,0x000000ea00c00000) (1024K)]
  0x00000277582fe620 JavaThread "pool-1-thread-1"                   [_thread_blocked, id=12376, stack(0x000000ea00c00000,0x000000ea00d00000) (1024K)]
  0x0000027758301410 JavaThread "ForkJoinPool.commonPool-worker-1" daemon [_thread_blocked, id=14216, stack(0x000000ea00e00000,0x000000ea00f00000) (1024K)]
  0x00000277581defa0 JavaThread "ForkJoinPool.commonPool-worker-2" daemon [_thread_blocked, id=15564, stack(0x000000ea00f00000,0x000000ea01000000) (1024K)]
  0x00000277586a3b50 JavaThread "C2 CompilerThread5"         daemon [_thread_blocked, id=15572, stack(0x000000ea01000000,0x000000ea01100000) (1024K)]
  0x00000277585e22c0 JavaThread "C2 CompilerThread6"         daemon [_thread_blocked, id=15580, stack(0x000000ea01100000,0x000000ea01200000) (1024K)]
  0x00000277586858b0 JavaThread "C2 CompilerThread7"         daemon [_thread_blocked, id=14032, stack(0x000000ea01200000,0x000000ea01300000) (1024K)]
  0x000002775855c3f0 JavaThread "C2 CompilerThread8"         daemon [_thread_blocked, id=14424, stack(0x000000ea01300000,0x000000ea01400000) (1024K)]
  0x00000277581e2420 JavaThread "ForkJoinPool.commonPool-worker-3" daemon [_thread_blocked, id=16436, stack(0x000000ea01400000,0x000000ea01500000) (1024K)]
  0x00000277581e09e0 JavaThread "ForkJoinPool.commonPool-worker-4" daemon [_thread_blocked, id=2204, stack(0x000000ea01500000,0x000000ea01600000) (1024K)]
Total: 73

Other Threads:
  0x000002777715e850 VMThread "VM Thread"                           [id=1524, stack(0x000000ea7b500000,0x000000ea7b600000) (1024K)]
  0x0000027777106290 WatcherThread "VM Periodic Task Thread"        [id=17076, stack(0x000000ea7b400000,0x000000ea7b500000) (1024K)]
  0x00000277770ba1d0 WorkerThread "GC Thread#0"                     [id=17112, stack(0x000000ea7b300000,0x000000ea7b400000) (1024K)]
  0x00000277562a09b0 WorkerThread "GC Thread#1"                     [id=17008, stack(0x000000ea7c700000,0x000000ea7c800000) (1024K)]
  0x00000277562a0d50 WorkerThread "GC Thread#2"                     [id=15500, stack(0x000000ea7c800000,0x000000ea7c900000) (1024K)]
  0x00000277562a10f0 WorkerThread "GC Thread#3"                     [id=7484, stack(0x000000ea7c900000,0x000000ea7ca00000) (1024K)]
  0x0000027751a4e710 WorkerThread "GC Thread#4"                     [id=12076, stack(0x000000ea7ca00000,0x000000ea7cb00000) (1024K)]
  0x0000027751a4eab0 WorkerThread "GC Thread#5"                     [id=2352, stack(0x000000ea7cb00000,0x000000ea7cc00000) (1024K)]
  0x0000027756076650 WorkerThread "GC Thread#6"                     [id=5240, stack(0x000000ea7cc00000,0x000000ea7cd00000) (1024K)]
  0x0000027756743cc0 WorkerThread "GC Thread#7"                     [id=12372, stack(0x000000ea7d000000,0x000000ea7d100000) (1024K)]
  0x00000277518539d0 WorkerThread "GC Thread#8"                     [id=17024, stack(0x000000ea7d200000,0x000000ea7d300000) (1024K)]
  0x0000027751853290 WorkerThread "GC Thread#9"                     [id=17120, stack(0x000000ea7d300000,0x000000ea7d400000) (1024K)]
  0x0000027751853d70 WorkerThread "GC Thread#10"                    [id=7904, stack(0x000000ea7d700000,0x000000ea7d800000) (1024K)]
  0x0000027751852ef0 WorkerThread "GC Thread#11"                    [id=9360, stack(0x000000ea7d800000,0x000000ea7d900000) (1024K)]
  0x0000027751854110 WorkerThread "GC Thread#12"                    [id=11052, stack(0x000000ea7d900000,0x000000ea7da00000) (1024K)]
  0x0000027751853630 WorkerThread "GC Thread#13"                    [id=16484, stack(0x000000ea7da00000,0x000000ea7db00000) (1024K)]
  0x00000277570cfcb0 WorkerThread "GC Thread#14"                    [id=5952, stack(0x000000ea7dc00000,0x000000ea7dd00000) (1024K)]
  0x00000277570d1610 WorkerThread "GC Thread#15"                    [id=5248, stack(0x000000ea7de00000,0x000000ea7df00000) (1024K)]
  0x00000277570cf570 WorkerThread "GC Thread#16"                    [id=5884, stack(0x000000ea00400000,0x000000ea00500000) (1024K)]
  0x00000277570cdfb0 WorkerThread "GC Thread#17"                    [id=14220, stack(0x000000ea00500000,0x000000ea00600000) (1024K)]
  0x00000277570ce6f0 WorkerThread "GC Thread#18"                    [id=13008, stack(0x000000ea00600000,0x000000ea00700000) (1024K)]
  0x00000277570cdc10 WorkerThread "GC Thread#19"                    [id=12428, stack(0x000000ea00700000,0x000000ea00800000) (1024K)]
  0x00000277570d03f0 WorkerThread "GC Thread#20"                    [id=5820, stack(0x000000ea00800000,0x000000ea00900000) (1024K)]
  0x00000277570ce350 WorkerThread "GC Thread#21"                    [id=7424, stack(0x000000ea00900000,0x000000ea00a00000) (1024K)]
  0x00000277570d0790 WorkerThread "GC Thread#22"                    [id=12408, stack(0x000000ea00d00000,0x000000ea00e00000) (1024K)]
Total: 25

Threads with active compile tasks:
C2 CompilerThread1  4836 5020   !   4       org.eclipse.osgi.internal.loader.BundleLoader::findClass0 (491 bytes)
Total: 1

VM state: not at safepoint (normal execution)

VM Mutex/Monitor currently owned by a thread: None

Heap address: 0x00000000c0000000, size: 1024 MB, Compressed Oops mode: 32-bit

CDS archive(s) mapped at: [0x000002770f000000-0x000002770fba0000-0x000002770fba0000), size 12189696, SharedBaseAddress: 0x000002770f000000, ArchiveRelocationMode: 1.
Compressed class space mapped at: 0x0000027710000000-0x0000027750000000, reserved size: 1073741824
Narrow klass base: 0x000002770f000000, Narrow klass shift: 0, Narrow klass range: 0x100000000

GC Precious Log:
 CardTable entry size: 512
 CPUs: 32 total, 32 available
 Memory: 32508M
 Large Page Support: Disabled
 NUMA Support: Disabled
 Compressed Oops: Enabled (32-bit)
 Alignments: Space 512K, Generation 512K, Heap 2M
 Heap Min Capacity: 100M
 Heap Initial Capacity: 100M
 Heap Max Capacity: 1G
 Pre-touch: Disabled
 Parallel Workers: 23

Heap:
 PSYoungGen      total 22528K, used 3800K [0x00000000eab00000, 0x00000000ec200000, 0x0000000100000000)
  eden space 20992K, 14% used [0x00000000eab00000,0x00000000eadf6290,0x00000000ebf80000)
  from space 1536K, 50% used [0x00000000ebf80000,0x00000000ec040000,0x00000000ec100000)
  to   space 1024K, 0% used [0x00000000ec100000,0x00000000ec100000,0x00000000ec200000)
 ParOldGen       total 68608K, used 28117K [0x00000000c0000000, 0x00000000c4300000, 0x00000000eab00000)
  object space 68608K, 40% used [0x00000000c0000000,0x00000000c1b75478,0x00000000c4300000)
 Metaspace       used 37270K, committed 38272K, reserved 1114112K
  class space    used 3691K, committed 4160K, reserved 1048576K

Card table byte_map: [0x0000027776a70000,0x0000027776c80000] _byte_map_base: 0x0000027776470000

Marking Bits: (ParMarkBitMap*) 0x00007ffdedde31f0
 Begin Bits: [0x000002777a290000, 0x000002777b290000)
 End Bits:   [0x000002777b290000, 0x000002777c290000)

Polling page: 0x0000027776860000

Metaspace:

Usage:
  Non-class:     32.79 MB used.
      Class:      3.61 MB used.
       Both:     36.40 MB used.

Virtual space:
  Non-class space:       64.00 MB reserved,      33.31 MB ( 52%) committed,  1 nodes.
      Class space:        1.00 GB reserved,       4.06 MB ( <1%) committed,  1 nodes.
             Both:        1.06 GB reserved,      37.38 MB (  3%) committed. 

Chunk freelists:
   Non-Class:  14.69 MB
       Class:  11.97 MB
        Both:  26.66 MB

MaxMetaspaceSize: unlimited
CompressedClassSpaceSize: 1.00 GB
Initial GC threshold: 21.00 MB
Current GC threshold: 58.38 MB
CDS: on
 - commit_granule_bytes: 65536.
 - commit_granule_words: 8192.
 - virtual_space_node_default_size: 8388608.
 - enlarge_chunks_in_place: 1.
 - use_allocation_guard: 0.


Internal statistics:

num_allocs_failed_limit: 6.
num_arena_births: 816.
num_arena_deaths: 98.
num_vsnodes_births: 2.
num_vsnodes_deaths: 0.
num_space_committed: 598.
num_space_uncommitted: 0.
num_chunks_returned_to_freelist: 137.
num_chunks_taken_from_freelist: 2461.
num_chunk_merges: 35.
num_chunk_splits: 1521.
num_chunks_enlarged: 904.
num_inconsistent_stats: 0.

CodeHeap 'non-profiled nmethods': size=118848Kb used=2617Kb max_used=2644Kb free=116231Kb
 bounds [0x0000027707bf0000, 0x0000027707eb0000, 0x000002770f000000]
CodeHeap 'profiled nmethods': size=118848Kb used=9862Kb max_used=10038Kb free=108985Kb
 bounds [0x0000027700000000, 0x0000027700a40000, 0x0000027707410000]
CodeHeap 'non-nmethods': size=8064Kb used=3633Kb max_used=3709Kb free=4430Kb
 bounds [0x0000027707410000, 0x0000027707820000, 0x0000027707bf0000]
 total_blobs=5322 nmethods=4637 adapters=587
 compilation: enabled
              stopped_count=0, restarted_count=0
 full_count=0

Compilation events (20 events):
Event: 4.698 Thread 0x0000027756ab1040 5042       3       java.lang.ThreadLocal::setInitialValue (64 bytes)
Event: 4.698 Thread 0x000002777dcc19b0 5035       3       java.lang.Class::getDeclaredConstructor (31 bytes)
Event: 4.698 Thread 0x000002775701c150 nmethod 5043 0x0000027700254090 code [0x0000027700254220, 0x0000027700254358]
Event: 4.698 Thread 0x0000027756307460 nmethod 5030 0x0000027707c5d810 code [0x0000027707c5d9a0, 0x0000027707c5db28]
Event: 4.698 Thread 0x0000027756dcacc0 nmethod 5041 0x000002770049c510 code [0x000002770049c700, 0x000002770049cbb0]
Event: 4.698 Thread 0x00000277586858b0 nmethod 5029 0x0000027707c5d410 code [0x0000027707c5d5a0, 0x0000027707c5d6f0]
Event: 4.698 Thread 0x0000027756ab1040 nmethod 5042 0x00000277001bf390 code [0x00000277001bf5c0, 0x00000277001c0048]
Event: 4.698 Thread 0x000002777dcc19b0 nmethod 5035 0x0000027700074110 code [0x0000027700074380, 0x0000027700074be8]
Event: 4.699 Thread 0x00000277586a3b50 nmethod 5024 0x0000027707cc1390 code [0x0000027707cc1540, 0x0000027707cc1a30]
Event: 4.718 Thread 0x00000277585e22c0 5045       4       java.lang.invoke.DirectMethodHandle$Holder::newInvokeSpecial (21 bytes)
Event: 4.718 Thread 0x00000277585e22c0 nmethod 5045 0x0000027707cc2710 code [0x0000027707cc28c0, 0x0000027707cc2af0]
Event: 4.728 Thread 0x00000277563081a0 nmethod 4955 0x0000027707e8b310 code [0x0000027707e8b8a0, 0x0000027707e8e9b8]
Event: 4.730 Thread 0x0000027756307b00 nmethod 4908 0x0000027707e91010 code [0x0000027707e91c20, 0x0000027707e9a910]
Event: 4.768 Thread 0x000002775855c3f0 nmethod 4957 0x0000027707e9fa90 code [0x0000027707ea0160, 0x0000027707ea4620]
Event: 4.770 Thread 0x0000027756ab1040 5046       3       java.lang.reflect.Constructor::acquireConstructorAccessor (75 bytes)
Event: 4.770 Thread 0x0000027756ab1040 nmethod 5046 0x0000027700325510 code [0x0000027700325720, 0x0000027700325ce0]
Event: 4.772 Thread 0x0000027756307b00 5047   !   4       java.lang.invoke.MemberName::getMethodType (211 bytes)
Event: 4.772 Thread 0x00000277570d4e70 5048       3       org.eclipse.core.internal.resources.ResourceInfo::getType (8 bytes)
Event: 4.772 Thread 0x00000277570d4e70 nmethod 5048 0x0000027700295f90 code [0x0000027700296140, 0x0000027700296308]
Event: 4.773 Thread 0x0000027756307b00 nmethod 5047 0x0000027707cccc90 code [0x0000027707ccce60, 0x0000027707ccd2e0]

GC Heap History (20 events):
Event: 4.218 GC heap before
{Heap before GC invocations=12 (full 1):
 PSYoungGen      total 25600K, used 25214K [0x00000000eab00000, 0x00000000eca00000, 0x0000000100000000)
  eden space 22016K, 100% used [0x00000000eab00000,0x00000000ec080000,0x00000000ec080000)
  from space 3584K, 89% used [0x00000000ec680000,0x00000000ec99fb28,0x00000000eca00000)
  to   space 4096K, 0% used [0x00000000ec200000,0x00000000ec200000,0x00000000ec600000)
 ParOldGen       total 68608K, used 12966K [0x00000000c0000000, 0x00000000c4300000, 0x00000000eab00000)
  object space 68608K, 18% used [0x00000000c0000000,0x00000000c0ca9830,0x00000000c4300000)
 Metaspace       used 31735K, committed 32576K, reserved 1114112K
  class space    used 3105K, committed 3456K, reserved 1048576K
}
Event: 4.220 GC heap after
{Heap after GC invocations=12 (full 1):
 PSYoungGen      total 24576K, used 2240K [0x00000000eab00000, 0x00000000ec700000, 0x0000000100000000)
  eden space 22016K, 0% used [0x00000000eab00000,0x00000000eab00000,0x00000000ec080000)
  from space 2560K, 87% used [0x00000000ec200000,0x00000000ec430010,0x00000000ec480000)
  to   space 2560K, 0% used [0x00000000ec480000,0x00000000ec480000,0x00000000ec700000)
 ParOldGen       total 68608K, used 15910K [0x00000000c0000000, 0x00000000c4300000, 0x00000000eab00000)
  object space 68608K, 23% used [0x00000000c0000000,0x00000000c0f89b80,0x00000000c4300000)
 Metaspace       used 31735K, committed 32576K, reserved 1114112K
  class space    used 3105K, committed 3456K, reserved 1048576K
}
Event: 4.277 GC heap before
{Heap before GC invocations=13 (full 1):
 PSYoungGen      total 24576K, used 24256K [0x00000000eab00000, 0x00000000ec700000, 0x0000000100000000)
  eden space 22016K, 100% used [0x00000000eab00000,0x00000000ec080000,0x00000000ec080000)
  from space 2560K, 87% used [0x00000000ec200000,0x00000000ec430010,0x00000000ec480000)
  to   space 2560K, 0% used [0x00000000ec480000,0x00000000ec480000,0x00000000ec700000)
 ParOldGen       total 68608K, used 15910K [0x00000000c0000000, 0x00000000c4300000, 0x00000000eab00000)
  object space 68608K, 23% used [0x00000000c0000000,0x00000000c0f89b80,0x00000000c4300000)
 Metaspace       used 32175K, committed 33088K, reserved 1114112K
  class space    used 3178K, committed 3584K, reserved 1048576K
}
Event: 4.279 GC heap after
{Heap after GC invocations=13 (full 1):
 PSYoungGen      total 23552K, used 2530K [0x00000000eab00000, 0x00000000eca80000, 0x0000000100000000)
  eden space 20992K, 0% used [0x00000000eab00000,0x00000000eab00000,0x00000000ebf80000)
  from space 2560K, 98% used [0x00000000ec480000,0x00000000ec6f8860,0x00000000ec700000)
  to   space 5120K, 0% used [0x00000000ebf80000,0x00000000ebf80000,0x00000000ec480000)
 ParOldGen       total 68608K, used 17918K [0x00000000c0000000, 0x00000000c4300000, 0x00000000eab00000)
  object space 68608K, 26% used [0x00000000c0000000,0x00000000c117fb80,0x00000000c4300000)
 Metaspace       used 32175K, committed 33088K, reserved 1114112K
  class space    used 3178K, committed 3584K, reserved 1048576K
}
Event: 4.295 GC heap before
{Heap before GC invocations=14 (full 1):
 PSYoungGen      total 23552K, used 23522K [0x00000000eab00000, 0x00000000eca80000, 0x0000000100000000)
  eden space 20992K, 100% used [0x00000000eab00000,0x00000000ebf80000,0x00000000ebf80000)
  from space 2560K, 98% used [0x00000000ec480000,0x00000000ec6f8860,0x00000000ec700000)
  to   space 5120K, 0% used [0x00000000ebf80000,0x00000000ebf80000,0x00000000ec480000)
 ParOldGen       total 68608K, used 17918K [0x00000000c0000000, 0x00000000c4300000, 0x00000000eab00000)
  object space 68608K, 26% used [0x00000000c0000000,0x00000000c117fb80,0x00000000c4300000)
 Metaspace       used 32196K, committed 33152K, reserved 1114112K
  class space    used 3178K, committed 3584K, reserved 1048576K
}
Event: 4.296 GC heap after
{Heap after GC invocations=14 (full 1):
 PSYoungGen      total 23552K, used 2176K [0x00000000eab00000, 0x00000000ec580000, 0x0000000100000000)
  eden space 20992K, 0% used [0x00000000eab00000,0x00000000eab00000,0x00000000ebf80000)
  from space 2560K, 85% used [0x00000000ebf80000,0x00000000ec1a0000,0x00000000ec200000)
  to   space 3072K, 0% used [0x00000000ec280000,0x00000000ec280000,0x00000000ec580000)
 ParOldGen       total 68608K, used 20374K [0x00000000c0000000, 0x00000000c4300000, 0x00000000eab00000)
  object space 68608K, 29% used [0x00000000c0000000,0x00000000c13e5860,0x00000000c4300000)
 Metaspace       used 32196K, committed 33152K, reserved 1114112K
  class space    used 3178K, committed 3584K, reserved 1048576K
}
Event: 4.310 GC heap before
{Heap before GC invocations=15 (full 1):
 PSYoungGen      total 23552K, used 23168K [0x00000000eab00000, 0x00000000ec580000, 0x0000000100000000)
  eden space 20992K, 100% used [0x00000000eab00000,0x00000000ebf80000,0x00000000ebf80000)
  from space 2560K, 85% used [0x00000000ebf80000,0x00000000ec1a0000,0x00000000ec200000)
  to   space 3072K, 0% used [0x00000000ec280000,0x00000000ec280000,0x00000000ec580000)
 ParOldGen       total 68608K, used 20374K [0x00000000c0000000, 0x00000000c4300000, 0x00000000eab00000)
  object space 68608K, 29% used [0x00000000c0000000,0x00000000c13e5860,0x00000000c4300000)
 Metaspace       used 32208K, committed 33152K, reserved 1114112K
  class space    used 3178K, committed 3584K, reserved 1048576K
}
Event: 4.312 GC heap after
{Heap after GC invocations=15 (full 1):
 PSYoungGen      total 23552K, used 2212K [0x00000000eab00000, 0x00000000ec500000, 0x0000000100000000)
  eden space 20992K, 0% used [0x00000000eab00000,0x00000000eab00000,0x00000000ebf80000)
  from space 2560K, 86% used [0x00000000ec280000,0x00000000ec4a9000,0x00000000ec500000)
  to   space 2560K, 0% used [0x00000000ebf80000,0x00000000ebf80000,0x00000000ec200000)
 ParOldGen       total 68608K, used 22354K [0x00000000c0000000, 0x00000000c4300000, 0x00000000eab00000)
  object space 68608K, 32% used [0x00000000c0000000,0x00000000c15d4bc0,0x00000000c4300000)
 Metaspace       used 32208K, committed 33152K, reserved 1114112K
  class space    used 3178K, committed 3584K, reserved 1048576K
}
Event: 4.331 GC heap before
{Heap before GC invocations=16 (full 1):
 PSYoungGen      total 23552K, used 23204K [0x00000000eab00000, 0x00000000ec500000, 0x0000000100000000)
  eden space 20992K, 100% used [0x00000000eab00000,0x00000000ebf80000,0x00000000ebf80000)
  from space 2560K, 86% used [0x00000000ec280000,0x00000000ec4a9000,0x00000000ec500000)
  to   space 2560K, 0% used [0x00000000ebf80000,0x00000000ebf80000,0x00000000ec200000)
 ParOldGen       total 68608K, used 22354K [0x00000000c0000000, 0x00000000c4300000, 0x00000000eab00000)
  object space 68608K, 32% used [0x00000000c0000000,0x00000000c15d4bc0,0x00000000c4300000)
 Metaspace       used 32269K, committed 33216K, reserved 1114112K
  class space    used 3181K, committed 3584K, reserved 1048576K
}
Event: 4.332 GC heap after
{Heap after GC invocations=16 (full 1):
 PSYoungGen      total 23552K, used 2304K [0x00000000eab00000, 0x00000000ec480000, 0x0000000100000000)
  eden space 20992K, 0% used [0x00000000eab00000,0x00000000eab00000,0x00000000ebf80000)
  from space 2560K, 90% used [0x00000000ebf80000,0x00000000ec1c0010,0x00000000ec200000)
  to   space 2560K, 0% used [0x00000000ec200000,0x00000000ec200000,0x00000000ec480000)
 ParOldGen       total 68608K, used 24360K [0x00000000c0000000, 0x00000000c4300000, 0x00000000eab00000)
  object space 68608K, 35% used [0x00000000c0000000,0x00000000c17ca3d8,0x00000000c4300000)
 Metaspace       used 32269K, committed 33216K, reserved 1114112K
  class space    used 3181K, committed 3584K, reserved 1048576K
}
Event: 4.352 GC heap before
{Heap before GC invocations=17 (full 1):
 PSYoungGen      total 23552K, used 23296K [0x00000000eab00000, 0x00000000ec480000, 0x0000000100000000)
  eden space 20992K, 100% used [0x00000000eab00000,0x00000000ebf80000,0x00000000ebf80000)
  from space 2560K, 90% used [0x00000000ebf80000,0x00000000ec1c0010,0x00000000ec200000)
  to   space 2560K, 0% used [0x00000000ec200000,0x00000000ec200000,0x00000000ec480000)
 ParOldGen       total 68608K, used 24360K [0x00000000c0000000, 0x00000000c4300000, 0x00000000eab00000)
  object space 68608K, 35% used [0x00000000c0000000,0x00000000c17ca3d8,0x00000000c4300000)
 Metaspace       used 32395K, committed 33280K, reserved 1114112K
  class space    used 3182K, committed 3584K, reserved 1048576K
}
Event: 4.353 GC heap after
{Heap after GC invocations=17 (full 1):
 PSYoungGen      total 23552K, used 2040K [0x00000000eab00000, 0x00000000ec480000, 0x0000000100000000)
  eden space 20992K, 0% used [0x00000000eab00000,0x00000000eab00000,0x00000000ebf80000)
  from space 2560K, 79% used [0x00000000ec200000,0x00000000ec3fe200,0x00000000ec480000)
  to   space 2560K, 0% used [0x00000000ebf80000,0x00000000ebf80000,0x00000000ec200000)
 ParOldGen       total 68608K, used 26416K [0x00000000c0000000, 0x00000000c4300000, 0x00000000eab00000)
  object space 68608K, 38% used [0x00000000c0000000,0x00000000c19cc3e8,0x00000000c4300000)
 Metaspace       used 32395K, committed 33280K, reserved 1114112K
  class space    used 3182K, committed 3584K, reserved 1048576K
}
Event: 4.456 GC heap before
{Heap before GC invocations=18 (full 1):
 PSYoungGen      total 23552K, used 23032K [0x00000000eab00000, 0x00000000ec480000, 0x0000000100000000)
  eden space 20992K, 100% used [0x00000000eab00000,0x00000000ebf80000,0x00000000ebf80000)
  from space 2560K, 79% used [0x00000000ec200000,0x00000000ec3fe200,0x00000000ec480000)
  to   space 2560K, 0% used [0x00000000ebf80000,0x00000000ebf80000,0x00000000ec200000)
 ParOldGen       total 68608K, used 26416K [0x00000000c0000000, 0x00000000c4300000, 0x00000000eab00000)
  object space 68608K, 38% used [0x00000000c0000000,0x00000000c19cc3e8,0x00000000c4300000)
 Metaspace       used 33613K, committed 34624K, reserved 1114112K
  class space    used 3334K, committed 3776K, reserved 1048576K
}
Event: 4.457 GC heap after
{Heap after GC invocations=18 (full 1):
 PSYoungGen      total 23040K, used 1669K [0x00000000eab00000, 0x00000000ec380000, 0x0000000100000000)
  eden space 20992K, 0% used [0x00000000eab00000,0x00000000eab00000,0x00000000ebf80000)
  from space 2048K, 81% used [0x00000000ebf80000,0x00000000ec1217e8,0x00000000ec180000)
  to   space 2048K, 0% used [0x00000000ec180000,0x00000000ec180000,0x00000000ec380000)
 ParOldGen       total 68608K, used 28249K [0x00000000c0000000, 0x00000000c4300000, 0x00000000eab00000)
  object space 68608K, 41% used [0x00000000c0000000,0x00000000c1b965e8,0x00000000c4300000)
 Metaspace       used 33613K, committed 34624K, reserved 1114112K
  class space    used 3334K, committed 3776K, reserved 1048576K
}
Event: 4.552 GC heap before
{Heap before GC invocations=19 (full 1):
 PSYoungGen      total 23040K, used 21184K [0x00000000eab00000, 0x00000000ec380000, 0x0000000100000000)
  eden space 20992K, 92% used [0x00000000eab00000,0x00000000ebe0e930,0x00000000ebf80000)
  from space 2048K, 81% used [0x00000000ebf80000,0x00000000ec1217e8,0x00000000ec180000)
  to   space 2048K, 0% used [0x00000000ec180000,0x00000000ec180000,0x00000000ec380000)
 ParOldGen       total 68608K, used 28249K [0x00000000c0000000, 0x00000000c4300000, 0x00000000eab00000)
  object space 68608K, 41% used [0x00000000c0000000,0x00000000c1b965e8,0x00000000c4300000)
 Metaspace       used 34822K, committed 35840K, reserved 1114112K
  class space    used 3492K, committed 3968K, reserved 1048576K
}
Event: 4.553 GC heap after
{Heap after GC invocations=19 (full 1):
 PSYoungGen      total 22016K, used 752K [0x00000000eab00000, 0x00000000ec280000, 0x0000000100000000)
  eden space 20992K, 0% used [0x00000000eab00000,0x00000000eab00000,0x00000000ebf80000)
  from space 1024K, 73% used [0x00000000ec180000,0x00000000ec23c190,0x00000000ec280000)
  to   space 1536K, 0% used [0x00000000ebf80000,0x00000000ebf80000,0x00000000ec100000)
 ParOldGen       total 68608K, used 29633K [0x00000000c0000000, 0x00000000c4300000, 0x00000000eab00000)
  object space 68608K, 43% used [0x00000000c0000000,0x00000000c1cf0550,0x00000000c4300000)
 Metaspace       used 34822K, committed 35840K, reserved 1114112K
  class space    used 3492K, committed 3968K, reserved 1048576K
}
Event: 4.553 GC heap before
{Heap before GC invocations=20 (full 2):
 PSYoungGen      total 22016K, used 752K [0x00000000eab00000, 0x00000000ec280000, 0x0000000100000000)
  eden space 20992K, 0% used [0x00000000eab00000,0x00000000eab00000,0x00000000ebf80000)
  from space 1024K, 73% used [0x00000000ec180000,0x00000000ec23c190,0x00000000ec280000)
  to   space 1536K, 0% used [0x00000000ebf80000,0x00000000ebf80000,0x00000000ec100000)
 ParOldGen       total 68608K, used 29633K [0x00000000c0000000, 0x00000000c4300000, 0x00000000eab00000)
  object space 68608K, 43% used [0x00000000c0000000,0x00000000c1cf0550,0x00000000c4300000)
 Metaspace       used 34822K, committed 35840K, reserved 1114112K
  class space    used 3492K, committed 3968K, reserved 1048576K
}
Event: 4.571 GC heap after
{Heap after GC invocations=20 (full 2):
 PSYoungGen      total 22016K, used 0K [0x00000000eab00000, 0x00000000ec280000, 0x0000000100000000)
  eden space 20992K, 0% used [0x00000000eab00000,0x00000000eab00000,0x00000000ebf80000)
  from space 1024K, 0% used [0x00000000ec180000,0x00000000ec180000,0x00000000ec280000)
  to   space 1536K, 0% used [0x00000000ebf80000,0x00000000ebf80000,0x00000000ec100000)
 ParOldGen       total 68608K, used 28109K [0x00000000c0000000, 0x00000000c4300000, 0x00000000eab00000)
  object space 68608K, 40% used [0x00000000c0000000,0x00000000c1b73478,0x00000000c4300000)
 Metaspace       used 34748K, committed 35840K, reserved 1114112K
  class space    used 3471K, committed 3968K, reserved 1048576K
}
Event: 4.668 GC heap before
{Heap before GC invocations=21 (full 2):
 PSYoungGen      total 22016K, used 20992K [0x00000000eab00000, 0x00000000ec280000, 0x0000000100000000)
  eden space 20992K, 100% used [0x00000000eab00000,0x00000000ebf80000,0x00000000ebf80000)
  from space 1024K, 0% used [0x00000000ec180000,0x00000000ec180000,0x00000000ec280000)
  to   space 1536K, 0% used [0x00000000ebf80000,0x00000000ebf80000,0x00000000ec100000)
 ParOldGen       total 68608K, used 28109K [0x00000000c0000000, 0x00000000c4300000, 0x00000000eab00000)
  object space 68608K, 40% used [0x00000000c0000000,0x00000000c1b73478,0x00000000c4300000)
 Metaspace       used 36875K, committed 37824K, reserved 1114112K
  class space    used 3646K, committed 4096K, reserved 1048576K
}
Event: 4.669 GC heap after
{Heap after GC invocations=21 (full 2):
 PSYoungGen      total 22528K, used 768K [0x00000000eab00000, 0x00000000ec200000, 0x0000000100000000)
  eden space 20992K, 0% used [0x00000000eab00000,0x00000000eab00000,0x00000000ebf80000)
  from space 1536K, 50% used [0x00000000ebf80000,0x00000000ec040000,0x00000000ec100000)
  to   space 1024K, 0% used [0x00000000ec100000,0x00000000ec100000,0x00000000ec200000)
 ParOldGen       total 68608K, used 28117K [0x00000000c0000000, 0x00000000c4300000, 0x00000000eab00000)
  object space 68608K, 40% used [0x00000000c0000000,0x00000000c1b75478,0x00000000c4300000)
 Metaspace       used 36875K, committed 37824K, reserved 1114112K
  class space    used 3646K, committed 4096K, reserved 1048576K
}

Dll operation events (10 events):
Event: 0.031 Loaded shared library c:\Users\Rajesh\.vscode\extensions\redhat.java-1.42.0-win32-x64\jre\21.0.7-win32-x86_64\bin\java.dll
Event: 0.086 Loaded shared library c:\Users\Rajesh\.vscode\extensions\redhat.java-1.42.0-win32-x64\jre\21.0.7-win32-x86_64\bin\zip.dll
Event: 0.095 Loaded shared library C:\Users\Rajesh\.vscode\extensions\redhat.java-1.42.0-win32-x64\jre\21.0.7-win32-x86_64\bin\instrument.dll
Event: 0.100 Loaded shared library C:\Users\Rajesh\.vscode\extensions\redhat.java-1.42.0-win32-x64\jre\21.0.7-win32-x86_64\bin\net.dll
Event: 0.104 Loaded shared library C:\Users\Rajesh\.vscode\extensions\redhat.java-1.42.0-win32-x64\jre\21.0.7-win32-x86_64\bin\nio.dll
Event: 0.105 Loaded shared library C:\Users\Rajesh\.vscode\extensions\redhat.java-1.42.0-win32-x64\jre\21.0.7-win32-x86_64\bin\zip.dll
Event: 0.114 Loaded shared library C:\Users\Rajesh\.vscode\extensions\redhat.java-1.42.0-win32-x64\jre\21.0.7-win32-x86_64\bin\jimage.dll
Event: 0.146 Loaded shared library c:\Users\Rajesh\.vscode\extensions\redhat.java-1.42.0-win32-x64\jre\21.0.7-win32-x86_64\bin\verify.dll
Event: 2.638 Loaded shared library C:\Users\Rajesh\AppData\Roaming\Code\User\globalStorage\redhat.java\1.42.0\config_ss_win\org.eclipse.equinox.launcher\org.eclipse.equinox.launcher.win32.win32.x86_64_1.2.1300.v20250331-1702\eclipse_11911.dll
Event: 3.540 Loaded shared library C:\Users\Rajesh\AppData\Local\Temp\jna--1854536801\jna11582654289160535056.dll

Deoptimization events (20 events):
Event: 4.595 Thread 0x00000277582fe620 DEOPT PACKING pc=0x0000027700281c7b sp=0x000000ea00cfbc10
Event: 4.595 Thread 0x00000277582fe620 DEOPT UNPACKING pc=0x0000027707464242 sp=0x000000ea00cfb148 mode 0
Event: 4.604 Thread 0x00000277582fe620 Uncommon trap: trap_request=0xffffff45 fr.pc=0x0000027707e7edc4 relative=0x0000000000000b84
Event: 4.604 Thread 0x00000277582fe620 Uncommon trap: reason=unstable_if action=reinterpret pc=0x0000027707e7edc4 method=java.util.TreeMap.put(Ljava/lang/Object;Ljava/lang/Object;Z)Ljava/lang/Object; @ 27 c2
Event: 4.604 Thread 0x00000277582fe620 DEOPT PACKING pc=0x0000027707e7edc4 sp=0x000000ea00cfd220
Event: 4.604 Thread 0x00000277582fe620 DEOPT UNPACKING pc=0x0000027707463aa2 sp=0x000000ea00cfd1c0 mode 2
Event: 4.606 Thread 0x00000277581defa0 Uncommon trap: trap_request=0xffffff54 fr.pc=0x0000027707e3801c relative=0x0000000000004dbc
Event: 4.606 Thread 0x0000027758301410 Uncommon trap: trap_request=0xffffff54 fr.pc=0x0000027707e3801c relative=0x0000000000004dbc
Event: 4.606 Thread 0x0000027758301410 Uncommon trap: reason=speculate_null_assert action=make_not_entrant pc=0x0000027707e3801c method=jdk.internal.util.ReferencedKeyMap.internKey(Ljdk/internal/util/ReferencedKeyMap;Ljava/lang/Object;)Ljava/lang/Object; @ 28 c2
Event: 4.606 Thread 0x00000277581defa0 Uncommon trap: reason=speculate_null_assert action=make_not_entrant pc=0x0000027707e3801c method=jdk.internal.util.ReferencedKeyMap.internKey(Ljdk/internal/util/ReferencedKeyMap;Ljava/lang/Object;)Ljava/lang/Object; @ 28 c2
Event: 4.606 Thread 0x0000027758301410 DEOPT PACKING pc=0x0000027707e3801c sp=0x000000ea00efe1a0
Event: 4.606 Thread 0x00000277581defa0 DEOPT PACKING pc=0x0000027707e3801c sp=0x000000ea00ffe170
Event: 4.606 Thread 0x0000027758301410 DEOPT UNPACKING pc=0x0000027707463aa2 sp=0x000000ea00efe060 mode 2
Event: 4.606 Thread 0x00000277581defa0 DEOPT UNPACKING pc=0x0000027707463aa2 sp=0x000000ea00ffe030 mode 2
Event: 4.608 Thread 0x00000277582fe620 DEOPT PACKING pc=0x0000027700140639 sp=0x000000ea00cf84b0
Event: 4.608 Thread 0x00000277582fe620 DEOPT UNPACKING pc=0x0000027707464242 sp=0x000000ea00cf79b0 mode 0
Event: 4.683 Thread 0x00000277582fe620 Uncommon trap: trap_request=0xffffff45 fr.pc=0x0000027707e48478 relative=0x0000000000000798
Event: 4.683 Thread 0x00000277582fe620 Uncommon trap: reason=unstable_if action=reinterpret pc=0x0000027707e48478 method=java.util.ArrayList.equals(Ljava/lang/Object;)Z @ 27 c2
Event: 4.683 Thread 0x00000277582fe620 DEOPT PACKING pc=0x0000027707e48478 sp=0x000000ea00cfe7a0
Event: 4.683 Thread 0x00000277582fe620 DEOPT UNPACKING pc=0x0000027707463aa2 sp=0x000000ea00cfe758 mode 2

Classes loaded (20 events):
Event: 4.260 Loading class java/nio/channels/NonWritableChannelException
Event: 4.260 Loading class java/nio/channels/NonWritableChannelException done
Event: 4.316 Loading class java/lang/invoke/MethodHandleImpl$CountingWrapper$1
Event: 4.317 Loading class java/lang/invoke/MethodHandleImpl$CountingWrapper$1 done
Event: 4.404 Loading class java/lang/ExceptionInInitializerError
Event: 4.404 Loading class java/lang/ExceptionInInitializerError done
Event: 4.523 Loading class java/util/Vector$1
Event: 4.524 Loading class java/util/Vector$1 done
Event: 4.615 Loading class java/util/regex/Pattern$Caret
Event: 4.615 Loading class java/util/regex/Pattern$Caret done
Event: 4.625 Loading class java/util/regex/Pattern$LazyLoop
Event: 4.625 Loading class java/util/regex/Pattern$LazyLoop done
Event: 4.642 Loading class java/util/Hashtable$ValueCollection
Event: 4.642 Loading class java/util/Hashtable$ValueCollection done
Event: 4.678 Loading class java/util/WeakHashMap$KeyIterator
Event: 4.679 Loading class java/util/WeakHashMap$KeyIterator done
Event: 4.689 Loading class java/util/regex/PatternSyntaxException
Event: 4.689 Loading class java/util/regex/PatternSyntaxException done
Event: 4.696 Loading class sun/reflect/misc/ReflectUtil
Event: 4.696 Loading class sun/reflect/misc/ReflectUtil done

Classes unloaded (20 events):
Event: 4.558 Thread 0x000002777715e850 Unloading class 0x0000027710369800 'java/lang/invoke/LambdaForm$MH+0x0000027710369800'
Event: 4.558 Thread 0x000002777715e850 Unloading class 0x0000027710369400 'java/lang/invoke/LambdaForm$MH+0x0000027710369400'
Event: 4.558 Thread 0x000002777715e850 Unloading class 0x0000027710365c00 'java/lang/invoke/LambdaForm$MH+0x0000027710365c00'
Event: 4.558 Thread 0x000002777715e850 Unloading class 0x0000027710365800 'java/lang/invoke/LambdaForm$MH+0x0000027710365800'
Event: 4.558 Thread 0x000002777715e850 Unloading class 0x0000027710365000 'java/lang/invoke/LambdaForm$MH+0x0000027710365000'
Event: 4.558 Thread 0x000002777715e850 Unloading class 0x0000027710364c00 'java/lang/invoke/LambdaForm$MH+0x0000027710364c00'
Event: 4.558 Thread 0x000002777715e850 Unloading class 0x0000027710364400 'java/lang/invoke/LambdaForm$MH+0x0000027710364400'
Event: 4.558 Thread 0x000002777715e850 Unloading class 0x0000027710364000 'java/lang/invoke/LambdaForm$MH+0x0000027710364000'
Event: 4.558 Thread 0x000002777715e850 Unloading class 0x0000027710363800 'java/lang/invoke/LambdaForm$MH+0x0000027710363800'
Event: 4.558 Thread 0x000002777715e850 Unloading class 0x0000027710363400 'java/lang/invoke/LambdaForm$MH+0x0000027710363400'
Event: 4.558 Thread 0x000002777715e850 Unloading class 0x0000027710362c00 'java/lang/invoke/LambdaForm$MH+0x0000027710362c00'
Event: 4.558 Thread 0x000002777715e850 Unloading class 0x0000027710362800 'java/lang/invoke/LambdaForm$MH+0x0000027710362800'
Event: 4.558 Thread 0x000002777715e850 Unloading class 0x0000027710362000 'java/lang/invoke/LambdaForm$MH+0x0000027710362000'
Event: 4.558 Thread 0x000002777715e850 Unloading class 0x0000027710361c00 'java/lang/invoke/LambdaForm$MH+0x0000027710361c00'
Event: 4.558 Thread 0x000002777715e850 Unloading class 0x0000027710361400 'java/lang/invoke/LambdaForm$MH+0x0000027710361400'
Event: 4.558 Thread 0x000002777715e850 Unloading class 0x0000027710361000 'java/lang/invoke/LambdaForm$MH+0x0000027710361000'
Event: 4.558 Thread 0x000002777715e850 Unloading class 0x0000027710360c00 'java/lang/invoke/LambdaForm$MH+0x0000027710360c00'
Event: 4.558 Thread 0x000002777715e850 Unloading class 0x0000027710360800 'java/lang/invoke/LambdaForm$MH+0x0000027710360800'
Event: 4.558 Thread 0x000002777715e850 Unloading class 0x0000027710360000 'java/lang/invoke/LambdaForm$DMH+0x0000027710360000'
Event: 4.558 Thread 0x000002777715e850 Unloading class 0x000002771035dc00 'java/lang/invoke/LambdaForm$DMH+0x000002771035dc00'

Classes redefined (0 events):
No events

Internal exceptions (20 events):
Event: 4.193 Thread 0x00000277582fe620 Exception <a 'java/lang/NoSuchMethodError'{0x00000000ebbe8938}: 'int java.lang.invoke.Invokers$Holder.linkToTargetMethod(java.lang.Object, java.lang.Object)'> (0x00000000ebbe8938) 
thrown [s\src\hotspot\share\interpreter\linkResolver.cpp, line 773]
Event: 4.193 Thread 0x0000027758301410 Exception <a 'java/lang/NoSuchMethodError'{0x00000000ebc0bfb0}: 'int java.lang.invoke.Invokers$Holder.linkToTargetMethod(java.lang.Object, java.lang.Object)'> (0x00000000ebc0bfb0) 
thrown [s\src\hotspot\share\interpreter\linkResolver.cpp, line 773]
Event: 4.193 Thread 0x00000277581defa0 Exception <a 'java/lang/NoSuchMethodError'{0x00000000ebc0ff58}: 'int java.lang.invoke.Invokers$Holder.linkToTargetMethod(java.lang.Object, java.lang.Object)'> (0x00000000ebc0ff58) 
thrown [s\src\hotspot\share\interpreter\linkResolver.cpp, line 773]
Event: 4.232 Thread 0x0000027758301410 Exception <a 'java/lang/NoSuchMethodError'{0x00000000eb107818}: 'int java.lang.invoke.DirectMethodHandle$Holder.invokeSpecial(java.lang.Object, java.lang.Object, java.lang.Object, java.lang.Object)'> (0x00000000eb107818) 
thrown [s\src\hotspot\share\interpreter\linkResolver.cpp, line 773]
Event: 4.232 Thread 0x00000277581defa0 Exception <a 'java/lang/NoSuchMethodError'{0x00000000eb109658}: 'int java.lang.invoke.DirectMethodHandle$Holder.invokeSpecial(java.lang.Object, java.lang.Object, java.lang.Object, java.lang.Object)'> (0x00000000eb109658) 
thrown [s\src\hotspot\share\interpreter\linkResolver.cpp, line 773]
Event: 4.233 Thread 0x00000277581defa0 Exception <a 'java/lang/NoSuchMethodError'{0x00000000eb125030}: 'java.lang.Object java.lang.invoke.DirectMethodHandle$Holder.invokeStatic(java.lang.Object, int, java.lang.Object, java.lang.Object)'> (0x00000000eb125030) 
thrown [s\src\hotspot\share\interpreter\linkResolver.cpp, line 773]
Event: 4.233 Thread 0x0000027758301410 Exception <a 'java/lang/NoSuchMethodError'{0x00000000eb11ecc8}: 'java.lang.Object java.lang.invoke.DirectMethodHandle$Holder.invokeStatic(java.lang.Object, int, java.lang.Object, java.lang.Object)'> (0x00000000eb11ecc8) 
thrown [s\src\hotspot\share\interpreter\linkResolver.cpp, line 773]
Event: 4.234 Thread 0x0000027758301410 Exception <a 'java/lang/NoSuchMethodError'{0x00000000eb12be38}: 'java.lang.Object java.lang.invoke.DelegatingMethodHandle$Holder.delegate(java.lang.Object, int, java.lang.Object, java.lang.Object)'> (0x00000000eb12be38) 
thrown [s\src\hotspot\share\interpreter\linkResolver.cpp, line 773]
Event: 4.234 Thread 0x00000277581defa0 Exception <a 'java/lang/NoSuchMethodError'{0x00000000eb128a90}: 'java.lang.Object java.lang.invoke.DelegatingMethodHandle$Holder.delegate(java.lang.Object, int, java.lang.Object, java.lang.Object)'> (0x00000000eb128a90) 
thrown [s\src\hotspot\share\interpreter\linkResolver.cpp, line 773]
Event: 4.235 Thread 0x00000277581defa0 Implicit null exception at 0x0000027707dc58e4 to 0x0000027707dc5bb8
Event: 4.235 Thread 0x0000027758301410 Implicit null exception at 0x0000027707dc58e4 to 0x0000027707dc5bb8
Event: 4.236 Thread 0x0000027758301410 Exception <a 'java/lang/NoSuchMethodError'{0x00000000eb14e008}: 'int java.lang.invoke.Invokers$Holder.linkToTargetMethod(java.lang.Object, java.lang.Object, java.lang.Object)'> (0x00000000eb14e008) 
thrown [s\src\hotspot\share\interpreter\linkResolver.cpp, line 773]
Event: 4.236 Thread 0x00000277581defa0 Exception <a 'java/lang/NoSuchMethodError'{0x00000000eb1548c0}: 'int java.lang.invoke.Invokers$Holder.linkToTargetMethod(java.lang.Object, java.lang.Object, java.lang.Object)'> (0x00000000eb1548c0) 
thrown [s\src\hotspot\share\interpreter\linkResolver.cpp, line 773]
Event: 4.486 Thread 0x00000277581defa0 Exception <a 'java/lang/LinkageError'{0x00000000eaee17f8}: loader lombok.launch.ShadowClassLoader @34a92e9 attempted duplicate class definition for lombok.launch.PatchFixesHider$Transform. (lombok.launch.PatchFixesHider$Transform is in unnamed module of loader lombok.launch.ShadowClassLoader @34a92e9, parent loader org.eclipse.osgi.internal.loader.EquinoxClassLoader @59665fb5)> (0x00000000eaee17f8) 
thrown [s\src\hotspot\share\classfile\systemDictionary.cpp, line 1682]
Event: 4.487 Thread 0x0000027758301410 Exception <a 'java/lang/LinkageError'{0x00000000eaf11298}: loader lombok.launch.ShadowClassLoader @34a92e9 attempted duplicate class definition for lombok.launch.PatchFixesHider$Transform. (lombok.launch.PatchFixesHider$Transform is in unnamed module of loader lombok.launch.ShadowClassLoader @34a92e9, parent loader org.eclipse.osgi.internal.loader.EquinoxClassLoader @59665fb5)> (0x00000000eaf11298) 
thrown [s\src\hotspot\share\classfile\systemDictionary.cpp, line 1682]
Event: 4.604 Thread 0x00000277582fe620 Implicit null exception at 0x0000027707e7e29d to 0x0000027707e7eda0
Event: 4.643 Thread 0x0000027758301410 Exception <a 'java/lang/NoSuchMethodError'{0x00000000ebb70948}: 'java.lang.Object java.lang.invoke.DirectMethodHandle$Holder.invokeSpecial(java.lang.Object, java.lang.Object, java.lang.Object, java.lang.Object, int, java.lang.Object, java.lang.Object)'> (0x00000000ebb70948) 
thrown [s\src\hotspot\share\interpreter\linkResolver.cpp, line 773]
Event: 4.643 Thread 0x00000277581defa0 Exception <a 'java/lang/NoSuchMethodError'{0x00000000ebb730c8}: 'java.lang.Object java.lang.invoke.DirectMethodHandle$Holder.invokeSpecial(java.lang.Object, java.lang.Object, java.lang.Object, java.lang.Object, int, java.lang.Object, java.lang.Object)'> (0x00000000ebb730c8) 
thrown [s\src\hotspot\share\interpreter\linkResolver.cpp, line 773]
Event: 4.685 Thread 0x00000277582fe620 Exception <a 'java/lang/IncompatibleClassChangeError'{0x00000000eac19160}: Found class java.lang.Object, but interface was expected> (0x00000000eac19160) 
thrown [s\src\hotspot\share\interpreter\linkResolver.cpp, line 840]
Event: 4.687 Thread 0x00000277582fe620 Exception <a 'java/lang/IncompatibleClassChangeError'{0x00000000eac3a1a0}: Found class java.lang.Object, but interface was expected> (0x00000000eac3a1a0) 
thrown [s\src\hotspot\share\interpreter\linkResolver.cpp, line 840]

ZGC Phase Switch (0 events):
No events

VM Operations (20 events):
Event: 4.218 Executing VM operation: ParallelGCFailedAllocation (Allocation Failure)
Event: 4.220 Executing VM operation: ParallelGCFailedAllocation (Allocation Failure) done
Event: 4.277 Executing VM operation: ParallelGCFailedAllocation (Allocation Failure)
Event: 4.279 Executing VM operation: ParallelGCFailedAllocation (Allocation Failure) done
Event: 4.295 Executing VM operation: ParallelGCFailedAllocation (Allocation Failure)
Event: 4.296 Executing VM operation: ParallelGCFailedAllocation (Allocation Failure) done
Event: 4.310 Executing VM operation: ParallelGCFailedAllocation (Allocation Failure)
Event: 4.312 Executing VM operation: ParallelGCFailedAllocation (Allocation Failure) done
Event: 4.331 Executing VM operation: ParallelGCFailedAllocation (Allocation Failure)
Event: 4.332 Executing VM operation: ParallelGCFailedAllocation (Allocation Failure) done
Event: 4.352 Executing VM operation: ParallelGCFailedAllocation (Allocation Failure)
Event: 4.353 Executing VM operation: ParallelGCFailedAllocation (Allocation Failure) done
Event: 4.456 Executing VM operation: ParallelGCFailedAllocation (Allocation Failure)
Event: 4.457 Executing VM operation: ParallelGCFailedAllocation (Allocation Failure) done
Event: 4.471 Executing VM operation: HandshakeAllThreads (Deoptimize)
Event: 4.471 Executing VM operation: HandshakeAllThreads (Deoptimize) done
Event: 4.552 Executing VM operation: CollectForMetadataAllocation (Metadata GC Threshold)
Event: 4.571 Executing VM operation: CollectForMetadataAllocation (Metadata GC Threshold) done
Event: 4.668 Executing VM operation: ParallelGCFailedAllocation (Allocation Failure)
Event: 4.669 Executing VM operation: ParallelGCFailedAllocation (Allocation Failure) done

Memory protections (0 events):
No events

Nmethod flushes (20 events):
Event: 4.561 Thread 0x000002777715e850 flushing  nmethod 0x0000027700387390
Event: 4.561 Thread 0x000002777715e850 flushing  nmethod 0x0000027700387690
Event: 4.561 Thread 0x000002777715e850 flushing  nmethod 0x0000027700397890
Event: 4.561 Thread 0x000002777715e850 flushing  nmethod 0x000002770039e990
Event: 4.561 Thread 0x000002777715e850 flushing  nmethod 0x0000027700423e10
Event: 4.561 Thread 0x000002777715e850 flushing  nmethod 0x0000027700471b90
Event: 4.561 Thread 0x000002777715e850 flushing  nmethod 0x0000027700472490
Event: 4.561 Thread 0x000002777715e850 flushing  nmethod 0x0000027700472990
Event: 4.561 Thread 0x000002777715e850 flushing  nmethod 0x000002770049c510
Event: 4.561 Thread 0x000002777715e850 flushing  nmethod 0x000002770049d490
Event: 4.561 Thread 0x000002777715e850 flushing  nmethod 0x00000277004a2e90
Event: 4.561 Thread 0x000002777715e850 flushing  nmethod 0x00000277004cc190
Event: 4.561 Thread 0x000002777715e850 flushing  nmethod 0x00000277004e0610
Event: 4.561 Thread 0x000002777715e850 flushing  nmethod 0x000002770051ea10
Event: 4.561 Thread 0x000002777715e850 flushing  nmethod 0x0000027700523910
Event: 4.561 Thread 0x000002777715e850 flushing  nmethod 0x000002770052ec10
Event: 4.561 Thread 0x000002777715e850 flushing  nmethod 0x0000027700532d90
Event: 4.561 Thread 0x000002777715e850 flushing  nmethod 0x0000027700533290
Event: 4.561 Thread 0x000002777715e850 flushing  nmethod 0x0000027700537e90
Event: 4.561 Thread 0x000002777715e850 flushing  nmethod 0x0000027700539410

Events (20 events):
Event: 3.967 Thread 0x000002777709ae80 Thread added: 0x0000027758300d80
Event: 3.967 Thread 0x000002777709ae80 Thread added: 0x00000277582fbec0
Event: 3.967 Thread 0x000002777709ae80 Thread added: 0x00000277582fdf90
Event: 3.967 Thread 0x000002777709ae80 Thread added: 0x0000027758301aa0
Event: 3.967 Thread 0x000002777709ae80 Thread added: 0x00000277582fb1a0
Event: 3.968 Thread 0x000002777709ae80 Thread added: 0x00000277582fecb0
Event: 3.975 Thread 0x000002777709ae80 Thread added: 0x0000027758300060
Event: 4.040 Thread 0x00000277561063d0 Thread added: 0x00000277583006f0
Event: 4.047 Thread 0x000002777709ae80 Thread added: 0x00000277583027c0
Event: 4.047 Thread 0x000002777709ae80 Thread added: 0x00000277582fe620
Event: 4.121 Thread 0x00000277582fe620 Thread added: 0x0000027758301410
Event: 4.121 Thread 0x00000277582fe620 Thread added: 0x00000277581defa0
Event: 4.211 Thread 0x000002775701c150 Thread added: 0x00000277586a3b50
Event: 4.211 Thread 0x000002775701c150 Thread added: 0x00000277585e22c0
Event: 4.217 Thread 0x00000277586a3b50 Thread added: 0x00000277586858b0
Event: 4.217 Thread 0x00000277586a3b50 Thread added: 0x000002775855c3f0
Event: 4.217 Thread 0x000002777dcc19b0 Thread added: 0x00000277584315b0
Event: 4.574 Thread 0x00000277584315b0 Thread exited: 0x00000277584315b0
Event: 4.686 Thread 0x00000277582fe620 Thread added: 0x00000277581e2420
Event: 4.688 Thread 0x00000277582fe620 Thread added: 0x00000277581e09e0


Dynamic libraries:
0x00007ff74c6a0000 - 0x00007ff74c6ae000 	c:\Users\Rajesh\.vscode\extensions\redhat.java-1.42.0-win32-x64\jre\21.0.7-win32-x86_64\bin\java.exe
0x00007ffe71890000 - 0x00007ffe71aa7000 	C:\Windows\SYSTEM32\ntdll.dll
0x00007ffe70720000 - 0x00007ffe707e4000 	C:\Windows\System32\KERNEL32.DLL
0x00007ffe6ecd0000 - 0x00007ffe6f087000 	C:\Windows\System32\KERNELBASE.dll
0x00007ffe6f110000 - 0x00007ffe6f221000 	C:\Windows\System32\ucrtbase.dll
0x00007ffe429d0000 - 0x00007ffe429e8000 	c:\Users\Rajesh\.vscode\extensions\redhat.java-1.42.0-win32-x64\jre\21.0.7-win32-x86_64\bin\jli.dll
0x00007ffe701e0000 - 0x00007ffe7038f000 	C:\Windows\System32\USER32.dll
0x00007ffe31e70000 - 0x00007ffe31e8e000 	c:\Users\Rajesh\.vscode\extensions\redhat.java-1.42.0-win32-x64\jre\21.0.7-win32-x86_64\bin\VCRUNTIME140.dll
0x00007ffe6f560000 - 0x00007ffe6f586000 	C:\Windows\System32\win32u.dll
0x00007ffe70e10000 - 0x00007ffe70e39000 	C:\Windows\System32\GDI32.dll
0x00007ffe6f2d0000 - 0x00007ffe6f3e8000 	C:\Windows\System32\gdi32full.dll
0x00007ffe6de10000 - 0x00007ffe6e0a3000 	C:\Windows\WinSxS\amd64_microsoft.windows.common-controls_6595b64144ccf1df_6.0.22621.3672_none_2713b9d173822955\COMCTL32.dll
0x00007ffe6f230000 - 0x00007ffe6f2ca000 	C:\Windows\System32\msvcp_win.dll
0x00007ffe70ca0000 - 0x00007ffe70d47000 	C:\Windows\System32\msvcrt.dll
0x00007ffe70530000 - 0x00007ffe70561000 	C:\Windows\System32\IMM32.DLL
0x00007ffe68f60000 - 0x00007ffe68f6c000 	c:\Users\Rajesh\.vscode\extensions\redhat.java-1.42.0-win32-x64\jre\21.0.7-win32-x86_64\bin\vcruntime140_1.dll
0x00007ffdf9000000 - 0x00007ffdf908d000 	c:\Users\Rajesh\.vscode\extensions\redhat.java-1.42.0-win32-x64\jre\21.0.7-win32-x86_64\bin\msvcp140.dll
0x00007ffded130000 - 0x00007ffdedec0000 	c:\Users\Rajesh\.vscode\extensions\redhat.java-1.42.0-win32-x64\jre\21.0.7-win32-x86_64\bin\server\jvm.dll
0x00007ffe70d50000 - 0x00007ffe70e02000 	C:\Windows\System32\ADVAPI32.dll
0x00007ffe70570000 - 0x00007ffe70618000 	C:\Windows\System32\sechost.dll
0x00007ffe6f590000 - 0x00007ffe6f5b8000 	C:\Windows\System32\bcrypt.dll
0x00007ffe70410000 - 0x00007ffe70524000 	C:\Windows\System32\RPCRT4.dll
0x00007ffe70390000 - 0x00007ffe70401000 	C:\Windows\System32\WS2_32.dll
0x00007ffe6e6f0000 - 0x00007ffe6e73d000 	C:\Windows\SYSTEM32\POWRPROF.dll
0x00007ffe621f0000 - 0x00007ffe62224000 	C:\Windows\SYSTEM32\WINMM.dll
0x00007ffe6b1d0000 - 0x00007ffe6b1da000 	C:\Windows\SYSTEM32\VERSION.dll
0x00007ffe6e1a0000 - 0x00007ffe6e1b3000 	C:\Windows\SYSTEM32\UMPDC.dll
0x00007ffe6cd10000 - 0x00007ffe6cd28000 	C:\Windows\SYSTEM32\kernel.appcore.dll
0x00007ffe57ea0000 - 0x00007ffe57eaa000 	c:\Users\Rajesh\.vscode\extensions\redhat.java-1.42.0-win32-x64\jre\21.0.7-win32-x86_64\bin\jimage.dll
0x00007ffe6e4b0000 - 0x00007ffe6e6e2000 	C:\Windows\SYSTEM32\DBGHELP.DLL
0x00007ffe70910000 - 0x00007ffe70c9e000 	C:\Windows\System32\combase.dll
0x00007ffe715e0000 - 0x00007ffe716b7000 	C:\Windows\System32\OLEAUT32.dll
0x00007ffe6e3a0000 - 0x00007ffe6e3d2000 	C:\Windows\SYSTEM32\dbgcore.DLL
0x00007ffe6f090000 - 0x00007ffe6f10b000 	C:\Windows\System32\bcryptPrimitives.dll
0x00007ffe42000000 - 0x00007ffe4200f000 	c:\Users\Rajesh\.vscode\extensions\redhat.java-1.42.0-win32-x64\jre\21.0.7-win32-x86_64\bin\instrument.dll
0x00007ffe31e50000 - 0x00007ffe31e6f000 	c:\Users\Rajesh\.vscode\extensions\redhat.java-1.42.0-win32-x64\jre\21.0.7-win32-x86_64\bin\java.dll
0x00007ffe6f690000 - 0x00007ffe6fef9000 	C:\Windows\System32\SHELL32.dll
0x00007ffe6bbb0000 - 0x00007ffe6c4af000 	C:\Windows\SYSTEM32\windows.storage.dll
0x00007ffe6ba70000 - 0x00007ffe6bbaf000 	C:\Windows\SYSTEM32\wintypes.dll
0x00007ffe716c0000 - 0x00007ffe717b9000 	C:\Windows\System32\SHCORE.dll
0x00007ffe70130000 - 0x00007ffe7018e000 	C:\Windows\System32\shlwapi.dll
0x00007ffe6ead0000 - 0x00007ffe6eaf7000 	C:\Windows\SYSTEM32\profapi.dll
0x00007ffe1c840000 - 0x00007ffe1c858000 	c:\Users\Rajesh\.vscode\extensions\redhat.java-1.42.0-win32-x64\jre\21.0.7-win32-x86_64\bin\zip.dll
0x00007ffe351c0000 - 0x00007ffe351d0000 	C:\Users\Rajesh\.vscode\extensions\redhat.java-1.42.0-win32-x64\jre\21.0.7-win32-x86_64\bin\net.dll
0x00007ffe697f0000 - 0x00007ffe69926000 	C:\Windows\SYSTEM32\WINHTTP.dll
0x00007ffe6d130000 - 0x00007ffe6d199000 	C:\Windows\system32\mswsock.dll
0x00007ffe1c820000 - 0x00007ffe1c836000 	C:\Users\Rajesh\.vscode\extensions\redhat.java-1.42.0-win32-x64\jre\21.0.7-win32-x86_64\bin\nio.dll
0x00007ffe34ff0000 - 0x00007ffe35000000 	c:\Users\Rajesh\.vscode\extensions\redhat.java-1.42.0-win32-x64\jre\21.0.7-win32-x86_64\bin\verify.dll
0x00007ffdf8cf0000 - 0x00007ffdf8d35000 	C:\Users\Rajesh\AppData\Roaming\Code\User\globalStorage\redhat.java\1.42.0\config_ss_win\org.eclipse.equinox.launcher\org.eclipse.equinox.launcher.win32.win32.x86_64_1.2.1300.v20250331-1702\eclipse_11911.dll
0x00007ffe6ff10000 - 0x00007ffe700b5000 	C:\Windows\System32\ole32.dll
0x00007ffe6e840000 - 0x00007ffe6e85b000 	C:\Windows\SYSTEM32\CRYPTSP.dll
0x00007ffe6cc70000 - 0x00007ffe6cca5000 	C:\Windows\system32\rsaenh.dll
0x00007ffe6d1d0000 - 0x00007ffe6d1f8000 	C:\Windows\SYSTEM32\USERENV.dll
0x00007ffe6dcb0000 - 0x00007ffe6dcbc000 	C:\Windows\SYSTEM32\CRYPTBASE.dll
0x00007ffe6c7c0000 - 0x00007ffe6c7ed000 	C:\Windows\SYSTEM32\IPHLPAPI.DLL
0x00007ffe6ff00000 - 0x00007ffe6ff09000 	C:\Windows\System32\NSI.dll
0x00007ffdee0b0000 - 0x00007ffdee0f9000 	C:\Users\Rajesh\AppData\Local\Temp\jna--1854536801\jna11582654289160535056.dll
0x00007ffe700c0000 - 0x00007ffe700c8000 	C:\Windows\System32\PSAPI.DLL
0x00007ffe69790000 - 0x00007ffe697a9000 	C:\Windows\SYSTEM32\dhcpcsvc6.DLL
0x00007ffe69750000 - 0x00007ffe6976f000 	C:\Windows\SYSTEM32\dhcpcsvc.DLL

dbghelp: loaded successfully - version: 4.0.5 - missing functions: none
symbol engine: initialized successfully - sym options: 0x614 - pdb path: .;c:\Users\Rajesh\.vscode\extensions\redhat.java-1.42.0-win32-x64\jre\21.0.7-win32-x86_64\bin;C:\Windows\SYSTEM32;C:\Windows\WinSxS\amd64_microsoft.windows.common-controls_6595b64144ccf1df_6.0.22621.3672_none_2713b9d173822955;c:\Users\Rajesh\.vscode\extensions\redhat.java-1.42.0-win32-x64\jre\21.0.7-win32-x86_64\bin\server;C:\Users\Rajesh\AppData\Roaming\Code\User\globalStorage\redhat.java\1.42.0\config_ss_win\org.eclipse.equinox.launcher\org.eclipse.equinox.launcher.win32.win32.x86_64_1.2.1300.v20250331-1702;C:\Users\Rajesh\AppData\Local\Temp\jna--1854536801

VM Arguments:
jvm_args: --add-modules=ALL-SYSTEM --add-opens=java.base/java.util=ALL-UNNAMED --add-opens=java.base/java.lang=ALL-UNNAMED --add-opens=java.base/sun.nio.fs=ALL-UNNAMED -Declipse.application=org.eclipse.jdt.ls.core.id1 -Dosgi.bundles.defaultStartLevel=4 -Declipse.product=org.eclipse.jdt.ls.core.product -Djava.import.generatesMetadataFilesAtProjectRoot=false -DDetectVMInstallationsJob.disabled=true -Dfile.encoding=utf8 -XX:+UseParallelGC -XX:GCTimeRatio=4 -XX:AdaptiveSizePolicyWeight=90 -Dsun.zip.disableMemoryMapping=true -Xmx1G -Xms100m -Xlog:disable -javaagent:c:\Users\Rajesh\.vscode\extensions\redhat.java-1.42.0-win32-x64\lombok\lombok-1.18.36.jar 
java_command: c:\Users\Rajesh\.vscode\extensions\redhat.java-1.42.0-win32-x64\server\plugins\org.eclipse.equinox.launcher_1.7.0.v20250424-1814.jar -configuration c:\Users\Rajesh\AppData\Roaming\Code\User\globalStorage\redhat.java\1.42.0\config_ss_win -data c:\Users\Rajesh\AppData\Roaming\Code\User\workspaceStorage\c29aa8bb4839d2f3d03f6326ebb57fc2\redhat.java\ss_ws --pipe=\\.\pipe\lsp-f9958773b08487fc3c13b98f4d54bdfb-sock
java_class_path (initial): c:\Users\Rajesh\.vscode\extensions\redhat.java-1.42.0-win32-x64\server\plugins\org.eclipse.equinox.launcher_1.7.0.v20250424-1814.jar
Launcher Type: SUN_STANDARD

[Global flags]
    uintx AdaptiveSizePolicyWeight                 = 90                                        {product} {command line}
     intx CICompilerCount                          = 15                                        {product} {ergonomic}
    uintx GCTimeRatio                              = 4                                         {product} {command line}
   size_t InitialHeapSize                          = 104857600                                 {product} {command line}
   size_t MaxHeapSize                              = 1073741824                                {product} {command line}
   size_t MaxNewSize                               = 357564416                                 {product} {ergonomic}
   size_t MinHeapDeltaBytes                        = 524288                                    {product} {ergonomic}
   size_t MinHeapSize                              = 104857600                                 {product} {command line}
   size_t NewSize                                  = 34603008                                  {product} {ergonomic}
    uintx NonNMethodCodeHeapSize                   = 8192380                                {pd product} {ergonomic}
    uintx NonProfiledCodeHeapSize                  = 121732930                              {pd product} {ergonomic}
   size_t OldSize                                  = 70254592                                  {product} {ergonomic}
    uintx ProfiledCodeHeapSize                     = 121732930                              {pd product} {ergonomic}
    uintx ReservedCodeCacheSize                    = 251658240                              {pd product} {ergonomic}
     bool SegmentedCodeCache                       = true                                      {product} {ergonomic}
   size_t SoftMaxHeapSize                          = 1073741824                             {manageable} {ergonomic}
     bool UseCompressedOops                        = true                           {product lp64_product} {ergonomic}
     bool UseLargePagesIndividualAllocation        = false                                  {pd product} {ergonomic}
     bool UseParallelGC                            = true                                      {product} {command line}

Logging:
Log output configuration:
 #0: stdout all=off uptime,level,tags foldmultilines=false
 #1: stderr all=off uptime,level,tags foldmultilines=false

Environment Variables:
JAVA_HOME=C:\Program Files\Java\jdk-24
PATH=C:\app\Rajesh\product\23ai\dbhomeFree\bin;C:\Program Files\Common Files\Oracle\Java\javapath;C:\Windows\system32;C:\Windows;C:\Windows\System32\Wbem;C:\Windows\System32\WindowsPowerShell\v1.0\;C:\Windows\System32\OpenSSH\;C:\Program Files\Java\jdk-24\bin;C:\Program Files\nodejs\;C:\Users\Rajesh\AppData\Roaming\npm;C:\Program Files\apache-maven-3.9.9\bin;C:\Users\Rajesh\AppData\Local\Microsoft\WindowsApps;C:\Users\Rajesh\AppData\Roaming\npm;C:\Users\Rajesh\AppData\Local\Programs\Microsoft VS Code\bin;C:\Program Files\nodejs\;C:\Program Files\Java\jdk-24\bin;C:\Program Files\apache-maven-3.9.9\bin;
USERNAME=Rajesh
OS=Windows_NT
PROCESSOR_IDENTIFIER=Intel64 Family 6 Model 183 Stepping 1, GenuineIntel
TMP=C:\Users\Rajesh\AppData\Local\Temp
TEMP=C:\Users\Rajesh\AppData\Local\Temp




Periodic native trim disabled

---------------  S Y S T E M  ---------------

OS:
 Windows 11 , 64 bit Build 22621 (10.0.22621.3958)
OS uptime: 0 days 0:03 hours
Hyper-V role detected

CPU: total 32 (initial active 32) (16 cores per cpu, 2 threads per core) family 6 model 183 stepping 1 microcode 0x115, cx8, cmov, fxsr, ht, mmx, 3dnowpref, sse, sse2, sse3, ssse3, sse4.1, sse4.2, popcnt, lzcnt, tsc, tscinvbit, avx, avx2, aes, erms, clmul, bmi1, bmi2, adx, sha, fma, vzeroupper, clflush, clflushopt, clwb, hv, serialize, rdtscp, rdpid, fsrm, f16c, cet_ibt, cet_ss
Processor Information for the first 32 processors :
  Max Mhz: 3200, Current Mhz: 3200, Mhz Limit: 3200

Memory: 4k page, system-wide physical 32508M (23665M free)
TotalPageFile size 37372M (AvailPageFile size 26824M)
current process WorkingSet (physical memory assigned to process): 227M, peak: 236M
current process commit charge ("private bytes"): 354M, peak: 363M

vm_info: OpenJDK 64-Bit Server VM (21.0.7+6-LTS) for windows-amd64 JRE (21.0.7+6-LTS), built on 2025-04-15T00:00:00Z by "admin" with MS VC++ 17.7 (VS2022)

END.
